{"/home/kylian/Documents/my/API_BackOffice/app.ts": {"path":"/home/kylian/Documents/my/API_BackOffice/app.ts","statementMap":{"0":{"start":{"line":1,"column":0},"end":{"line":1,"column":62}},"1":{"start":{"line":2,"column":0},"end":{"line":2,"column":28}},"2":{"start":{"line":3,"column":0},"end":{"line":3,"column":37}},"3":{"start":{"line":4,"column":0},"end":{"line":4,"column":24}},"4":{"start":{"line":5,"column":0},"end":{"line":5,"column":null}},"5":{"start":{"line":11,"column":0},"end":{"line":11,"column":60}},"6":{"start":{"line":12,"column":0},"end":{"line":12,"column":60}},"7":{"start":{"line":13,"column":0},"end":{"line":13,"column":56}},"8":{"start":{"line":14,"column":0},"end":{"line":14,"column":56}},"9":{"start":{"line":15,"column":0},"end":{"line":15,"column":60}},"10":{"start":{"line":17,"column":0},"end":{"line":17,"column":16}},"11":{"start":{"line":18,"column":12},"end":{"line":18,"column":21}},"12":{"start":{"line":19,"column":0},"end":{"line":19,"column":51}},"13":{"start":{"line":20,"column":0},"end":{"line":20,"column":27}},"14":{"start":{"line":21,"column":0},"end":{"line":21,"column":16}},"15":{"start":{"line":23,"column":0},"end":{"line":30,"column":2}},"16":{"start":{"line":31,"column":0},"end":{"line":31,"column":79}},"17":{"start":{"line":33,"column":0},"end":{"line":33,"column":19}}},"fnMap":{},"branchMap":{},"s":{"0":9,"1":9,"2":9,"3":9,"4":9,"5":9,"6":9,"7":9,"8":9,"9":9,"10":9,"11":9,"12":9,"13":9,"14":9,"15":9,"16":9,"17":9},"f":{},"b":{}}
,"/home/kylian/Documents/my/API_BackOffice/Function/Response/responseArticle.ts": {"path":"/home/kylian/Documents/my/API_BackOffice/Function/Response/responseArticle.ts","statementMap":{"0":{"start":{"line":2,"column":0},"end":{"line":2,"column":48}},"1":{"start":{"line":6,"column":2},"end":{"line":11,"column":5}},"2":{"start":{"line":5,"column":0},"end":{"line":5,"column":16}},"3":{"start":{"line":15,"column":2},"end":{"line":20,"column":5}},"4":{"start":{"line":14,"column":0},"end":{"line":14,"column":16}},"5":{"start":{"line":24,"column":2},"end":{"line":27,"column":5}},"6":{"start":{"line":23,"column":0},"end":{"line":23,"column":16}},"7":{"start":{"line":31,"column":2},"end":{"line":36,"column":5}},"8":{"start":{"line":30,"column":0},"end":{"line":30,"column":16}},"9":{"start":{"line":40,"column":2},"end":{"line":45,"column":5}},"10":{"start":{"line":39,"column":0},"end":{"line":39,"column":16}},"11":{"start":{"line":49,"column":2},"end":{"line":52,"column":5}},"12":{"start":{"line":48,"column":0},"end":{"line":48,"column":16}},"13":{"start":{"line":56,"column":2},"end":{"line":61,"column":5}},"14":{"start":{"line":55,"column":0},"end":{"line":55,"column":16}},"15":{"start":{"line":65,"column":2},"end":{"line":69,"column":5}},"16":{"start":{"line":64,"column":0},"end":{"line":64,"column":16}},"17":{"start":{"line":73,"column":2},"end":{"line":78,"column":5}},"18":{"start":{"line":72,"column":0},"end":{"line":72,"column":16}}},"fnMap":{"0":{"name":"responseArticle","decl":{"start":{"line":5,"column":16},"end":{"line":5,"column":31}},"loc":{"start":{"line":5,"column":45},"end":{"line":12,"column":1}}},"1":{"name":"ResponseErrorNotFoundArticle","decl":{"start":{"line":14,"column":16},"end":{"line":14,"column":44}},"loc":{"start":{"line":14,"column":58},"end":{"line":21,"column":1}}},"2":{"name":"ResponseErrorCantDeleteArticle","decl":{"start":{"line":23,"column":16},"end":{"line":23,"column":46}},"loc":{"start":{"line":23,"column":60},"end":{"line":28,"column":1}}},"3":{"name":"ResponseErrorCreateArticle","decl":{"start":{"line":30,"column":16},"end":{"line":30,"column":42}},"loc":{"start":{"line":30,"column":56},"end":{"line":37,"column":1}}},"4":{"name":"ResponseErrorSearchingArticle","decl":{"start":{"line":39,"column":16},"end":{"line":39,"column":45}},"loc":{"start":{"line":39,"column":59},"end":{"line":46,"column":1}}},"5":{"name":"responseArticleNotFound","decl":{"start":{"line":48,"column":16},"end":{"line":48,"column":39}},"loc":{"start":{"line":48,"column":53},"end":{"line":53,"column":1}}},"6":{"name":"responseErrorUpdateArticle","decl":{"start":{"line":55,"column":16},"end":{"line":55,"column":42}},"loc":{"start":{"line":55,"column":56},"end":{"line":62,"column":1}}},"7":{"name":"responseErrorPagination","decl":{"start":{"line":64,"column":16},"end":{"line":64,"column":39}},"loc":{"start":{"line":64,"column":53},"end":{"line":70,"column":1}}},"8":{"name":"responseErrorCountArticle","decl":{"start":{"line":72,"column":16},"end":{"line":72,"column":41}},"loc":{"start":{"line":72,"column":55},"end":{"line":79,"column":1}}}},"branchMap":{},"s":{"0":9,"1":0,"2":9,"3":0,"4":9,"5":0,"6":9,"7":0,"8":9,"9":0,"10":9,"11":0,"12":9,"13":0,"14":9,"15":0,"16":9,"17":0,"18":9},"f":{"0":0,"1":0,"2":0,"3":0,"4":0,"5":0,"6":0,"7":0,"8":0},"b":{}}
,"/home/kylian/Documents/my/API_BackOffice/Function/Response/responseOk.ts": {"path":"/home/kylian/Documents/my/API_BackOffice/Function/Response/responseOk.ts","statementMap":{"0":{"start":{"line":2,"column":0},"end":{"line":2,"column":63}},"1":{"start":{"line":5,"column":2},"end":{"line":8,"column":5}},"2":{"start":{"line":4,"column":0},"end":{"line":4,"column":16}}},"fnMap":{"0":{"name":"responseOK","decl":{"start":{"line":4,"column":16},"end":{"line":4,"column":26}},"loc":{"start":{"line":4,"column":40},"end":{"line":9,"column":1}}}},"branchMap":{},"s":{"0":9,"1":5,"2":9},"f":{"0":5},"b":{}}
,"/home/kylian/Documents/my/API_BackOffice/Function/Response/responseToken.ts": {"path":"/home/kylian/Documents/my/API_BackOffice/Function/Response/responseToken.ts","statementMap":{"0":{"start":{"line":2,"column":0},"end":{"line":2,"column":48}},"1":{"start":{"line":5,"column":2},"end":{"line":8,"column":5}},"2":{"start":{"line":4,"column":0},"end":{"line":4,"column":16}},"3":{"start":{"line":12,"column":2},"end":{"line":15,"column":5}},"4":{"start":{"line":11,"column":0},"end":{"line":11,"column":16}},"5":{"start":{"line":19,"column":2},"end":{"line":22,"column":5}},"6":{"start":{"line":18,"column":0},"end":{"line":18,"column":16}}},"fnMap":{"0":{"name":"responseTokenNotFound","decl":{"start":{"line":4,"column":16},"end":{"line":4,"column":37}},"loc":{"start":{"line":4,"column":51},"end":{"line":9,"column":1}}},"1":{"name":"responseTokenExpired","decl":{"start":{"line":11,"column":16},"end":{"line":11,"column":36}},"loc":{"start":{"line":11,"column":50},"end":{"line":16,"column":1}}},"2":{"name":"responseTokenInvalid","decl":{"start":{"line":18,"column":16},"end":{"line":18,"column":36}},"loc":{"start":{"line":18,"column":50},"end":{"line":23,"column":1}}}},"branchMap":{},"s":{"0":9,"1":6,"2":9,"3":7,"4":9,"5":0,"6":9},"f":{"0":6,"1":7,"2":0},"b":{}}
,"/home/kylian/Documents/my/API_BackOffice/Function/Response/responseUser.ts": {"path":"/home/kylian/Documents/my/API_BackOffice/Function/Response/responseUser.ts","statementMap":{"0":{"start":{"line":2,"column":0},"end":{"line":2,"column":48}},"1":{"start":{"line":5,"column":2},"end":{"line":8,"column":5}},"2":{"start":{"line":4,"column":0},"end":{"line":4,"column":16}},"3":{"start":{"line":12,"column":2},"end":{"line":15,"column":5}},"4":{"start":{"line":11,"column":0},"end":{"line":11,"column":16}},"5":{"start":{"line":19,"column":2},"end":{"line":23,"column":5}},"6":{"start":{"line":18,"column":0},"end":{"line":18,"column":16}},"7":{"start":{"line":27,"column":2},"end":{"line":31,"column":5}},"8":{"start":{"line":26,"column":0},"end":{"line":26,"column":16}},"9":{"start":{"line":35,"column":2},"end":{"line":38,"column":5}},"10":{"start":{"line":34,"column":0},"end":{"line":34,"column":16}},"11":{"start":{"line":42,"column":2},"end":{"line":47,"column":5}},"12":{"start":{"line":41,"column":0},"end":{"line":41,"column":16}},"13":{"start":{"line":51,"column":2},"end":{"line":56,"column":5}},"14":{"start":{"line":50,"column":0},"end":{"line":50,"column":16}},"15":{"start":{"line":60,"column":2},"end":{"line":65,"column":5}},"16":{"start":{"line":59,"column":0},"end":{"line":59,"column":16}},"17":{"start":{"line":69,"column":2},"end":{"line":74,"column":5}},"18":{"start":{"line":68,"column":0},"end":{"line":68,"column":16}},"19":{"start":{"line":78,"column":2},"end":{"line":83,"column":5}},"20":{"start":{"line":77,"column":0},"end":{"line":77,"column":16}}},"fnMap":{"0":{"name":"responseBadPassword","decl":{"start":{"line":4,"column":16},"end":{"line":4,"column":35}},"loc":{"start":{"line":4,"column":49},"end":{"line":9,"column":1}}},"1":{"name":"responseUserNotFound","decl":{"start":{"line":11,"column":16},"end":{"line":11,"column":36}},"loc":{"start":{"line":11,"column":50},"end":{"line":16,"column":1}}},"2":{"name":"responseErrorWhileGeneratingToken","decl":{"start":{"line":18,"column":16},"end":{"line":18,"column":49}},"loc":{"start":{"line":18,"column":63},"end":{"line":24,"column":1}}},"3":{"name":"responseErrorWhileHashingToken","decl":{"start":{"line":26,"column":16},"end":{"line":26,"column":46}},"loc":{"start":{"line":26,"column":60},"end":{"line":32,"column":1}}},"4":{"name":"responseEmailAlreadyExist","decl":{"start":{"line":34,"column":16},"end":{"line":34,"column":41}},"loc":{"start":{"line":34,"column":55},"end":{"line":39,"column":1}}},"5":{"name":"responseDeleteNotYourAccount","decl":{"start":{"line":41,"column":16},"end":{"line":41,"column":44}},"loc":{"start":{"line":41,"column":58},"end":{"line":48,"column":1}}},"6":{"name":"responseErrorDeletingAccount","decl":{"start":{"line":50,"column":16},"end":{"line":50,"column":44}},"loc":{"start":{"line":50,"column":58},"end":{"line":57,"column":1}}},"7":{"name":"responseErrorSearchingAccount","decl":{"start":{"line":59,"column":16},"end":{"line":59,"column":45}},"loc":{"start":{"line":59,"column":59},"end":{"line":66,"column":1}}},"8":{"name":"responseErrorAddingAccount","decl":{"start":{"line":68,"column":16},"end":{"line":68,"column":42}},"loc":{"start":{"line":68,"column":56},"end":{"line":75,"column":1}}},"9":{"name":"responseErrorChangePassword","decl":{"start":{"line":77,"column":16},"end":{"line":77,"column":43}},"loc":{"start":{"line":77,"column":57},"end":{"line":84,"column":1}}}},"branchMap":{},"s":{"0":9,"1":2,"2":9,"3":0,"4":9,"5":0,"6":9,"7":0,"8":9,"9":1,"10":9,"11":1,"12":9,"13":0,"14":9,"15":0,"16":9,"17":0,"18":9,"19":0,"20":9},"f":{"0":2,"1":0,"2":0,"3":0,"4":1,"5":1,"6":0,"7":0,"8":0,"9":0},"b":{}}
,"/home/kylian/Documents/my/API_BackOffice/Function/Utils/createRoutes.ts": {"path":"/home/kylian/Documents/my/API_BackOffice/Function/Utils/createRoutes.ts","statementMap":{"0":{"start":{"line":1,"column":0},"end":{"line":1,"column":42}},"1":{"start":{"line":2,"column":0},"end":{"line":2,"column":53}},"2":{"start":{"line":5,"column":22},"end":{"line":5,"column":38}},"3":{"start":{"line":6,"column":2},"end":{"line":8,"column":null}},"4":{"start":{"line":7,"column":4},"end":{"line":7,"column":null}},"5":{"start":{"line":9,"column":2},"end":{"line":9,"column":null}},"6":{"start":{"line":26,"column":2},"end":{"line":26,"column":23}},"7":{"start":{"line":13,"column":2},"end":{"line":22,"column":null}},"8":{"start":{"line":14,"column":19},"end":{"line":14,"column":40}},"9":{"start":{"line":15,"column":4},"end":{"line":21,"column":null}},"10":{"start":{"line":16,"column":6},"end":{"line":16,"column":null}},"11":{"start":{"line":17,"column":6},"end":{"line":17,"column":12}},"12":{"start":{"line":20,"column":6},"end":{"line":20,"column":null}},"13":{"start":{"line":27,"column":2},"end":{"line":27,"column":16}}},"fnMap":{"0":{"name":"createRouteFromRoutes","decl":{"start":{"line":4,"column":9},"end":{"line":4,"column":30}},"loc":{"start":{"line":4,"column":44},"end":{"line":10,"column":1}}},"1":{"name":"checkValidator","decl":{"start":{"line":12,"column":9},"end":{"line":12,"column":23}},"loc":{"start":{"line":12,"column":23},"end":{"line":23,"column":1}}},"2":{"name":"(anonymous_3)","decl":{"start":{"line":13,"column":9},"end":{"line":13,"column":10}},"loc":{"start":{"line":13,"column":43},"end":{"line":22,"column":3}}}},"branchMap":{"0":{"loc":{"start":{"line":15,"column":4},"end":{"line":21,"column":null}},"type":"if","locations":[{"start":{"line":15,"column":4},"end":{"line":21,"column":null}},{"start":{"line":19,"column":9},"end":{"line":21,"column":null}}]}},"s":{"0":9,"1":9,"2":81,"3":81,"4":81,"5":81,"6":9,"7":81,"8":45,"9":45,"10":16,"11":16,"12":29,"13":9},"f":{"0":81,"1":81,"2":45},"b":{"0":[16,29]}}
,"/home/kylian/Documents/my/API_BackOffice/Function/Utils/database.ts": {"path":"/home/kylian/Documents/my/API_BackOffice/Function/Utils/database.ts","statementMap":{"0":{"start":{"line":1,"column":0},"end":{"line":1,"column":28}},"1":{"start":{"line":2,"column":0},"end":{"line":2,"column":16}},"2":{"start":{"line":4,"column":17},"end":{"line":4,"column":30}},"3":{"start":{"line":6,"column":13},"end":{"line":12,"column":2}},"4":{"start":{"line":14,"column":9},"end":{"line":14,"column":13}}},"fnMap":{},"branchMap":{},"s":{"0":9,"1":9,"2":9,"3":9,"4":9},"f":{},"b":{}}
,"/home/kylian/Documents/my/API_BackOffice/Function/Utils/generateToken.ts": {"path":"/home/kylian/Documents/my/API_BackOffice/Function/Utils/generateToken.ts","statementMap":{"0":{"start":{"line":2,"column":12},"end":{"line":2,"column":35}},"1":{"start":{"line":5,"column":2},"end":{"line":7,"column":5}},"2":{"start":{"line":4,"column":0},"end":{"line":4,"column":16}},"3":{"start":{"line":11,"column":2},"end":{"line":13,"column":5}},"4":{"start":{"line":10,"column":0},"end":{"line":10,"column":16}},"5":{"start":{"line":18,"column":20},"end":{"line":18,"column":75}},"6":{"start":{"line":19,"column":21},"end":{"line":19,"column":77}},"7":{"start":{"line":21,"column":2},"end":{"line":26,"column":null}},"8":{"start":{"line":17,"column":0},"end":{"line":17,"column":16}},"9":{"start":{"line":30,"column":20},"end":{"line":30,"column":75}},"10":{"start":{"line":32,"column":2},"end":{"line":36,"column":null}},"11":{"start":{"line":29,"column":0},"end":{"line":29,"column":16}}},"fnMap":{"0":{"name":"generateAccessToken","decl":{"start":{"line":4,"column":16},"end":{"line":4,"column":35}},"loc":{"start":{"line":4,"column":49},"end":{"line":8,"column":1}}},"1":{"name":"generateRefreshToken","decl":{"start":{"line":10,"column":16},"end":{"line":10,"column":36}},"loc":{"start":{"line":10,"column":50},"end":{"line":14,"column":1}}},"2":{"name":"generateRefreshAcccesTokens","decl":{"start":{"line":17,"column":16},"end":{"line":17,"column":43}},"loc":{"start":{"line":17,"column":53},"end":{"line":27,"column":1}}},"3":{"name":"generateAccesToken","decl":{"start":{"line":29,"column":16},"end":{"line":29,"column":34}},"loc":{"start":{"line":29,"column":44},"end":{"line":37,"column":1}}}},"branchMap":{},"s":{"0":9,"1":4,"2":9,"3":3,"4":9,"5":3,"6":3,"7":3,"8":9,"9":1,"10":1,"11":9},"f":{"0":4,"1":3,"2":3,"3":1},"b":{}}
,"/home/kylian/Documents/my/API_BackOffice/Function/Utils/simpleCondition.ts": {"path":"/home/kylian/Documents/my/API_BackOffice/Function/Utils/simpleCondition.ts","statementMap":{"0":{"start":{"line":3,"column":2},"end":{"line":5,"column":null}},"1":{"start":{"line":4,"column":4},"end":{"line":4,"column":null}},"2":{"start":{"line":6,"column":2},"end":{"line":6,"column":null}},"3":{"start":{"line":2,"column":0},"end":{"line":2,"column":16}}},"fnMap":{"0":{"name":"rowIsVoid","decl":{"start":{"line":2,"column":16},"end":{"line":2,"column":25}},"loc":{"start":{"line":2,"column":35},"end":{"line":7,"column":1}}}},"branchMap":{"0":{"loc":{"start":{"line":3,"column":2},"end":{"line":5,"column":null}},"type":"if","locations":[{"start":{"line":3,"column":2},"end":{"line":5,"column":null}}]}},"s":{"0":11,"1":2,"2":9,"3":9},"f":{"0":11},"b":{"0":[2]}}
,"/home/kylian/Documents/my/API_BackOffice/Function/Utils/verifToken.ts": {"path":"/home/kylian/Documents/my/API_BackOffice/Function/Utils/verifToken.ts","statementMap":{"0":{"start":{"line":2,"column":0},"end":{"line":2,"column":28}},"1":{"start":{"line":4,"column":0},"end":{"line":4,"column":null}},"2":{"start":{"line":10,"column":12},"end":{"line":10,"column":35}},"3":{"start":{"line":11,"column":0},"end":{"line":11,"column":16}},"4":{"start":{"line":17,"column":2},"end":{"line":40,"column":null}},"5":{"start":{"line":18,"column":4},"end":{"line":31,"column":null}},"6":{"start":{"line":19,"column":18},"end":{"line":19,"column":42}},"7":{"start":{"line":20,"column":6},"end":{"line":27,"column":null}},"8":{"start":{"line":20,"column":32},"end":{"line":20,"column":65}},"9":{"start":{"line":22,"column":8},"end":{"line":22,"column":73}},"10":{"start":{"line":23,"column":29},"end":{"line":25,"column":10}},"11":{"start":{"line":26,"column":8},"end":{"line":26,"column":44}},"12":{"start":{"line":29,"column":6},"end":{"line":29,"column":33}},"13":{"start":{"line":30,"column":6},"end":{"line":30,"column":36}},"14":{"start":{"line":33,"column":4},"end":{"line":39,"column":null}},"15":{"start":{"line":34,"column":6},"end":{"line":34,"column":32}},"16":{"start":{"line":35,"column":6},"end":{"line":35,"column":36}},"17":{"start":{"line":37,"column":6},"end":{"line":37,"column":32}},"18":{"start":{"line":38,"column":6},"end":{"line":38,"column":36}},"19":{"start":{"line":13,"column":0},"end":{"line":13,"column":22}},"20":{"start":{"line":47,"column":2},"end":{"line":70,"column":null}},"21":{"start":{"line":48,"column":4},"end":{"line":61,"column":null}},"22":{"start":{"line":49,"column":18},"end":{"line":49,"column":42}},"23":{"start":{"line":50,"column":6},"end":{"line":57,"column":null}},"24":{"start":{"line":50,"column":32},"end":{"line":50,"column":65}},"25":{"start":{"line":52,"column":8},"end":{"line":52,"column":62}},"26":{"start":{"line":53,"column":29},"end":{"line":55,"column":10}},"27":{"start":{"line":56,"column":8},"end":{"line":56,"column":44}},"28":{"start":{"line":59,"column":6},"end":{"line":59,"column":33}},"29":{"start":{"line":60,"column":6},"end":{"line":60,"column":36}},"30":{"start":{"line":63,"column":4},"end":{"line":69,"column":null}},"31":{"start":{"line":64,"column":6},"end":{"line":64,"column":32}},"32":{"start":{"line":65,"column":6},"end":{"line":65,"column":36}},"33":{"start":{"line":67,"column":6},"end":{"line":67,"column":32}},"34":{"start":{"line":68,"column":6},"end":{"line":68,"column":36}},"35":{"start":{"line":43,"column":0},"end":{"line":43,"column":22}}},"fnMap":{"0":{"name":"verifRefreshToken","decl":{"start":{"line":13,"column":22},"end":{"line":13,"column":39}},"loc":{"start":{"line":15,"column":15},"end":{"line":41,"column":null}}},"1":{"name":"verifToken","decl":{"start":{"line":43,"column":22},"end":{"line":43,"column":32}},"loc":{"start":{"line":45,"column":15},"end":{"line":71,"column":null}}}},"branchMap":{"0":{"loc":{"start":{"line":18,"column":4},"end":{"line":31,"column":null}},"type":"if","locations":[{"start":{"line":18,"column":4},"end":{"line":31,"column":null}},{"start":{"line":28,"column":11},"end":{"line":31,"column":null}}]},"1":{"loc":{"start":{"line":20,"column":6},"end":{"line":27,"column":null}},"type":"if","locations":[{"start":{"line":20,"column":6},"end":{"line":27,"column":null}},{"start":{"line":21,"column":11},"end":{"line":27,"column":null}}]},"2":{"loc":{"start":{"line":33,"column":4},"end":{"line":39,"column":null}},"type":"if","locations":[{"start":{"line":33,"column":4},"end":{"line":39,"column":null}},{"start":{"line":36,"column":11},"end":{"line":39,"column":null}}]},"3":{"loc":{"start":{"line":48,"column":4},"end":{"line":61,"column":null}},"type":"if","locations":[{"start":{"line":48,"column":4},"end":{"line":61,"column":null}},{"start":{"line":58,"column":11},"end":{"line":61,"column":null}}]},"4":{"loc":{"start":{"line":50,"column":6},"end":{"line":57,"column":null}},"type":"if","locations":[{"start":{"line":50,"column":6},"end":{"line":57,"column":null}},{"start":{"line":51,"column":11},"end":{"line":57,"column":null}}]},"5":{"loc":{"start":{"line":63,"column":4},"end":{"line":69,"column":null}},"type":"if","locations":[{"start":{"line":63,"column":4},"end":{"line":69,"column":null}},{"start":{"line":66,"column":11},"end":{"line":69,"column":null}}]}},"s":{"0":9,"1":9,"2":9,"3":9,"4":0,"5":0,"6":0,"7":0,"8":0,"9":0,"10":0,"11":0,"12":0,"13":0,"14":0,"15":0,"16":0,"17":0,"18":0,"19":9,"20":24,"21":24,"22":18,"23":18,"24":0,"25":18,"26":11,"27":11,"28":6,"29":6,"30":7,"31":7,"32":7,"33":0,"34":0,"35":9},"f":{"0":0,"1":24},"b":{"0":[0,0],"1":[0,0],"2":[0,0],"3":[18,6],"4":[0,18],"5":[7,0]}}
,"/home/kylian/Documents/my/API_BackOffice/Function/checkParams/checkArticle.ts": {"path":"/home/kylian/Documents/my/API_BackOffice/Function/checkParams/checkArticle.ts","statementMap":{"0":{"start":{"line":3,"column":13},"end":{"line":10,"column":2}},"1":{"start":{"line":12,"column":13},"end":{"line":19,"column":2}},"2":{"start":{"line":21,"column":13},"end":{"line":28,"column":2}}},"fnMap":{},"branchMap":{},"s":{"0":9,"1":9,"2":9},"f":{},"b":{}}
,"/home/kylian/Documents/my/API_BackOffice/Function/checkParams/checkEmail.ts": {"path":"/home/kylian/Documents/my/API_BackOffice/Function/checkParams/checkEmail.ts","statementMap":{"0":{"start":{"line":3,"column":13},"end":{"line":14,"column":null}}},"fnMap":{},"branchMap":{},"s":{"0":9},"f":{},"b":{}}
,"/home/kylian/Documents/my/API_BackOffice/Function/checkParams/checkPassword.ts": {"path":"/home/kylian/Documents/my/API_BackOffice/Function/checkParams/checkPassword.ts","statementMap":{"0":{"start":{"line":3,"column":13},"end":{"line":16,"column":null}},"1":{"start":{"line":12,"column":6},"end":{"line":12,"column":null}}},"fnMap":{"0":{"name":"(anonymous_0)","decl":{"start":{"line":11,"column":13},"end":{"line":11,"column":14}},"loc":{"start":{"line":11,"column":31},"end":{"line":13,"column":5}}}},"branchMap":{},"s":{"0":9,"1":21},"f":{"0":21},"b":{}}
,"/home/kylian/Documents/my/API_BackOffice/Middlewares/Articles/createArticle.ts": {"path":"/home/kylian/Documents/my/API_BackOffice/Middlewares/Articles/createArticle.ts","statementMap":{"0":{"start":{"line":2,"column":0},"end":{"line":2,"column":63}},"1":{"start":{"line":3,"column":0},"end":{"line":3,"column":85}},"2":{"start":{"line":5,"column":0},"end":{"line":5,"column":53}},"3":{"start":{"line":6,"column":0},"end":{"line":6,"column":61}},"4":{"start":{"line":10,"column":2},"end":{"line":23,"column":4}},"5":{"start":{"line":13,"column":6},"end":{"line":21,"column":null}},"6":{"start":{"line":14,"column":8},"end":{"line":14,"column":40}},"7":{"start":{"line":16,"column":8},"end":{"line":20,"column":11}},"8":{"start":{"line":27,"column":13},"end":{"line":27,"column":28}},"9":{"start":{"line":28,"column":16},"end":{"line":28,"column":64}},"10":{"start":{"line":29,"column":14},"end":{"line":29,"column":39}},"11":{"start":{"line":30,"column":2},"end":{"line":39,"column":null}},"12":{"start":{"line":31,"column":29},"end":{"line":37,"column":6}},"13":{"start":{"line":38,"column":4},"end":{"line":38,"column":33}},"14":{"start":{"line":26,"column":0},"end":{"line":26,"column":22}}},"fnMap":{"0":{"name":"addArticleToDb","decl":{"start":{"line":9,"column":9},"end":{"line":9,"column":23}},"loc":{"start":{"line":9,"column":55},"end":{"line":24,"column":1}}},"1":{"name":"(anonymous_8)","decl":{"start":{"line":12,"column":4},"end":{"line":12,"column":5}},"loc":{"start":{"line":12,"column":19},"end":{"line":22,"column":5}}},"2":{"name":"createArticle","decl":{"start":{"line":26,"column":22},"end":{"line":26,"column":35}},"loc":{"start":{"line":26,"column":63},"end":{"line":40,"column":null}}}},"branchMap":{"0":{"loc":{"start":{"line":13,"column":6},"end":{"line":21,"column":null}},"type":"if","locations":[{"start":{"line":13,"column":6},"end":{"line":21,"column":null}},{"start":{"line":15,"column":13},"end":{"line":21,"column":null}}]},"1":{"loc":{"start":{"line":30,"column":2},"end":{"line":39,"column":null}},"type":"if","locations":[{"start":{"line":30,"column":2},"end":{"line":39,"column":null}}]}},"s":{"0":9,"1":9,"2":9,"3":9,"4":0,"5":0,"6":0,"7":0,"8":2,"9":2,"10":2,"11":2,"12":0,"13":0,"14":9},"f":{"0":0,"1":0,"2":2},"b":{"0":[0,0],"1":[0]}}
,"/home/kylian/Documents/my/API_BackOffice/Middlewares/Articles/deleteArticle.ts": {"path":"/home/kylian/Documents/my/API_BackOffice/Middlewares/Articles/deleteArticle.ts","statementMap":{"0":{"start":{"line":3,"column":0},"end":{"line":3,"column":null}},"1":{"start":{"line":9,"column":0},"end":{"line":9,"column":64}},"2":{"start":{"line":10,"column":0},"end":{"line":10,"column":53}},"3":{"start":{"line":11,"column":0},"end":{"line":11,"column":65}},"4":{"start":{"line":12,"column":0},"end":{"line":12,"column":61}},"5":{"start":{"line":16,"column":2},"end":{"line":29,"column":4}},"6":{"start":{"line":19,"column":6},"end":{"line":27,"column":null}},"7":{"start":{"line":20,"column":8},"end":{"line":20,"column":43}},"8":{"start":{"line":22,"column":8},"end":{"line":26,"column":null}},"9":{"start":{"line":23,"column":10},"end":{"line":23,"column":44}},"10":{"start":{"line":25,"column":10},"end":{"line":25,"column":37}},"11":{"start":{"line":33,"column":2},"end":{"line":42,"column":4}},"12":{"start":{"line":36,"column":6},"end":{"line":40,"column":null}},"13":{"start":{"line":37,"column":8},"end":{"line":37,"column":44}},"14":{"start":{"line":39,"column":8},"end":{"line":39,"column":24}},"15":{"start":{"line":46,"column":16},"end":{"line":46,"column":64}},"16":{"start":{"line":47,"column":14},"end":{"line":47,"column":39}},"17":{"start":{"line":48,"column":2},"end":{"line":50,"column":null}},"18":{"start":{"line":49,"column":4},"end":{"line":49,"column":57}},"19":{"start":{"line":45,"column":0},"end":{"line":45,"column":22}}},"fnMap":{"0":{"name":"checkArticleToDb","decl":{"start":{"line":15,"column":9},"end":{"line":15,"column":25}},"loc":{"start":{"line":15,"column":68},"end":{"line":30,"column":1}}},"1":{"name":"(anonymous_8)","decl":{"start":{"line":18,"column":4},"end":{"line":18,"column":5}},"loc":{"start":{"line":18,"column":43},"end":{"line":28,"column":5}}},"2":{"name":"deleteArticleToDb","decl":{"start":{"line":32,"column":9},"end":{"line":32,"column":26}},"loc":{"start":{"line":32,"column":52},"end":{"line":43,"column":1}}},"3":{"name":"(anonymous_10)","decl":{"start":{"line":35,"column":4},"end":{"line":35,"column":5}},"loc":{"start":{"line":35,"column":19},"end":{"line":41,"column":5}}},"4":{"name":"deleteArticle","decl":{"start":{"line":45,"column":22},"end":{"line":45,"column":35}},"loc":{"start":{"line":45,"column":63},"end":{"line":52,"column":null}}}},"branchMap":{"0":{"loc":{"start":{"line":19,"column":6},"end":{"line":27,"column":null}},"type":"if","locations":[{"start":{"line":19,"column":6},"end":{"line":27,"column":null}},{"start":{"line":21,"column":13},"end":{"line":27,"column":null}}]},"1":{"loc":{"start":{"line":22,"column":8},"end":{"line":26,"column":null}},"type":"if","locations":[{"start":{"line":22,"column":8},"end":{"line":26,"column":null}},{"start":{"line":24,"column":15},"end":{"line":26,"column":null}}]},"2":{"loc":{"start":{"line":36,"column":6},"end":{"line":40,"column":null}},"type":"if","locations":[{"start":{"line":36,"column":6},"end":{"line":40,"column":null}},{"start":{"line":38,"column":13},"end":{"line":40,"column":null}}]},"3":{"loc":{"start":{"line":48,"column":2},"end":{"line":50,"column":null}},"type":"if","locations":[{"start":{"line":48,"column":2},"end":{"line":50,"column":null}}]}},"s":{"0":9,"1":9,"2":9,"3":9,"4":9,"5":0,"6":0,"7":0,"8":0,"9":0,"10":0,"11":0,"12":0,"13":0,"14":0,"15":1,"16":1,"17":1,"18":0,"19":9},"f":{"0":0,"1":0,"2":0,"3":0,"4":1},"b":{"0":[0,0],"1":[0,0],"2":[0,0],"3":[0]}}
,"/home/kylian/Documents/my/API_BackOffice/Middlewares/Articles/getArticles.ts": {"path":"/home/kylian/Documents/my/API_BackOffice/Middlewares/Articles/getArticles.ts","statementMap":{"0":{"start":{"line":2,"column":0},"end":{"line":2,"column":63}},"1":{"start":{"line":3,"column":0},"end":{"line":3,"column":null}},"2":{"start":{"line":7,"column":0},"end":{"line":7,"column":53}},"3":{"start":{"line":8,"column":0},"end":{"line":8,"column":61}},"4":{"start":{"line":11,"column":18},"end":{"line":11,"column":20}},"5":{"start":{"line":13,"column":2},"end":{"line":25,"column":null}},"6":{"start":{"line":14,"column":4},"end":{"line":20,"column":null}},"7":{"start":{"line":18,"column":6},"end":{"line":18,"column":35}},"8":{"start":{"line":19,"column":6},"end":{"line":19,"column":13}},"9":{"start":{"line":21,"column":21},"end":{"line":21,"column":59}},"10":{"start":{"line":22,"column":4},"end":{"line":22,"column":96}},"11":{"start":{"line":24,"column":4},"end":{"line":24,"column":84}},"12":{"start":{"line":27,"column":2},"end":{"line":53,"column":4}},"13":{"start":{"line":29,"column":33},"end":{"line":52,"column":null}},"14":{"start":{"line":30,"column":6},"end":{"line":51,"column":9}},"15":{"start":{"line":31,"column":8},"end":{"line":50,"column":null}},"16":{"start":{"line":32,"column":10},"end":{"line":32,"column":41}},"17":{"start":{"line":34,"column":10},"end":{"line":35,"column":43}},"18":{"start":{"line":34,"column":23},"end":{"line":34,"column":24}},"19":{"start":{"line":35,"column":12},"end":{"line":35,"column":43}},"20":{"start":{"line":36,"column":10},"end":{"line":49,"column":13}},"21":{"start":{"line":10,"column":0},"end":{"line":10,"column":22}},"22":{"start":{"line":61,"column":18},"end":{"line":61,"column":20}},"23":{"start":{"line":63,"column":2},"end":{"line":75,"column":null}},"24":{"start":{"line":64,"column":4},"end":{"line":70,"column":null}},"25":{"start":{"line":68,"column":6},"end":{"line":68,"column":35}},"26":{"start":{"line":69,"column":6},"end":{"line":69,"column":13}},"27":{"start":{"line":71,"column":21},"end":{"line":71,"column":59}},"28":{"start":{"line":72,"column":4},"end":{"line":72,"column":161}},"29":{"start":{"line":74,"column":4},"end":{"line":74,"column":148}},"30":{"start":{"line":76,"column":2},"end":{"line":102,"column":4}},"31":{"start":{"line":78,"column":33},"end":{"line":101,"column":null}},"32":{"start":{"line":79,"column":6},"end":{"line":100,"column":9}},"33":{"start":{"line":80,"column":8},"end":{"line":99,"column":null}},"34":{"start":{"line":81,"column":10},"end":{"line":81,"column":41}},"35":{"start":{"line":83,"column":10},"end":{"line":84,"column":43}},"36":{"start":{"line":83,"column":23},"end":{"line":83,"column":24}},"37":{"start":{"line":84,"column":12},"end":{"line":84,"column":43}},"38":{"start":{"line":85,"column":10},"end":{"line":98,"column":13}},"39":{"start":{"line":56,"column":0},"end":{"line":56,"column":22}},"40":{"start":{"line":107,"column":16},"end":{"line":107,"column":64}},"41":{"start":{"line":108,"column":14},"end":{"line":108,"column":39}},"42":{"start":{"line":109,"column":2},"end":{"line":115,"column":null}},"43":{"start":{"line":110,"column":4},"end":{"line":114,"column":null}},"44":{"start":{"line":111,"column":6},"end":{"line":111,"column":60}},"45":{"start":{"line":113,"column":6},"end":{"line":113,"column":50}},"46":{"start":{"line":106,"column":0},"end":{"line":106,"column":22}}},"fnMap":{"0":{"name":"getArticlesToDb","decl":{"start":{"line":10,"column":22},"end":{"line":10,"column":37}},"loc":{"start":{"line":10,"column":77},"end":{"line":54,"column":null}}},"1":{"name":"(anonymous_9)","decl":{"start":{"line":29,"column":4},"end":{"line":29,"column":11}},"loc":{"start":{"line":29,"column":33},"end":{"line":52,"column":null}}},"2":{"name":"(anonymous_10)","decl":{"start":{"line":29,"column":33},"end":{"line":29,"column":null}},"loc":{"start":{"line":29,"column":33},"end":{"line":52,"column":5}}},"3":{"name":"(anonymous_11)","decl":{"start":{"line":30,"column":34},"end":{"line":30,"column":35}},"loc":{"start":{"line":30,"column":73},"end":{"line":51,"column":7}}},"4":{"name":"getArticlesToDbWithSearch","decl":{"start":{"line":56,"column":22},"end":{"line":56,"column":47}},"loc":{"start":{"line":59,"column":12},"end":{"line":103,"column":null}}},"5":{"name":"(anonymous_14)","decl":{"start":{"line":78,"column":4},"end":{"line":78,"column":11}},"loc":{"start":{"line":78,"column":33},"end":{"line":101,"column":null}}},"6":{"name":"(anonymous_15)","decl":{"start":{"line":78,"column":33},"end":{"line":78,"column":null}},"loc":{"start":{"line":78,"column":33},"end":{"line":101,"column":5}}},"7":{"name":"(anonymous_16)","decl":{"start":{"line":79,"column":34},"end":{"line":79,"column":35}},"loc":{"start":{"line":79,"column":73},"end":{"line":100,"column":7}}},"8":{"name":"getArticles","decl":{"start":{"line":106,"column":22},"end":{"line":106,"column":33}},"loc":{"start":{"line":106,"column":61},"end":{"line":116,"column":null}}}},"branchMap":{"0":{"loc":{"start":{"line":13,"column":2},"end":{"line":25,"column":null}},"type":"if","locations":[{"start":{"line":13,"column":2},"end":{"line":25,"column":null}},{"start":{"line":23,"column":9},"end":{"line":25,"column":null}}]},"1":{"loc":{"start":{"line":14,"column":4},"end":{"line":20,"column":null}},"type":"if","locations":[{"start":{"line":14,"column":4},"end":{"line":20,"column":null}}]},"2":{"loc":{"start":{"line":15,"column":6},"end":{"line":16,"column":49}},"type":"binary-expr","locations":[{"start":{"line":15,"column":6},"end":{"line":15,"column":52}},{"start":{"line":16,"column":6},"end":{"line":16,"column":49}}]},"3":{"loc":{"start":{"line":31,"column":8},"end":{"line":50,"column":null}},"type":"if","locations":[{"start":{"line":31,"column":8},"end":{"line":50,"column":null}},{"start":{"line":33,"column":15},"end":{"line":50,"column":null}}]},"4":{"loc":{"start":{"line":41,"column":18},"end":{"line":43,"column":50}},"type":"cond-expr","locations":[{"start":{"line":42,"column":22},"end":{"line":42,"column":23}},{"start":{"line":43,"column":22},"end":{"line":43,"column":50}}]},"5":{"loc":{"start":{"line":63,"column":2},"end":{"line":75,"column":null}},"type":"if","locations":[{"start":{"line":63,"column":2},"end":{"line":75,"column":null}},{"start":{"line":73,"column":9},"end":{"line":75,"column":null}}]},"6":{"loc":{"start":{"line":64,"column":4},"end":{"line":70,"column":null}},"type":"if","locations":[{"start":{"line":64,"column":4},"end":{"line":70,"column":null}}]},"7":{"loc":{"start":{"line":65,"column":6},"end":{"line":66,"column":49}},"type":"binary-expr","locations":[{"start":{"line":65,"column":6},"end":{"line":65,"column":52}},{"start":{"line":66,"column":6},"end":{"line":66,"column":49}}]},"8":{"loc":{"start":{"line":80,"column":8},"end":{"line":99,"column":null}},"type":"if","locations":[{"start":{"line":80,"column":8},"end":{"line":99,"column":null}},{"start":{"line":82,"column":15},"end":{"line":99,"column":null}}]},"9":{"loc":{"start":{"line":90,"column":18},"end":{"line":92,"column":50}},"type":"cond-expr","locations":[{"start":{"line":91,"column":22},"end":{"line":91,"column":23}},{"start":{"line":92,"column":22},"end":{"line":92,"column":50}}]},"10":{"loc":{"start":{"line":109,"column":2},"end":{"line":115,"column":null}},"type":"if","locations":[{"start":{"line":109,"column":2},"end":{"line":115,"column":null}}]},"11":{"loc":{"start":{"line":110,"column":4},"end":{"line":114,"column":null}},"type":"if","locations":[{"start":{"line":110,"column":4},"end":{"line":114,"column":null}},{"start":{"line":112,"column":11},"end":{"line":114,"column":null}}]}},"s":{"0":9,"1":9,"2":9,"3":9,"4":1,"5":1,"6":0,"7":0,"8":0,"9":0,"10":0,"11":1,"12":1,"13":1,"14":1,"15":1,"16":0,"17":1,"18":1,"19":10,"20":1,"21":9,"22":2,"23":2,"24":1,"25":0,"26":0,"27":1,"28":1,"29":1,"30":2,"31":2,"32":2,"33":2,"34":0,"35":2,"36":2,"37":1,"38":2,"39":9,"40":5,"41":5,"42":5,"43":3,"44":2,"45":1,"46":9},"f":{"0":1,"1":1,"2":1,"3":1,"4":2,"5":2,"6":2,"7":2,"8":5},"b":{"0":[0,1],"1":[0],"2":[0,0],"3":[0,1],"4":[1,0],"5":[1,1],"6":[0],"7":[1,1],"8":[0,2],"9":[1,1],"10":[3],"11":[2,1]}}
,"/home/kylian/Documents/my/API_BackOffice/Middlewares/Articles/updateArticle.ts": {"path":"/home/kylian/Documents/my/API_BackOffice/Middlewares/Articles/updateArticle.ts","statementMap":{"0":{"start":{"line":3,"column":0},"end":{"line":3,"column":null}},"1":{"start":{"line":8,"column":0},"end":{"line":8,"column":64}},"2":{"start":{"line":9,"column":0},"end":{"line":9,"column":53}},"3":{"start":{"line":10,"column":0},"end":{"line":10,"column":65}},"4":{"start":{"line":11,"column":0},"end":{"line":11,"column":61}},"5":{"start":{"line":15,"column":2},"end":{"line":24,"column":4}},"6":{"start":{"line":18,"column":6},"end":{"line":22,"column":null}},"7":{"start":{"line":19,"column":8},"end":{"line":19,"column":40}},"8":{"start":{"line":21,"column":8},"end":{"line":21,"column":24}},"9":{"start":{"line":28,"column":16},"end":{"line":28,"column":64}},"10":{"start":{"line":29,"column":14},"end":{"line":29,"column":39}},"11":{"start":{"line":30,"column":2},"end":{"line":52,"column":null}},"12":{"start":{"line":31,"column":29},"end":{"line":37,"column":6}},"13":{"start":{"line":38,"column":4},"end":{"line":51,"column":6}},"14":{"start":{"line":41,"column":8},"end":{"line":49,"column":null}},"15":{"start":{"line":42,"column":10},"end":{"line":42,"column":45}},"16":{"start":{"line":44,"column":10},"end":{"line":48,"column":null}},"17":{"start":{"line":45,"column":12},"end":{"line":45,"column":41}},"18":{"start":{"line":47,"column":12},"end":{"line":47,"column":42}},"19":{"start":{"line":27,"column":0},"end":{"line":27,"column":22}}},"fnMap":{"0":{"name":"remplaceArticle","decl":{"start":{"line":14,"column":9},"end":{"line":14,"column":24}},"loc":{"start":{"line":14,"column":56},"end":{"line":25,"column":1}}},"1":{"name":"(anonymous_8)","decl":{"start":{"line":17,"column":4},"end":{"line":17,"column":5}},"loc":{"start":{"line":17,"column":43},"end":{"line":23,"column":5}}},"2":{"name":"updateArticles","decl":{"start":{"line":27,"column":22},"end":{"line":27,"column":36}},"loc":{"start":{"line":27,"column":64},"end":{"line":53,"column":null}}},"3":{"name":"(anonymous_11)","decl":{"start":{"line":40,"column":6},"end":{"line":40,"column":7}},"loc":{"start":{"line":40,"column":45},"end":{"line":50,"column":7}}}},"branchMap":{"0":{"loc":{"start":{"line":18,"column":6},"end":{"line":22,"column":null}},"type":"if","locations":[{"start":{"line":18,"column":6},"end":{"line":22,"column":null}},{"start":{"line":20,"column":13},"end":{"line":22,"column":null}}]},"1":{"loc":{"start":{"line":30,"column":2},"end":{"line":52,"column":null}},"type":"if","locations":[{"start":{"line":30,"column":2},"end":{"line":52,"column":null}}]},"2":{"loc":{"start":{"line":41,"column":8},"end":{"line":49,"column":null}},"type":"if","locations":[{"start":{"line":41,"column":8},"end":{"line":49,"column":null}},{"start":{"line":43,"column":15},"end":{"line":49,"column":null}}]},"3":{"loc":{"start":{"line":44,"column":10},"end":{"line":48,"column":null}},"type":"if","locations":[{"start":{"line":44,"column":10},"end":{"line":48,"column":null}},{"start":{"line":46,"column":17},"end":{"line":48,"column":null}}]}},"s":{"0":9,"1":9,"2":9,"3":9,"4":9,"5":1,"6":1,"7":0,"8":1,"9":3,"10":3,"11":3,"12":1,"13":1,"14":1,"15":0,"16":1,"17":0,"18":1,"19":9},"f":{"0":1,"1":1,"2":3,"3":1},"b":{"0":[0,1],"1":[1],"2":[0,1],"3":[0,1]}}
,"/home/kylian/Documents/my/API_BackOffice/Middlewares/Auth/deleteAccount.ts": {"path":"/home/kylian/Documents/my/API_BackOffice/Middlewares/Auth/deleteAccount.ts","statementMap":{"0":{"start":{"line":2,"column":0},"end":{"line":2,"column":64}},"1":{"start":{"line":3,"column":0},"end":{"line":3,"column":null}},"2":{"start":{"line":10,"column":0},"end":{"line":10,"column":53}},"3":{"start":{"line":11,"column":0},"end":{"line":11,"column":65}},"4":{"start":{"line":12,"column":0},"end":{"line":12,"column":61}},"5":{"start":{"line":13,"column":15},"end":{"line":13,"column":32}},"6":{"start":{"line":16,"column":2},"end":{"line":25,"column":4}},"7":{"start":{"line":19,"column":6},"end":{"line":23,"column":null}},"8":{"start":{"line":20,"column":8},"end":{"line":20,"column":42}},"9":{"start":{"line":22,"column":8},"end":{"line":22,"column":24}},"10":{"start":{"line":15,"column":0},"end":{"line":15,"column":22}},"11":{"start":{"line":29,"column":2},"end":{"line":39,"column":4}},"12":{"start":{"line":33,"column":6},"end":{"line":37,"column":null}},"13":{"start":{"line":34,"column":8},"end":{"line":34,"column":33}},"14":{"start":{"line":36,"column":8},"end":{"line":36,"column":36}},"15":{"start":{"line":28,"column":0},"end":{"line":28,"column":22}},"16":{"start":{"line":43,"column":2},"end":{"line":56,"column":4}},"17":{"start":{"line":46,"column":6},"end":{"line":54,"column":null}},"18":{"start":{"line":47,"column":8},"end":{"line":47,"column":43}},"19":{"start":{"line":49,"column":8},"end":{"line":53,"column":null}},"20":{"start":{"line":50,"column":10},"end":{"line":50,"column":36}},"21":{"start":{"line":52,"column":10},"end":{"line":52,"column":53}},"22":{"start":{"line":42,"column":0},"end":{"line":42,"column":22}},"23":{"start":{"line":60,"column":16},"end":{"line":60,"column":64}},"24":{"start":{"line":61,"column":14},"end":{"line":61,"column":39}},"25":{"start":{"line":62,"column":2},"end":{"line":68,"column":null}},"26":{"start":{"line":63,"column":4},"end":{"line":67,"column":null}},"27":{"start":{"line":64,"column":6},"end":{"line":64,"column":40}},"28":{"start":{"line":66,"column":6},"end":{"line":66,"column":30}},"29":{"start":{"line":59,"column":0},"end":{"line":59,"column":22}}},"fnMap":{"0":{"name":"deleteAccountToDb","decl":{"start":{"line":15,"column":22},"end":{"line":15,"column":39}},"loc":{"start":{"line":15,"column":67},"end":{"line":26,"column":null}}},"1":{"name":"(anonymous_9)","decl":{"start":{"line":18,"column":4},"end":{"line":18,"column":5}},"loc":{"start":{"line":18,"column":43},"end":{"line":24,"column":5}}},"2":{"name":"comparePassword","decl":{"start":{"line":28,"column":22},"end":{"line":28,"column":37}},"loc":{"start":{"line":28,"column":76},"end":{"line":40,"column":null}}},"3":{"name":"(anonymous_12)","decl":{"start":{"line":32,"column":4},"end":{"line":32,"column":14}},"loc":{"start":{"line":32,"column":35},"end":{"line":38,"column":5}}},"4":{"name":"checkMailToDb","decl":{"start":{"line":42,"column":22},"end":{"line":42,"column":35}},"loc":{"start":{"line":42,"column":63},"end":{"line":57,"column":null}}},"5":{"name":"(anonymous_15)","decl":{"start":{"line":45,"column":4},"end":{"line":45,"column":5}},"loc":{"start":{"line":45,"column":43},"end":{"line":55,"column":5}}},"6":{"name":"deleteAccount","decl":{"start":{"line":59,"column":22},"end":{"line":59,"column":35}},"loc":{"start":{"line":59,"column":63},"end":{"line":69,"column":null}}}},"branchMap":{"0":{"loc":{"start":{"line":19,"column":6},"end":{"line":23,"column":null}},"type":"if","locations":[{"start":{"line":19,"column":6},"end":{"line":23,"column":null}},{"start":{"line":21,"column":13},"end":{"line":23,"column":null}}]},"1":{"loc":{"start":{"line":33,"column":6},"end":{"line":37,"column":null}},"type":"if","locations":[{"start":{"line":33,"column":6},"end":{"line":37,"column":null}},{"start":{"line":35,"column":13},"end":{"line":37,"column":null}}]},"2":{"loc":{"start":{"line":46,"column":6},"end":{"line":54,"column":null}},"type":"if","locations":[{"start":{"line":46,"column":6},"end":{"line":54,"column":null}},{"start":{"line":48,"column":13},"end":{"line":54,"column":null}}]},"3":{"loc":{"start":{"line":49,"column":8},"end":{"line":53,"column":null}},"type":"if","locations":[{"start":{"line":49,"column":8},"end":{"line":53,"column":null}},{"start":{"line":51,"column":15},"end":{"line":53,"column":null}}]},"4":{"loc":{"start":{"line":62,"column":2},"end":{"line":68,"column":null}},"type":"if","locations":[{"start":{"line":62,"column":2},"end":{"line":68,"column":null}}]},"5":{"loc":{"start":{"line":63,"column":4},"end":{"line":67,"column":null}},"type":"if","locations":[{"start":{"line":63,"column":4},"end":{"line":67,"column":null}},{"start":{"line":65,"column":11},"end":{"line":67,"column":null}}]}},"s":{"0":9,"1":9,"2":9,"3":9,"4":9,"5":9,"6":2,"7":2,"8":0,"9":2,"10":9,"11":3,"12":3,"13":1,"14":2,"15":9,"16":3,"17":3,"18":0,"19":3,"20":0,"21":3,"22":9,"23":6,"24":6,"25":6,"26":4,"27":1,"28":3,"29":9},"f":{"0":2,"1":2,"2":3,"3":3,"4":3,"5":3,"6":6},"b":{"0":[0,2],"1":[1,2],"2":[0,3],"3":[0,3],"4":[4],"5":[1,3]}}
,"/home/kylian/Documents/my/API_BackOffice/Middlewares/Auth/login.ts": {"path":"/home/kylian/Documents/my/API_BackOffice/Middlewares/Auth/login.ts","statementMap":{"0":{"start":{"line":2,"column":0},"end":{"line":2,"column":63}},"1":{"start":{"line":4,"column":0},"end":{"line":4,"column":null}},"2":{"start":{"line":9,"column":0},"end":{"line":9,"column":53}},"3":{"start":{"line":10,"column":0},"end":{"line":10,"column":81}},"4":{"start":{"line":11,"column":0},"end":{"line":11,"column":65}},"5":{"start":{"line":13,"column":15},"end":{"line":13,"column":32}},"6":{"start":{"line":16,"column":2},"end":{"line":26,"column":4}},"7":{"start":{"line":20,"column":6},"end":{"line":24,"column":null}},"8":{"start":{"line":21,"column":8},"end":{"line":21,"column":33}},"9":{"start":{"line":23,"column":8},"end":{"line":23,"column":75}},"10":{"start":{"line":15,"column":0},"end":{"line":15,"column":22}},"11":{"start":{"line":30,"column":2},"end":{"line":43,"column":4}},"12":{"start":{"line":33,"column":6},"end":{"line":41,"column":null}},"13":{"start":{"line":34,"column":8},"end":{"line":34,"column":43}},"14":{"start":{"line":36,"column":8},"end":{"line":40,"column":null}},"15":{"start":{"line":37,"column":10},"end":{"line":37,"column":36}},"16":{"start":{"line":39,"column":10},"end":{"line":39,"column":53}},"17":{"start":{"line":29,"column":0},"end":{"line":29,"column":22}}},"fnMap":{"0":{"name":"comparePassword","decl":{"start":{"line":15,"column":22},"end":{"line":15,"column":37}},"loc":{"start":{"line":15,"column":76},"end":{"line":27,"column":null}}},"1":{"name":"(anonymous_9)","decl":{"start":{"line":19,"column":4},"end":{"line":19,"column":14}},"loc":{"start":{"line":19,"column":35},"end":{"line":25,"column":5}}},"2":{"name":"login","decl":{"start":{"line":29,"column":22},"end":{"line":29,"column":27}},"loc":{"start":{"line":29,"column":55},"end":{"line":44,"column":null}}},"3":{"name":"(anonymous_12)","decl":{"start":{"line":32,"column":4},"end":{"line":32,"column":5}},"loc":{"start":{"line":32,"column":43},"end":{"line":42,"column":5}}}},"branchMap":{"0":{"loc":{"start":{"line":20,"column":6},"end":{"line":24,"column":null}},"type":"if","locations":[{"start":{"line":20,"column":6},"end":{"line":24,"column":null}},{"start":{"line":22,"column":13},"end":{"line":24,"column":null}}]},"1":{"loc":{"start":{"line":33,"column":6},"end":{"line":41,"column":null}},"type":"if","locations":[{"start":{"line":33,"column":6},"end":{"line":41,"column":null}},{"start":{"line":35,"column":13},"end":{"line":41,"column":null}}]},"2":{"loc":{"start":{"line":36,"column":8},"end":{"line":40,"column":null}},"type":"if","locations":[{"start":{"line":36,"column":8},"end":{"line":40,"column":null}},{"start":{"line":38,"column":15},"end":{"line":40,"column":null}}]}},"s":{"0":9,"1":9,"2":9,"3":9,"4":9,"5":9,"6":2,"7":2,"8":1,"9":1,"10":9,"11":2,"12":2,"13":0,"14":2,"15":0,"16":2,"17":9},"f":{"0":2,"1":2,"2":2,"3":2},"b":{"0":[1,1],"1":[0,2],"2":[0,2]}}
,"/home/kylian/Documents/my/API_BackOffice/Middlewares/Auth/refreshAccessToken.ts": {"path":"/home/kylian/Documents/my/API_BackOffice/Middlewares/Auth/refreshAccessToken.ts","statementMap":{"0":{"start":{"line":2,"column":0},"end":{"line":2,"column":48}},"1":{"start":{"line":3,"column":0},"end":{"line":3,"column":72}},"2":{"start":{"line":4,"column":0},"end":{"line":4,"column":61}},"3":{"start":{"line":5,"column":15},"end":{"line":5,"column":32}},"4":{"start":{"line":8,"column":16},"end":{"line":8,"column":64}},"5":{"start":{"line":9,"column":14},"end":{"line":9,"column":39}},"6":{"start":{"line":10,"column":2},"end":{"line":16,"column":null}},"7":{"start":{"line":11,"column":15},"end":{"line":14,"column":6}},"8":{"start":{"line":15,"column":4},"end":{"line":15,"column":62}},"9":{"start":{"line":7,"column":0},"end":{"line":7,"column":22}}},"fnMap":{"0":{"name":"refreshAccessToken","decl":{"start":{"line":7,"column":22},"end":{"line":7,"column":40}},"loc":{"start":{"line":7,"column":68},"end":{"line":18,"column":null}}}},"branchMap":{"0":{"loc":{"start":{"line":10,"column":2},"end":{"line":16,"column":null}},"type":"if","locations":[{"start":{"line":10,"column":2},"end":{"line":16,"column":null}}]}},"s":{"0":9,"1":9,"2":9,"3":9,"4":3,"5":3,"6":3,"7":1,"8":1,"9":9},"f":{"0":3},"b":{"0":[1]}}
,"/home/kylian/Documents/my/API_BackOffice/Middlewares/Auth/register.ts": {"path":"/home/kylian/Documents/my/API_BackOffice/Middlewares/Auth/register.ts","statementMap":{"0":{"start":{"line":2,"column":0},"end":{"line":2,"column":63}},"1":{"start":{"line":3,"column":0},"end":{"line":3,"column":null}},"2":{"start":{"line":10,"column":0},"end":{"line":10,"column":53}},"3":{"start":{"line":11,"column":0},"end":{"line":11,"column":81}},"4":{"start":{"line":12,"column":0},"end":{"line":12,"column":65}},"5":{"start":{"line":14,"column":15},"end":{"line":14,"column":32}},"6":{"start":{"line":17,"column":2},"end":{"line":26,"column":4}},"7":{"start":{"line":20,"column":6},"end":{"line":23,"column":null}},"8":{"start":{"line":21,"column":8},"end":{"line":21,"column":40}},"9":{"start":{"line":22,"column":8},"end":{"line":22,"column":21}},"10":{"start":{"line":24,"column":6},"end":{"line":24,"column":18}},"11":{"start":{"line":27,"column":2},"end":{"line":27,"column":14}},"12":{"start":{"line":31,"column":21},"end":{"line":31,"column":23}},"13":{"start":{"line":33,"column":2},"end":{"line":48,"column":5}},"14":{"start":{"line":34,"column":4},"end":{"line":37,"column":null}},"15":{"start":{"line":35,"column":6},"end":{"line":35,"column":45}},"16":{"start":{"line":36,"column":6},"end":{"line":36,"column":13}},"17":{"start":{"line":38,"column":4},"end":{"line":47,"column":7}},"18":{"start":{"line":39,"column":6},"end":{"line":42,"column":null}},"19":{"start":{"line":40,"column":8},"end":{"line":40,"column":44}},"20":{"start":{"line":41,"column":8},"end":{"line":41,"column":15}},"21":{"start":{"line":43,"column":6},"end":{"line":43,"column":27}},"22":{"start":{"line":44,"column":6},"end":{"line":46,"column":null}},"23":{"start":{"line":45,"column":8},"end":{"line":45,"column":80}},"24":{"start":{"line":52,"column":13},"end":{"line":52,"column":28}},"25":{"start":{"line":53,"column":21},"end":{"line":58,"column":4}},"26":{"start":{"line":59,"column":2},"end":{"line":72,"column":4}},"27":{"start":{"line":62,"column":6},"end":{"line":70,"column":null}},"28":{"start":{"line":63,"column":8},"end":{"line":63,"column":43}},"29":{"start":{"line":65,"column":8},"end":{"line":69,"column":null}},"30":{"start":{"line":66,"column":10},"end":{"line":66,"column":34}},"31":{"start":{"line":68,"column":10},"end":{"line":68,"column":41}},"32":{"start":{"line":51,"column":0},"end":{"line":51,"column":22}}},"fnMap":{"0":{"name":"addUserToDb","decl":{"start":{"line":16,"column":9},"end":{"line":16,"column":20}},"loc":{"start":{"line":16,"column":46},"end":{"line":28,"column":1}}},"1":{"name":"(anonymous_8)","decl":{"start":{"line":19,"column":4},"end":{"line":19,"column":5}},"loc":{"start":{"line":19,"column":19},"end":{"line":25,"column":5}}},"2":{"name":"hashPassword","decl":{"start":{"line":30,"column":9},"end":{"line":30,"column":21}},"loc":{"start":{"line":30,"column":47},"end":{"line":49,"column":1}}},"3":{"name":"(anonymous_10)","decl":{"start":{"line":33,"column":29},"end":{"line":33,"column":39}},"loc":{"start":{"line":33,"column":58},"end":{"line":48,"column":3}}},"4":{"name":"(anonymous_11)","decl":{"start":{"line":38,"column":37},"end":{"line":38,"column":53}},"loc":{"start":{"line":38,"column":72},"end":{"line":47,"column":6}}},"5":{"name":"register","decl":{"start":{"line":51,"column":22},"end":{"line":51,"column":30}},"loc":{"start":{"line":51,"column":58},"end":{"line":73,"column":null}}},"6":{"name":"(anonymous_15)","decl":{"start":{"line":61,"column":4},"end":{"line":61,"column":5}},"loc":{"start":{"line":61,"column":43},"end":{"line":71,"column":5}}}},"branchMap":{"0":{"loc":{"start":{"line":20,"column":6},"end":{"line":23,"column":null}},"type":"if","locations":[{"start":{"line":20,"column":6},"end":{"line":23,"column":null}}]},"1":{"loc":{"start":{"line":34,"column":4},"end":{"line":37,"column":null}},"type":"if","locations":[{"start":{"line":34,"column":4},"end":{"line":37,"column":null}}]},"2":{"loc":{"start":{"line":39,"column":6},"end":{"line":42,"column":null}},"type":"if","locations":[{"start":{"line":39,"column":6},"end":{"line":42,"column":null}}]},"3":{"loc":{"start":{"line":44,"column":6},"end":{"line":46,"column":null}},"type":"if","locations":[{"start":{"line":44,"column":6},"end":{"line":46,"column":null}}]},"4":{"loc":{"start":{"line":62,"column":6},"end":{"line":70,"column":null}},"type":"if","locations":[{"start":{"line":62,"column":6},"end":{"line":70,"column":null}},{"start":{"line":64,"column":13},"end":{"line":70,"column":null}}]},"5":{"loc":{"start":{"line":65,"column":8},"end":{"line":69,"column":null}},"type":"if","locations":[{"start":{"line":65,"column":8},"end":{"line":69,"column":null}},{"start":{"line":67,"column":15},"end":{"line":69,"column":null}}]}},"s":{"0":9,"1":9,"2":9,"3":9,"4":9,"5":9,"6":2,"7":2,"8":0,"9":0,"10":2,"11":2,"12":2,"13":2,"14":2,"15":0,"16":0,"17":2,"18":2,"19":0,"20":0,"21":2,"22":2,"23":2,"24":3,"25":3,"26":3,"27":3,"28":0,"29":3,"30":2,"31":1,"32":9},"f":{"0":2,"1":2,"2":2,"3":2,"4":2,"5":3,"6":3},"b":{"0":[0],"1":[0],"2":[0],"3":[2],"4":[0,3],"5":[2,1]}}
,"/home/kylian/Documents/my/API_BackOffice/Middlewares/Auth/resetPassword.ts": {"path":"/home/kylian/Documents/my/API_BackOffice/Middlewares/Auth/resetPassword.ts","statementMap":{"0":{"start":{"line":2,"column":0},"end":{"line":2,"column":28}},"1":{"start":{"line":4,"column":0},"end":{"line":4,"column":61}},"2":{"start":{"line":5,"column":0},"end":{"line":5,"column":53}},"3":{"start":{"line":6,"column":0},"end":{"line":6,"column":65}},"4":{"start":{"line":7,"column":0},"end":{"line":7,"column":null}},"5":{"start":{"line":14,"column":0},"end":{"line":14,"column":64}},"6":{"start":{"line":16,"column":15},"end":{"line":16,"column":32}},"7":{"start":{"line":17,"column":0},"end":{"line":17,"column":16}},"8":{"start":{"line":20,"column":2},"end":{"line":29,"column":4}},"9":{"start":{"line":23,"column":6},"end":{"line":27,"column":null}},"10":{"start":{"line":24,"column":8},"end":{"line":24,"column":41}},"11":{"start":{"line":26,"column":8},"end":{"line":26,"column":24}},"12":{"start":{"line":33,"column":21},"end":{"line":33,"column":23}},"13":{"start":{"line":35,"column":2},"end":{"line":47,"column":5}},"14":{"start":{"line":36,"column":4},"end":{"line":39,"column":null}},"15":{"start":{"line":37,"column":6},"end":{"line":37,"column":45}},"16":{"start":{"line":38,"column":6},"end":{"line":38,"column":13}},"17":{"start":{"line":40,"column":4},"end":{"line":46,"column":7}},"18":{"start":{"line":41,"column":6},"end":{"line":44,"column":null}},"19":{"start":{"line":42,"column":8},"end":{"line":42,"column":44}},"20":{"start":{"line":43,"column":8},"end":{"line":43,"column":15}},"21":{"start":{"line":45,"column":6},"end":{"line":45,"column":41}},"22":{"start":{"line":51,"column":16},"end":{"line":51,"column":64}},"23":{"start":{"line":52,"column":14},"end":{"line":52,"column":39}},"24":{"start":{"line":53,"column":2},"end":{"line":68,"column":null}},"25":{"start":{"line":54,"column":4},"end":{"line":67,"column":6}},"26":{"start":{"line":57,"column":8},"end":{"line":65,"column":null}},"27":{"start":{"line":58,"column":10},"end":{"line":58,"column":45}},"28":{"start":{"line":60,"column":10},"end":{"line":64,"column":null}},"29":{"start":{"line":61,"column":12},"end":{"line":61,"column":38}},"30":{"start":{"line":63,"column":12},"end":{"line":63,"column":56}},"31":{"start":{"line":50,"column":0},"end":{"line":50,"column":22}}},"fnMap":{"0":{"name":"remplacePassword","decl":{"start":{"line":19,"column":9},"end":{"line":19,"column":25}},"loc":{"start":{"line":19,"column":69},"end":{"line":30,"column":1}}},"1":{"name":"(anonymous_9)","decl":{"start":{"line":22,"column":4},"end":{"line":22,"column":5}},"loc":{"start":{"line":22,"column":43},"end":{"line":28,"column":5}}},"2":{"name":"hashPassword","decl":{"start":{"line":32,"column":9},"end":{"line":32,"column":21}},"loc":{"start":{"line":32,"column":65},"end":{"line":48,"column":1}}},"3":{"name":"(anonymous_11)","decl":{"start":{"line":35,"column":29},"end":{"line":35,"column":39}},"loc":{"start":{"line":35,"column":58},"end":{"line":47,"column":3}}},"4":{"name":"(anonymous_12)","decl":{"start":{"line":40,"column":32},"end":{"line":40,"column":48}},"loc":{"start":{"line":40,"column":67},"end":{"line":46,"column":6}}},"5":{"name":"resetPassword","decl":{"start":{"line":50,"column":22},"end":{"line":50,"column":35}},"loc":{"start":{"line":50,"column":63},"end":{"line":69,"column":null}}},"6":{"name":"(anonymous_16)","decl":{"start":{"line":56,"column":6},"end":{"line":56,"column":7}},"loc":{"start":{"line":56,"column":45},"end":{"line":66,"column":7}}}},"branchMap":{"0":{"loc":{"start":{"line":23,"column":6},"end":{"line":27,"column":null}},"type":"if","locations":[{"start":{"line":23,"column":6},"end":{"line":27,"column":null}},{"start":{"line":25,"column":13},"end":{"line":27,"column":null}}]},"1":{"loc":{"start":{"line":36,"column":4},"end":{"line":39,"column":null}},"type":"if","locations":[{"start":{"line":36,"column":4},"end":{"line":39,"column":null}}]},"2":{"loc":{"start":{"line":41,"column":6},"end":{"line":44,"column":null}},"type":"if","locations":[{"start":{"line":41,"column":6},"end":{"line":44,"column":null}}]},"3":{"loc":{"start":{"line":53,"column":2},"end":{"line":68,"column":null}},"type":"if","locations":[{"start":{"line":53,"column":2},"end":{"line":68,"column":null}}]},"4":{"loc":{"start":{"line":57,"column":8},"end":{"line":65,"column":null}},"type":"if","locations":[{"start":{"line":57,"column":8},"end":{"line":65,"column":null}},{"start":{"line":59,"column":15},"end":{"line":65,"column":null}}]},"5":{"loc":{"start":{"line":60,"column":10},"end":{"line":64,"column":null}},"type":"if","locations":[{"start":{"line":60,"column":10},"end":{"line":64,"column":null}},{"start":{"line":62,"column":17},"end":{"line":64,"column":null}}]}},"s":{"0":9,"1":9,"2":9,"3":9,"4":9,"5":9,"6":9,"7":9,"8":2,"9":2,"10":0,"11":2,"12":2,"13":2,"14":2,"15":0,"16":0,"17":2,"18":2,"19":0,"20":0,"21":2,"22":4,"23":4,"24":4,"25":2,"26":2,"27":0,"28":2,"29":0,"30":2,"31":9},"f":{"0":2,"1":2,"2":2,"3":2,"4":2,"5":4,"6":2},"b":{"0":[0,2],"1":[0],"2":[0],"3":[2],"4":[0,2],"5":[0,2]}}
,"/home/kylian/Documents/my/API_BackOffice/Routes/Articles/createArticle.ts": {"path":"/home/kylian/Documents/my/API_BackOffice/Routes/Articles/createArticle.ts","statementMap":{"0":{"start":{"line":1,"column":0},"end":{"line":1,"column":48}},"1":{"start":{"line":2,"column":0},"end":{"line":2,"column":null}},"2":{"start":{"line":7,"column":0},"end":{"line":7,"column":null}},"3":{"start":{"line":11,"column":0},"end":{"line":11,"column":73}},"4":{"start":{"line":13,"column":15},"end":{"line":26,"column":2}},"5":{"start":{"line":28,"column":0},"end":{"line":28,"column":45}}},"fnMap":{},"branchMap":{},"s":{"0":9,"1":9,"2":9,"3":9,"4":9,"5":9},"f":{},"b":{}}
,"/home/kylian/Documents/my/API_BackOffice/Routes/Articles/deleteArticle.ts": {"path":"/home/kylian/Documents/my/API_BackOffice/Routes/Articles/deleteArticle.ts","statementMap":{"0":{"start":{"line":1,"column":0},"end":{"line":1,"column":48}},"1":{"start":{"line":2,"column":0},"end":{"line":2,"column":66}},"2":{"start":{"line":4,"column":0},"end":{"line":4,"column":null}},"3":{"start":{"line":8,"column":0},"end":{"line":8,"column":73}},"4":{"start":{"line":10,"column":15},"end":{"line":22,"column":2}},"5":{"start":{"line":24,"column":0},"end":{"line":24,"column":45}}},"fnMap":{},"branchMap":{},"s":{"0":9,"1":9,"2":9,"3":9,"4":9,"5":9},"f":{},"b":{}}
,"/home/kylian/Documents/my/API_BackOffice/Routes/Articles/getArticles.ts": {"path":"/home/kylian/Documents/my/API_BackOffice/Routes/Articles/getArticles.ts","statementMap":{"0":{"start":{"line":1,"column":0},"end":{"line":1,"column":48}},"1":{"start":{"line":4,"column":0},"end":{"line":4,"column":null}},"2":{"start":{"line":8,"column":0},"end":{"line":8,"column":69}},"3":{"start":{"line":10,"column":15},"end":{"line":17,"column":2}},"4":{"start":{"line":19,"column":0},"end":{"line":19,"column":45}}},"fnMap":{},"branchMap":{},"s":{"0":9,"1":9,"2":9,"3":9,"4":9},"f":{},"b":{}}
,"/home/kylian/Documents/my/API_BackOffice/Routes/Articles/updateArticle.ts": {"path":"/home/kylian/Documents/my/API_BackOffice/Routes/Articles/updateArticle.ts","statementMap":{"0":{"start":{"line":1,"column":0},"end":{"line":1,"column":48}},"1":{"start":{"line":2,"column":0},"end":{"line":2,"column":null}},"2":{"start":{"line":8,"column":0},"end":{"line":8,"column":null}},"3":{"start":{"line":12,"column":0},"end":{"line":12,"column":74}},"4":{"start":{"line":14,"column":15},"end":{"line":28,"column":2}},"5":{"start":{"line":30,"column":0},"end":{"line":30,"column":45}}},"fnMap":{},"branchMap":{},"s":{"0":9,"1":9,"2":9,"3":9,"4":9,"5":9},"f":{},"b":{}}
,"/home/kylian/Documents/my/API_BackOffice/Routes/Auth/deleteAccount.ts": {"path":"/home/kylian/Documents/my/API_BackOffice/Routes/Auth/deleteAccount.ts","statementMap":{"0":{"start":{"line":1,"column":0},"end":{"line":1,"column":48}},"1":{"start":{"line":2,"column":0},"end":{"line":2,"column":67}},"2":{"start":{"line":3,"column":0},"end":{"line":3,"column":73}},"3":{"start":{"line":4,"column":0},"end":{"line":4,"column":null}},"4":{"start":{"line":8,"column":0},"end":{"line":8,"column":69}},"5":{"start":{"line":10,"column":15},"end":{"line":23,"column":2}},"6":{"start":{"line":25,"column":0},"end":{"line":25,"column":45}}},"fnMap":{},"branchMap":{},"s":{"0":9,"1":9,"2":9,"3":9,"4":9,"5":9,"6":9},"f":{},"b":{}}
,"/home/kylian/Documents/my/API_BackOffice/Routes/Auth/index.ts": {"path":"/home/kylian/Documents/my/API_BackOffice/Routes/Auth/index.ts","statementMap":{"0":{"start":{"line":1,"column":0},"end":{"line":1,"column":7}},"1":{"start":{"line":6,"column":19},"end":{"line":1,"column":28}},"2":{"start":{"line":2,"column":0},"end":{"line":2,"column":7}},"3":{"start":{"line":6,"column":41},"end":{"line":2,"column":54}},"4":{"start":{"line":3,"column":0},"end":{"line":3,"column":7}},"5":{"start":{"line":6,"column":9},"end":{"line":3,"column":34}},"6":{"start":{"line":4,"column":0},"end":{"line":4,"column":7}},"7":{"start":{"line":6,"column":26},"end":{"line":4,"column":44}}},"fnMap":{},"branchMap":{},"s":{"0":9,"1":9,"2":9,"3":9,"4":9,"5":9,"6":9,"7":9},"f":{},"b":{}}
,"/home/kylian/Documents/my/API_BackOffice/Routes/Auth/login.ts": {"path":"/home/kylian/Documents/my/API_BackOffice/Routes/Auth/login.ts","statementMap":{"0":{"start":{"line":2,"column":0},"end":{"line":2,"column":48}},"1":{"start":{"line":3,"column":0},"end":{"line":3,"column":67}},"2":{"start":{"line":4,"column":0},"end":{"line":4,"column":73}},"3":{"start":{"line":5,"column":0},"end":{"line":5,"column":90}},"4":{"start":{"line":6,"column":0},"end":{"line":6,"column":53}},"5":{"start":{"line":8,"column":15},"end":{"line":18,"column":null}},"6":{"start":{"line":20,"column":0},"end":{"line":20,"column":null}}},"fnMap":{},"branchMap":{},"s":{"0":9,"1":9,"2":9,"3":9,"4":9,"5":9,"6":9},"f":{},"b":{}}
,"/home/kylian/Documents/my/API_BackOffice/Routes/Auth/refreshAccessToken.ts": {"path":"/home/kylian/Documents/my/API_BackOffice/Routes/Auth/refreshAccessToken.ts","statementMap":{"0":{"start":{"line":2,"column":0},"end":{"line":2,"column":48}},"1":{"start":{"line":5,"column":0},"end":{"line":5,"column":90}},"2":{"start":{"line":6,"column":0},"end":{"line":6,"column":79}},"3":{"start":{"line":8,"column":15},"end":{"line":16,"column":null}},"4":{"start":{"line":18,"column":0},"end":{"line":18,"column":null}}},"fnMap":{},"branchMap":{},"s":{"0":9,"1":9,"2":9,"3":9,"4":9},"f":{},"b":{}}
,"/home/kylian/Documents/my/API_BackOffice/Routes/Auth/register.ts": {"path":"/home/kylian/Documents/my/API_BackOffice/Routes/Auth/register.ts","statementMap":{"0":{"start":{"line":2,"column":0},"end":{"line":2,"column":48}},"1":{"start":{"line":3,"column":0},"end":{"line":3,"column":67}},"2":{"start":{"line":4,"column":0},"end":{"line":4,"column":73}},"3":{"start":{"line":5,"column":0},"end":{"line":5,"column":90}},"4":{"start":{"line":6,"column":0},"end":{"line":6,"column":59}},"5":{"start":{"line":8,"column":15},"end":{"line":18,"column":null}},"6":{"start":{"line":20,"column":0},"end":{"line":20,"column":null}}},"fnMap":{},"branchMap":{},"s":{"0":9,"1":9,"2":9,"3":9,"4":9,"5":9,"6":9},"f":{},"b":{}}
,"/home/kylian/Documents/my/API_BackOffice/Routes/Auth/resetPassword.ts": {"path":"/home/kylian/Documents/my/API_BackOffice/Routes/Auth/resetPassword.ts","statementMap":{"0":{"start":{"line":2,"column":0},"end":{"line":2,"column":48}},"1":{"start":{"line":4,"column":0},"end":{"line":4,"column":73}},"2":{"start":{"line":5,"column":0},"end":{"line":5,"column":90}},"3":{"start":{"line":6,"column":0},"end":{"line":6,"column":69}},"4":{"start":{"line":8,"column":15},"end":{"line":17,"column":null}},"5":{"start":{"line":19,"column":0},"end":{"line":19,"column":null}}},"fnMap":{},"branchMap":{},"s":{"0":9,"1":9,"2":9,"3":9,"4":9,"5":9},"f":{},"b":{}}
}
