{"/home/kylian/Documents/my/API_BackOffice/app.ts": {"path":"/home/kylian/Documents/my/API_BackOffice/app.ts","statementMap":{"0":{"start":{"line":1,"column":0},"end":{"line":1,"column":62}},"1":{"start":{"line":2,"column":0},"end":{"line":2,"column":28}},"2":{"start":{"line":3,"column":0},"end":{"line":3,"column":37}},"3":{"start":{"line":4,"column":0},"end":{"line":4,"column":24}},"4":{"start":{"line":5,"column":0},"end":{"line":5,"column":null}},"5":{"start":{"line":11,"column":0},"end":{"line":11,"column":60}},"6":{"start":{"line":12,"column":0},"end":{"line":12,"column":60}},"7":{"start":{"line":13,"column":0},"end":{"line":13,"column":56}},"8":{"start":{"line":14,"column":0},"end":{"line":14,"column":56}},"9":{"start":{"line":15,"column":0},"end":{"line":15,"column":60}},"10":{"start":{"line":17,"column":0},"end":{"line":17,"column":16}},"11":{"start":{"line":18,"column":12},"end":{"line":18,"column":21}},"12":{"start":{"line":19,"column":0},"end":{"line":19,"column":51}},"13":{"start":{"line":20,"column":0},"end":{"line":20,"column":27}},"14":{"start":{"line":21,"column":0},"end":{"line":21,"column":16}},"15":{"start":{"line":23,"column":0},"end":{"line":30,"column":2}},"16":{"start":{"line":31,"column":0},"end":{"line":31,"column":79}},"17":{"start":{"line":33,"column":0},"end":{"line":33,"column":19}}},"fnMap":{},"branchMap":{},"s":{"0":9,"1":9,"2":9,"3":9,"4":9,"5":9,"6":9,"7":9,"8":9,"9":9,"10":9,"11":9,"12":9,"13":9,"14":9,"15":9,"16":9,"17":9},"f":{},"b":{}}
,"/home/kylian/Documents/my/API_BackOffice/Function/Response/responseArticle.ts": {"path":"/home/kylian/Documents/my/API_BackOffice/Function/Response/responseArticle.ts","statementMap":{"0":{"start":{"line":2,"column":0},"end":{"line":2,"column":48}},"1":{"start":{"line":5,"column":2},"end":{"line":10,"column":5}},"2":{"start":{"line":4,"column":0},"end":{"line":4,"column":16}},"3":{"start":{"line":14,"column":2},"end":{"line":17,"column":5}},"4":{"start":{"line":13,"column":0},"end":{"line":13,"column":16}},"5":{"start":{"line":21,"column":2},"end":{"line":26,"column":5}},"6":{"start":{"line":20,"column":0},"end":{"line":20,"column":16}},"7":{"start":{"line":30,"column":2},"end":{"line":35,"column":5}},"8":{"start":{"line":29,"column":0},"end":{"line":29,"column":16}},"9":{"start":{"line":40,"column":2},"end":{"line":43,"column":5}},"10":{"start":{"line":39,"column":0},"end":{"line":39,"column":16}},"11":{"start":{"line":47,"column":2},"end":{"line":52,"column":5}},"12":{"start":{"line":46,"column":0},"end":{"line":46,"column":16}}},"fnMap":{"0":{"name":"ResponseErrorNotFoundArticle","decl":{"start":{"line":4,"column":16},"end":{"line":4,"column":44}},"loc":{"start":{"line":4,"column":58},"end":{"line":11,"column":1}}},"1":{"name":"ResponseErrorCantDeleteArticle","decl":{"start":{"line":13,"column":16},"end":{"line":13,"column":46}},"loc":{"start":{"line":13,"column":60},"end":{"line":18,"column":1}}},"2":{"name":"ResponseErrorCreateArticle","decl":{"start":{"line":20,"column":16},"end":{"line":20,"column":42}},"loc":{"start":{"line":20,"column":56},"end":{"line":27,"column":1}}},"3":{"name":"ResponseErrorSearchingArticle","decl":{"start":{"line":29,"column":16},"end":{"line":29,"column":45}},"loc":{"start":{"line":29,"column":59},"end":{"line":36,"column":1}}},"4":{"name":"responseArticleNotFound","decl":{"start":{"line":39,"column":16},"end":{"line":39,"column":39}},"loc":{"start":{"line":39,"column":53},"end":{"line":44,"column":1}}},"5":{"name":"responseErrorUpdateArticle","decl":{"start":{"line":46,"column":16},"end":{"line":46,"column":42}},"loc":{"start":{"line":46,"column":56},"end":{"line":53,"column":1}}}},"branchMap":{},"s":{"0":9,"1":0,"2":9,"3":0,"4":9,"5":0,"6":9,"7":0,"8":9,"9":0,"10":9,"11":0,"12":9},"f":{"0":0,"1":0,"2":0,"3":0,"4":0,"5":0},"b":{}}
,"/home/kylian/Documents/my/API_BackOffice/Function/Response/responseOk.ts": {"path":"/home/kylian/Documents/my/API_BackOffice/Function/Response/responseOk.ts","statementMap":{"0":{"start":{"line":2,"column":0},"end":{"line":2,"column":63}},"1":{"start":{"line":5,"column":2},"end":{"line":8,"column":5}},"2":{"start":{"line":4,"column":0},"end":{"line":4,"column":16}}},"fnMap":{"0":{"name":"responseOK","decl":{"start":{"line":4,"column":16},"end":{"line":4,"column":26}},"loc":{"start":{"line":4,"column":40},"end":{"line":9,"column":1}}}},"branchMap":{},"s":{"0":9,"1":5,"2":9},"f":{"0":5},"b":{}}
,"/home/kylian/Documents/my/API_BackOffice/Function/Response/responseToken.ts": {"path":"/home/kylian/Documents/my/API_BackOffice/Function/Response/responseToken.ts","statementMap":{"0":{"start":{"line":2,"column":0},"end":{"line":2,"column":48}},"1":{"start":{"line":5,"column":2},"end":{"line":8,"column":5}},"2":{"start":{"line":4,"column":0},"end":{"line":4,"column":16}},"3":{"start":{"line":12,"column":2},"end":{"line":15,"column":5}},"4":{"start":{"line":11,"column":0},"end":{"line":11,"column":16}},"5":{"start":{"line":19,"column":2},"end":{"line":22,"column":5}},"6":{"start":{"line":18,"column":0},"end":{"line":18,"column":16}}},"fnMap":{"0":{"name":"responseTokenNotFound","decl":{"start":{"line":4,"column":16},"end":{"line":4,"column":37}},"loc":{"start":{"line":4,"column":51},"end":{"line":9,"column":1}}},"1":{"name":"responseTokenExpired","decl":{"start":{"line":11,"column":16},"end":{"line":11,"column":36}},"loc":{"start":{"line":11,"column":50},"end":{"line":16,"column":1}}},"2":{"name":"responseTokenInvalid","decl":{"start":{"line":18,"column":16},"end":{"line":18,"column":36}},"loc":{"start":{"line":18,"column":50},"end":{"line":23,"column":1}}}},"branchMap":{},"s":{"0":9,"1":6,"2":9,"3":7,"4":9,"5":0,"6":9},"f":{"0":6,"1":7,"2":0},"b":{}}
,"/home/kylian/Documents/my/API_BackOffice/Function/Response/responseUser.ts": {"path":"/home/kylian/Documents/my/API_BackOffice/Function/Response/responseUser.ts","statementMap":{"0":{"start":{"line":2,"column":0},"end":{"line":2,"column":48}},"1":{"start":{"line":5,"column":2},"end":{"line":8,"column":5}},"2":{"start":{"line":4,"column":0},"end":{"line":4,"column":16}},"3":{"start":{"line":12,"column":2},"end":{"line":15,"column":5}},"4":{"start":{"line":11,"column":0},"end":{"line":11,"column":16}},"5":{"start":{"line":19,"column":2},"end":{"line":23,"column":5}},"6":{"start":{"line":18,"column":0},"end":{"line":18,"column":16}},"7":{"start":{"line":27,"column":2},"end":{"line":31,"column":5}},"8":{"start":{"line":26,"column":0},"end":{"line":26,"column":16}},"9":{"start":{"line":35,"column":2},"end":{"line":38,"column":5}},"10":{"start":{"line":34,"column":0},"end":{"line":34,"column":16}},"11":{"start":{"line":42,"column":2},"end":{"line":47,"column":5}},"12":{"start":{"line":41,"column":0},"end":{"line":41,"column":16}},"13":{"start":{"line":51,"column":2},"end":{"line":56,"column":5}},"14":{"start":{"line":50,"column":0},"end":{"line":50,"column":16}},"15":{"start":{"line":60,"column":2},"end":{"line":65,"column":5}},"16":{"start":{"line":59,"column":0},"end":{"line":59,"column":16}},"17":{"start":{"line":69,"column":2},"end":{"line":74,"column":5}},"18":{"start":{"line":68,"column":0},"end":{"line":68,"column":16}},"19":{"start":{"line":78,"column":2},"end":{"line":83,"column":5}},"20":{"start":{"line":77,"column":0},"end":{"line":77,"column":16}}},"fnMap":{"0":{"name":"responseBadPassword","decl":{"start":{"line":4,"column":16},"end":{"line":4,"column":35}},"loc":{"start":{"line":4,"column":49},"end":{"line":9,"column":1}}},"1":{"name":"responseUserNotFound","decl":{"start":{"line":11,"column":16},"end":{"line":11,"column":36}},"loc":{"start":{"line":11,"column":50},"end":{"line":16,"column":1}}},"2":{"name":"responseErrorWhileGeneratingToken","decl":{"start":{"line":18,"column":16},"end":{"line":18,"column":49}},"loc":{"start":{"line":18,"column":63},"end":{"line":24,"column":1}}},"3":{"name":"responseErrorWhileHashingToken","decl":{"start":{"line":26,"column":16},"end":{"line":26,"column":46}},"loc":{"start":{"line":26,"column":60},"end":{"line":32,"column":1}}},"4":{"name":"responseEmailAlreadyExist","decl":{"start":{"line":34,"column":16},"end":{"line":34,"column":41}},"loc":{"start":{"line":34,"column":55},"end":{"line":39,"column":1}}},"5":{"name":"responseDeleteNotYourAccount","decl":{"start":{"line":41,"column":16},"end":{"line":41,"column":44}},"loc":{"start":{"line":41,"column":58},"end":{"line":48,"column":1}}},"6":{"name":"responseErrorDeletingAccount","decl":{"start":{"line":50,"column":16},"end":{"line":50,"column":44}},"loc":{"start":{"line":50,"column":58},"end":{"line":57,"column":1}}},"7":{"name":"responseErrorSearchingAccount","decl":{"start":{"line":59,"column":16},"end":{"line":59,"column":45}},"loc":{"start":{"line":59,"column":59},"end":{"line":66,"column":1}}},"8":{"name":"responseErrorAddingAccount","decl":{"start":{"line":68,"column":16},"end":{"line":68,"column":42}},"loc":{"start":{"line":68,"column":56},"end":{"line":75,"column":1}}},"9":{"name":"responseErrorChangePassword","decl":{"start":{"line":77,"column":16},"end":{"line":77,"column":43}},"loc":{"start":{"line":77,"column":57},"end":{"line":84,"column":1}}}},"branchMap":{},"s":{"0":9,"1":2,"2":9,"3":0,"4":9,"5":0,"6":9,"7":0,"8":9,"9":1,"10":9,"11":1,"12":9,"13":0,"14":9,"15":0,"16":9,"17":0,"18":9,"19":0,"20":9},"f":{"0":2,"1":0,"2":0,"3":0,"4":1,"5":1,"6":0,"7":0,"8":0,"9":0},"b":{}}
,"/home/kylian/Documents/my/API_BackOffice/Function/Utils/createRoutes.ts": {"path":"/home/kylian/Documents/my/API_BackOffice/Function/Utils/createRoutes.ts","statementMap":{"0":{"start":{"line":1,"column":0},"end":{"line":1,"column":42}},"1":{"start":{"line":2,"column":0},"end":{"line":2,"column":53}},"2":{"start":{"line":5,"column":22},"end":{"line":5,"column":38}},"3":{"start":{"line":6,"column":2},"end":{"line":8,"column":null}},"4":{"start":{"line":7,"column":4},"end":{"line":7,"column":null}},"5":{"start":{"line":9,"column":2},"end":{"line":9,"column":null}},"6":{"start":{"line":26,"column":2},"end":{"line":26,"column":23}},"7":{"start":{"line":13,"column":2},"end":{"line":22,"column":null}},"8":{"start":{"line":14,"column":19},"end":{"line":14,"column":40}},"9":{"start":{"line":15,"column":4},"end":{"line":21,"column":null}},"10":{"start":{"line":16,"column":6},"end":{"line":16,"column":null}},"11":{"start":{"line":17,"column":6},"end":{"line":17,"column":12}},"12":{"start":{"line":20,"column":6},"end":{"line":20,"column":null}},"13":{"start":{"line":27,"column":2},"end":{"line":27,"column":16}}},"fnMap":{"0":{"name":"createRouteFromRoutes","decl":{"start":{"line":4,"column":9},"end":{"line":4,"column":30}},"loc":{"start":{"line":4,"column":44},"end":{"line":10,"column":1}}},"1":{"name":"checkValidator","decl":{"start":{"line":12,"column":9},"end":{"line":12,"column":23}},"loc":{"start":{"line":12,"column":23},"end":{"line":23,"column":1}}},"2":{"name":"(anonymous_3)","decl":{"start":{"line":13,"column":9},"end":{"line":13,"column":10}},"loc":{"start":{"line":13,"column":43},"end":{"line":22,"column":3}}}},"branchMap":{"0":{"loc":{"start":{"line":15,"column":4},"end":{"line":21,"column":null}},"type":"if","locations":[{"start":{"line":15,"column":4},"end":{"line":21,"column":null}},{"start":{"line":19,"column":9},"end":{"line":21,"column":null}}]}},"s":{"0":9,"1":9,"2":81,"3":81,"4":81,"5":81,"6":9,"7":81,"8":44,"9":44,"10":16,"11":16,"12":28,"13":9},"f":{"0":81,"1":81,"2":44},"b":{"0":[16,28]}}
,"/home/kylian/Documents/my/API_BackOffice/Function/Utils/database.ts": {"path":"/home/kylian/Documents/my/API_BackOffice/Function/Utils/database.ts","statementMap":{"0":{"start":{"line":1,"column":0},"end":{"line":1,"column":28}},"1":{"start":{"line":2,"column":0},"end":{"line":2,"column":16}},"2":{"start":{"line":4,"column":17},"end":{"line":4,"column":30}},"3":{"start":{"line":6,"column":13},"end":{"line":12,"column":2}},"4":{"start":{"line":14,"column":9},"end":{"line":14,"column":13}}},"fnMap":{},"branchMap":{},"s":{"0":9,"1":9,"2":9,"3":9,"4":9},"f":{},"b":{}}
,"/home/kylian/Documents/my/API_BackOffice/Function/Utils/generateToken.ts": {"path":"/home/kylian/Documents/my/API_BackOffice/Function/Utils/generateToken.ts","statementMap":{"0":{"start":{"line":2,"column":12},"end":{"line":2,"column":35}},"1":{"start":{"line":5,"column":2},"end":{"line":7,"column":5}},"2":{"start":{"line":4,"column":0},"end":{"line":4,"column":16}},"3":{"start":{"line":11,"column":2},"end":{"line":13,"column":5}},"4":{"start":{"line":10,"column":0},"end":{"line":10,"column":16}},"5":{"start":{"line":18,"column":20},"end":{"line":18,"column":75}},"6":{"start":{"line":19,"column":21},"end":{"line":19,"column":77}},"7":{"start":{"line":21,"column":2},"end":{"line":26,"column":null}},"8":{"start":{"line":17,"column":0},"end":{"line":17,"column":16}},"9":{"start":{"line":30,"column":20},"end":{"line":30,"column":75}},"10":{"start":{"line":32,"column":2},"end":{"line":36,"column":null}},"11":{"start":{"line":29,"column":0},"end":{"line":29,"column":16}}},"fnMap":{"0":{"name":"generateAccessToken","decl":{"start":{"line":4,"column":16},"end":{"line":4,"column":35}},"loc":{"start":{"line":4,"column":49},"end":{"line":8,"column":1}}},"1":{"name":"generateRefreshToken","decl":{"start":{"line":10,"column":16},"end":{"line":10,"column":36}},"loc":{"start":{"line":10,"column":50},"end":{"line":14,"column":1}}},"2":{"name":"generateRefreshAcccesTokens","decl":{"start":{"line":17,"column":16},"end":{"line":17,"column":43}},"loc":{"start":{"line":17,"column":53},"end":{"line":27,"column":1}}},"3":{"name":"generateAccesToken","decl":{"start":{"line":29,"column":16},"end":{"line":29,"column":34}},"loc":{"start":{"line":29,"column":44},"end":{"line":37,"column":1}}}},"branchMap":{},"s":{"0":9,"1":4,"2":9,"3":3,"4":9,"5":3,"6":3,"7":3,"8":9,"9":1,"10":1,"11":9},"f":{"0":4,"1":3,"2":3,"3":1},"b":{}}
,"/home/kylian/Documents/my/API_BackOffice/Function/Utils/simpleCondition.ts": {"path":"/home/kylian/Documents/my/API_BackOffice/Function/Utils/simpleCondition.ts","statementMap":{"0":{"start":{"line":3,"column":2},"end":{"line":5,"column":null}},"1":{"start":{"line":4,"column":4},"end":{"line":4,"column":null}},"2":{"start":{"line":6,"column":2},"end":{"line":6,"column":null}},"3":{"start":{"line":2,"column":0},"end":{"line":2,"column":16}}},"fnMap":{"0":{"name":"rowIsVoid","decl":{"start":{"line":2,"column":16},"end":{"line":2,"column":25}},"loc":{"start":{"line":2,"column":35},"end":{"line":7,"column":1}}}},"branchMap":{"0":{"loc":{"start":{"line":3,"column":2},"end":{"line":5,"column":null}},"type":"if","locations":[{"start":{"line":3,"column":2},"end":{"line":5,"column":null}}]}},"s":{"0":11,"1":2,"2":9,"3":9},"f":{"0":11},"b":{"0":[2]}}
,"/home/kylian/Documents/my/API_BackOffice/Function/Utils/verifToken.ts": {"path":"/home/kylian/Documents/my/API_BackOffice/Function/Utils/verifToken.ts","statementMap":{"0":{"start":{"line":2,"column":0},"end":{"line":2,"column":28}},"1":{"start":{"line":4,"column":0},"end":{"line":4,"column":null}},"2":{"start":{"line":10,"column":12},"end":{"line":10,"column":35}},"3":{"start":{"line":11,"column":0},"end":{"line":11,"column":16}},"4":{"start":{"line":17,"column":2},"end":{"line":40,"column":null}},"5":{"start":{"line":18,"column":4},"end":{"line":31,"column":null}},"6":{"start":{"line":19,"column":18},"end":{"line":19,"column":42}},"7":{"start":{"line":20,"column":6},"end":{"line":27,"column":null}},"8":{"start":{"line":20,"column":32},"end":{"line":20,"column":65}},"9":{"start":{"line":22,"column":8},"end":{"line":22,"column":73}},"10":{"start":{"line":23,"column":29},"end":{"line":25,"column":10}},"11":{"start":{"line":26,"column":8},"end":{"line":26,"column":44}},"12":{"start":{"line":29,"column":6},"end":{"line":29,"column":33}},"13":{"start":{"line":30,"column":6},"end":{"line":30,"column":36}},"14":{"start":{"line":33,"column":4},"end":{"line":39,"column":null}},"15":{"start":{"line":34,"column":6},"end":{"line":34,"column":32}},"16":{"start":{"line":35,"column":6},"end":{"line":35,"column":36}},"17":{"start":{"line":37,"column":6},"end":{"line":37,"column":32}},"18":{"start":{"line":38,"column":6},"end":{"line":38,"column":36}},"19":{"start":{"line":13,"column":0},"end":{"line":13,"column":22}},"20":{"start":{"line":47,"column":2},"end":{"line":70,"column":null}},"21":{"start":{"line":48,"column":4},"end":{"line":61,"column":null}},"22":{"start":{"line":49,"column":18},"end":{"line":49,"column":42}},"23":{"start":{"line":50,"column":6},"end":{"line":57,"column":null}},"24":{"start":{"line":50,"column":32},"end":{"line":50,"column":65}},"25":{"start":{"line":52,"column":8},"end":{"line":52,"column":62}},"26":{"start":{"line":53,"column":29},"end":{"line":55,"column":10}},"27":{"start":{"line":56,"column":8},"end":{"line":56,"column":44}},"28":{"start":{"line":59,"column":6},"end":{"line":59,"column":33}},"29":{"start":{"line":60,"column":6},"end":{"line":60,"column":36}},"30":{"start":{"line":63,"column":4},"end":{"line":69,"column":null}},"31":{"start":{"line":64,"column":6},"end":{"line":64,"column":32}},"32":{"start":{"line":65,"column":6},"end":{"line":65,"column":36}},"33":{"start":{"line":67,"column":6},"end":{"line":67,"column":32}},"34":{"start":{"line":68,"column":6},"end":{"line":68,"column":36}},"35":{"start":{"line":43,"column":0},"end":{"line":43,"column":22}}},"fnMap":{"0":{"name":"verifRefreshToken","decl":{"start":{"line":13,"column":22},"end":{"line":13,"column":39}},"loc":{"start":{"line":15,"column":15},"end":{"line":41,"column":null}}},"1":{"name":"verifToken","decl":{"start":{"line":43,"column":22},"end":{"line":43,"column":32}},"loc":{"start":{"line":45,"column":15},"end":{"line":71,"column":null}}}},"branchMap":{"0":{"loc":{"start":{"line":18,"column":4},"end":{"line":31,"column":null}},"type":"if","locations":[{"start":{"line":18,"column":4},"end":{"line":31,"column":null}},{"start":{"line":28,"column":11},"end":{"line":31,"column":null}}]},"1":{"loc":{"start":{"line":20,"column":6},"end":{"line":27,"column":null}},"type":"if","locations":[{"start":{"line":20,"column":6},"end":{"line":27,"column":null}},{"start":{"line":21,"column":11},"end":{"line":27,"column":null}}]},"2":{"loc":{"start":{"line":33,"column":4},"end":{"line":39,"column":null}},"type":"if","locations":[{"start":{"line":33,"column":4},"end":{"line":39,"column":null}},{"start":{"line":36,"column":11},"end":{"line":39,"column":null}}]},"3":{"loc":{"start":{"line":48,"column":4},"end":{"line":61,"column":null}},"type":"if","locations":[{"start":{"line":48,"column":4},"end":{"line":61,"column":null}},{"start":{"line":58,"column":11},"end":{"line":61,"column":null}}]},"4":{"loc":{"start":{"line":50,"column":6},"end":{"line":57,"column":null}},"type":"if","locations":[{"start":{"line":50,"column":6},"end":{"line":57,"column":null}},{"start":{"line":51,"column":11},"end":{"line":57,"column":null}}]},"5":{"loc":{"start":{"line":63,"column":4},"end":{"line":69,"column":null}},"type":"if","locations":[{"start":{"line":63,"column":4},"end":{"line":69,"column":null}},{"start":{"line":66,"column":11},"end":{"line":69,"column":null}}]}},"s":{"0":9,"1":9,"2":9,"3":9,"4":0,"5":0,"6":0,"7":0,"8":0,"9":0,"10":0,"11":0,"12":0,"13":0,"14":0,"15":0,"16":0,"17":0,"18":0,"19":9,"20":23,"21":23,"22":17,"23":17,"24":0,"25":17,"26":10,"27":10,"28":6,"29":6,"30":7,"31":7,"32":7,"33":0,"34":0,"35":9},"f":{"0":0,"1":23},"b":{"0":[0,0],"1":[0,0],"2":[0,0],"3":[17,6],"4":[0,17],"5":[7,0]}}
,"/home/kylian/Documents/my/API_BackOffice/Function/checkParams/checkArticle.ts": {"path":"/home/kylian/Documents/my/API_BackOffice/Function/checkParams/checkArticle.ts","statementMap":{"0":{"start":{"line":3,"column":13},"end":{"line":10,"column":2}},"1":{"start":{"line":12,"column":13},"end":{"line":19,"column":2}},"2":{"start":{"line":21,"column":13},"end":{"line":28,"column":2}}},"fnMap":{},"branchMap":{},"s":{"0":9,"1":9,"2":9},"f":{},"b":{}}
,"/home/kylian/Documents/my/API_BackOffice/Function/checkParams/checkEmail.ts": {"path":"/home/kylian/Documents/my/API_BackOffice/Function/checkParams/checkEmail.ts","statementMap":{"0":{"start":{"line":3,"column":13},"end":{"line":14,"column":null}}},"fnMap":{},"branchMap":{},"s":{"0":9},"f":{},"b":{}}
,"/home/kylian/Documents/my/API_BackOffice/Function/checkParams/checkPassword.ts": {"path":"/home/kylian/Documents/my/API_BackOffice/Function/checkParams/checkPassword.ts","statementMap":{"0":{"start":{"line":3,"column":13},"end":{"line":16,"column":null}},"1":{"start":{"line":12,"column":6},"end":{"line":12,"column":null}}},"fnMap":{"0":{"name":"(anonymous_0)","decl":{"start":{"line":11,"column":13},"end":{"line":11,"column":14}},"loc":{"start":{"line":11,"column":31},"end":{"line":13,"column":5}}}},"branchMap":{},"s":{"0":9,"1":21},"f":{"0":21},"b":{}}
,"/home/kylian/Documents/my/API_BackOffice/Middlewares/Articles/createArticle.ts": {"path":"/home/kylian/Documents/my/API_BackOffice/Middlewares/Articles/createArticle.ts","statementMap":{"0":{"start":{"line":2,"column":0},"end":{"line":2,"column":63}},"1":{"start":{"line":3,"column":0},"end":{"line":3,"column":85}},"2":{"start":{"line":5,"column":0},"end":{"line":5,"column":53}},"3":{"start":{"line":6,"column":0},"end":{"line":6,"column":61}},"4":{"start":{"line":10,"column":2},"end":{"line":24,"column":4}},"5":{"start":{"line":13,"column":6},"end":{"line":22,"column":null}},"6":{"start":{"line":14,"column":8},"end":{"line":14,"column":29}},"7":{"start":{"line":15,"column":8},"end":{"line":15,"column":40}},"8":{"start":{"line":17,"column":8},"end":{"line":21,"column":11}},"9":{"start":{"line":28,"column":13},"end":{"line":28,"column":28}},"10":{"start":{"line":29,"column":16},"end":{"line":29,"column":64}},"11":{"start":{"line":30,"column":14},"end":{"line":30,"column":39}},"12":{"start":{"line":31,"column":2},"end":{"line":40,"column":null}},"13":{"start":{"line":32,"column":29},"end":{"line":38,"column":6}},"14":{"start":{"line":39,"column":4},"end":{"line":39,"column":33}},"15":{"start":{"line":27,"column":0},"end":{"line":27,"column":22}}},"fnMap":{"0":{"name":"addArticleToDb","decl":{"start":{"line":9,"column":9},"end":{"line":9,"column":23}},"loc":{"start":{"line":9,"column":55},"end":{"line":25,"column":1}}},"1":{"name":"(anonymous_8)","decl":{"start":{"line":12,"column":4},"end":{"line":12,"column":5}},"loc":{"start":{"line":12,"column":19},"end":{"line":23,"column":5}}},"2":{"name":"createArticle","decl":{"start":{"line":27,"column":22},"end":{"line":27,"column":35}},"loc":{"start":{"line":27,"column":63},"end":{"line":41,"column":null}}}},"branchMap":{"0":{"loc":{"start":{"line":13,"column":6},"end":{"line":22,"column":null}},"type":"if","locations":[{"start":{"line":13,"column":6},"end":{"line":22,"column":null}},{"start":{"line":16,"column":13},"end":{"line":22,"column":null}}]},"1":{"loc":{"start":{"line":31,"column":2},"end":{"line":40,"column":null}},"type":"if","locations":[{"start":{"line":31,"column":2},"end":{"line":40,"column":null}}]}},"s":{"0":9,"1":9,"2":9,"3":9,"4":0,"5":0,"6":0,"7":0,"8":0,"9":2,"10":2,"11":2,"12":2,"13":0,"14":0,"15":9},"f":{"0":0,"1":0,"2":2},"b":{"0":[0,0],"1":[0]}}
,"/home/kylian/Documents/my/API_BackOffice/Middlewares/Articles/deleteArticle.ts": {"path":"/home/kylian/Documents/my/API_BackOffice/Middlewares/Articles/deleteArticle.ts","statementMap":{"0":{"start":{"line":3,"column":0},"end":{"line":3,"column":null}},"1":{"start":{"line":9,"column":0},"end":{"line":9,"column":64}},"2":{"start":{"line":10,"column":0},"end":{"line":10,"column":53}},"3":{"start":{"line":11,"column":0},"end":{"line":11,"column":65}},"4":{"start":{"line":12,"column":0},"end":{"line":12,"column":61}},"5":{"start":{"line":16,"column":2},"end":{"line":29,"column":4}},"6":{"start":{"line":19,"column":6},"end":{"line":27,"column":null}},"7":{"start":{"line":20,"column":8},"end":{"line":20,"column":43}},"8":{"start":{"line":22,"column":8},"end":{"line":26,"column":null}},"9":{"start":{"line":23,"column":10},"end":{"line":23,"column":44}},"10":{"start":{"line":25,"column":10},"end":{"line":25,"column":37}},"11":{"start":{"line":33,"column":2},"end":{"line":42,"column":4}},"12":{"start":{"line":36,"column":6},"end":{"line":40,"column":null}},"13":{"start":{"line":37,"column":8},"end":{"line":37,"column":44}},"14":{"start":{"line":39,"column":8},"end":{"line":39,"column":24}},"15":{"start":{"line":46,"column":16},"end":{"line":46,"column":64}},"16":{"start":{"line":47,"column":14},"end":{"line":47,"column":39}},"17":{"start":{"line":48,"column":2},"end":{"line":50,"column":null}},"18":{"start":{"line":49,"column":4},"end":{"line":49,"column":57}},"19":{"start":{"line":45,"column":0},"end":{"line":45,"column":22}}},"fnMap":{"0":{"name":"checkArticleToDb","decl":{"start":{"line":15,"column":9},"end":{"line":15,"column":25}},"loc":{"start":{"line":15,"column":68},"end":{"line":30,"column":1}}},"1":{"name":"(anonymous_8)","decl":{"start":{"line":18,"column":4},"end":{"line":18,"column":5}},"loc":{"start":{"line":18,"column":43},"end":{"line":28,"column":5}}},"2":{"name":"deleteArticleToDb","decl":{"start":{"line":32,"column":9},"end":{"line":32,"column":26}},"loc":{"start":{"line":32,"column":52},"end":{"line":43,"column":1}}},"3":{"name":"(anonymous_10)","decl":{"start":{"line":35,"column":4},"end":{"line":35,"column":5}},"loc":{"start":{"line":35,"column":19},"end":{"line":41,"column":5}}},"4":{"name":"deleteArticle","decl":{"start":{"line":45,"column":22},"end":{"line":45,"column":35}},"loc":{"start":{"line":45,"column":63},"end":{"line":52,"column":null}}}},"branchMap":{"0":{"loc":{"start":{"line":19,"column":6},"end":{"line":27,"column":null}},"type":"if","locations":[{"start":{"line":19,"column":6},"end":{"line":27,"column":null}},{"start":{"line":21,"column":13},"end":{"line":27,"column":null}}]},"1":{"loc":{"start":{"line":22,"column":8},"end":{"line":26,"column":null}},"type":"if","locations":[{"start":{"line":22,"column":8},"end":{"line":26,"column":null}},{"start":{"line":24,"column":15},"end":{"line":26,"column":null}}]},"2":{"loc":{"start":{"line":36,"column":6},"end":{"line":40,"column":null}},"type":"if","locations":[{"start":{"line":36,"column":6},"end":{"line":40,"column":null}},{"start":{"line":38,"column":13},"end":{"line":40,"column":null}}]},"3":{"loc":{"start":{"line":48,"column":2},"end":{"line":50,"column":null}},"type":"if","locations":[{"start":{"line":48,"column":2},"end":{"line":50,"column":null}}]}},"s":{"0":9,"1":9,"2":9,"3":9,"4":9,"5":0,"6":0,"7":0,"8":0,"9":0,"10":0,"11":0,"12":0,"13":0,"14":0,"15":1,"16":1,"17":1,"18":0,"19":9},"f":{"0":0,"1":0,"2":0,"3":0,"4":1},"b":{"0":[0,0],"1":[0,0],"2":[0,0],"3":[0]}}
,"/home/kylian/Documents/my/API_BackOffice/Middlewares/Articles/getArticles.ts": {"path":"/home/kylian/Documents/my/API_BackOffice/Middlewares/Articles/getArticles.ts","statementMap":{"0":{"start":{"line":2,"column":0},"end":{"line":2,"column":63}},"1":{"start":{"line":3,"column":0},"end":{"line":3,"column":53}},"2":{"start":{"line":4,"column":0},"end":{"line":4,"column":61}},"3":{"start":{"line":7,"column":2},"end":{"line":24,"column":4}},"4":{"start":{"line":10,"column":6},"end":{"line":22,"column":null}},"5":{"start":{"line":11,"column":8},"end":{"line":14,"column":11}},"6":{"start":{"line":16,"column":8},"end":{"line":17,"column":41}},"7":{"start":{"line":16,"column":21},"end":{"line":16,"column":22}},"8":{"start":{"line":17,"column":10},"end":{"line":17,"column":41}},"9":{"start":{"line":18,"column":8},"end":{"line":21,"column":11}},"10":{"start":{"line":6,"column":0},"end":{"line":6,"column":22}},"11":{"start":{"line":32,"column":2},"end":{"line":49,"column":4}},"12":{"start":{"line":35,"column":6},"end":{"line":47,"column":null}},"13":{"start":{"line":36,"column":8},"end":{"line":39,"column":11}},"14":{"start":{"line":41,"column":8},"end":{"line":42,"column":41}},"15":{"start":{"line":41,"column":21},"end":{"line":41,"column":22}},"16":{"start":{"line":42,"column":10},"end":{"line":42,"column":41}},"17":{"start":{"line":43,"column":8},"end":{"line":46,"column":11}},"18":{"start":{"line":27,"column":0},"end":{"line":27,"column":22}},"19":{"start":{"line":53,"column":16},"end":{"line":53,"column":64}},"20":{"start":{"line":54,"column":14},"end":{"line":54,"column":39}},"21":{"start":{"line":55,"column":2},"end":{"line":61,"column":null}},"22":{"start":{"line":56,"column":4},"end":{"line":60,"column":null}},"23":{"start":{"line":57,"column":6},"end":{"line":57,"column":60}},"24":{"start":{"line":59,"column":6},"end":{"line":59,"column":50}},"25":{"start":{"line":52,"column":0},"end":{"line":52,"column":22}}},"fnMap":{"0":{"name":"getArticlesToDb","decl":{"start":{"line":6,"column":22},"end":{"line":6,"column":37}},"loc":{"start":{"line":6,"column":77},"end":{"line":25,"column":null}}},"1":{"name":"(anonymous_9)","decl":{"start":{"line":9,"column":4},"end":{"line":9,"column":5}},"loc":{"start":{"line":9,"column":43},"end":{"line":23,"column":5}}},"2":{"name":"getArticlesToDbWithSearch","decl":{"start":{"line":27,"column":22},"end":{"line":27,"column":47}},"loc":{"start":{"line":30,"column":12},"end":{"line":50,"column":null}}},"3":{"name":"(anonymous_12)","decl":{"start":{"line":34,"column":4},"end":{"line":34,"column":5}},"loc":{"start":{"line":34,"column":43},"end":{"line":48,"column":5}}},"4":{"name":"getArticles","decl":{"start":{"line":52,"column":22},"end":{"line":52,"column":33}},"loc":{"start":{"line":52,"column":61},"end":{"line":62,"column":null}}}},"branchMap":{"0":{"loc":{"start":{"line":10,"column":6},"end":{"line":22,"column":null}},"type":"if","locations":[{"start":{"line":10,"column":6},"end":{"line":22,"column":null}},{"start":{"line":15,"column":13},"end":{"line":22,"column":null}}]},"1":{"loc":{"start":{"line":35,"column":6},"end":{"line":47,"column":null}},"type":"if","locations":[{"start":{"line":35,"column":6},"end":{"line":47,"column":null}},{"start":{"line":40,"column":13},"end":{"line":47,"column":null}}]},"2":{"loc":{"start":{"line":55,"column":2},"end":{"line":61,"column":null}},"type":"if","locations":[{"start":{"line":55,"column":2},"end":{"line":61,"column":null}}]},"3":{"loc":{"start":{"line":56,"column":4},"end":{"line":60,"column":null}},"type":"if","locations":[{"start":{"line":56,"column":4},"end":{"line":60,"column":null}},{"start":{"line":58,"column":11},"end":{"line":60,"column":null}}]}},"s":{"0":9,"1":9,"2":9,"3":1,"4":1,"5":0,"6":1,"7":1,"8":1,"9":1,"10":9,"11":1,"12":1,"13":0,"14":1,"15":1,"16":1,"17":1,"18":9,"19":4,"20":4,"21":4,"22":2,"23":1,"24":1,"25":9},"f":{"0":1,"1":1,"2":1,"3":1,"4":4},"b":{"0":[0,1],"1":[0,1],"2":[2],"3":[1,1]}}
,"/home/kylian/Documents/my/API_BackOffice/Middlewares/Articles/updateArticle.ts": {"path":"/home/kylian/Documents/my/API_BackOffice/Middlewares/Articles/updateArticle.ts","statementMap":{"0":{"start":{"line":3,"column":0},"end":{"line":3,"column":null}},"1":{"start":{"line":8,"column":0},"end":{"line":8,"column":64}},"2":{"start":{"line":9,"column":0},"end":{"line":9,"column":53}},"3":{"start":{"line":10,"column":0},"end":{"line":10,"column":65}},"4":{"start":{"line":11,"column":0},"end":{"line":11,"column":61}},"5":{"start":{"line":15,"column":2},"end":{"line":24,"column":4}},"6":{"start":{"line":18,"column":6},"end":{"line":22,"column":null}},"7":{"start":{"line":19,"column":8},"end":{"line":19,"column":40}},"8":{"start":{"line":21,"column":8},"end":{"line":21,"column":24}},"9":{"start":{"line":28,"column":16},"end":{"line":28,"column":64}},"10":{"start":{"line":29,"column":14},"end":{"line":29,"column":39}},"11":{"start":{"line":30,"column":2},"end":{"line":52,"column":null}},"12":{"start":{"line":31,"column":29},"end":{"line":37,"column":6}},"13":{"start":{"line":38,"column":4},"end":{"line":51,"column":6}},"14":{"start":{"line":41,"column":8},"end":{"line":49,"column":null}},"15":{"start":{"line":42,"column":10},"end":{"line":42,"column":45}},"16":{"start":{"line":44,"column":10},"end":{"line":48,"column":null}},"17":{"start":{"line":45,"column":12},"end":{"line":45,"column":41}},"18":{"start":{"line":47,"column":12},"end":{"line":47,"column":42}},"19":{"start":{"line":27,"column":0},"end":{"line":27,"column":22}}},"fnMap":{"0":{"name":"remplaceArticle","decl":{"start":{"line":14,"column":9},"end":{"line":14,"column":24}},"loc":{"start":{"line":14,"column":56},"end":{"line":25,"column":1}}},"1":{"name":"(anonymous_8)","decl":{"start":{"line":17,"column":4},"end":{"line":17,"column":5}},"loc":{"start":{"line":17,"column":43},"end":{"line":23,"column":5}}},"2":{"name":"updateArticles","decl":{"start":{"line":27,"column":22},"end":{"line":27,"column":36}},"loc":{"start":{"line":27,"column":64},"end":{"line":53,"column":null}}},"3":{"name":"(anonymous_11)","decl":{"start":{"line":40,"column":6},"end":{"line":40,"column":7}},"loc":{"start":{"line":40,"column":45},"end":{"line":50,"column":7}}}},"branchMap":{"0":{"loc":{"start":{"line":18,"column":6},"end":{"line":22,"column":null}},"type":"if","locations":[{"start":{"line":18,"column":6},"end":{"line":22,"column":null}},{"start":{"line":20,"column":13},"end":{"line":22,"column":null}}]},"1":{"loc":{"start":{"line":30,"column":2},"end":{"line":52,"column":null}},"type":"if","locations":[{"start":{"line":30,"column":2},"end":{"line":52,"column":null}}]},"2":{"loc":{"start":{"line":41,"column":8},"end":{"line":49,"column":null}},"type":"if","locations":[{"start":{"line":41,"column":8},"end":{"line":49,"column":null}},{"start":{"line":43,"column":15},"end":{"line":49,"column":null}}]},"3":{"loc":{"start":{"line":44,"column":10},"end":{"line":48,"column":null}},"type":"if","locations":[{"start":{"line":44,"column":10},"end":{"line":48,"column":null}},{"start":{"line":46,"column":17},"end":{"line":48,"column":null}}]}},"s":{"0":9,"1":9,"2":9,"3":9,"4":9,"5":1,"6":1,"7":0,"8":1,"9":3,"10":3,"11":3,"12":1,"13":1,"14":1,"15":0,"16":1,"17":0,"18":1,"19":9},"f":{"0":1,"1":1,"2":3,"3":1},"b":{"0":[0,1],"1":[1],"2":[0,1],"3":[0,1]}}
,"/home/kylian/Documents/my/API_BackOffice/Middlewares/Auth/deleteAccount.ts": {"path":"/home/kylian/Documents/my/API_BackOffice/Middlewares/Auth/deleteAccount.ts","statementMap":{"0":{"start":{"line":2,"column":0},"end":{"line":2,"column":64}},"1":{"start":{"line":3,"column":0},"end":{"line":3,"column":null}},"2":{"start":{"line":10,"column":0},"end":{"line":10,"column":53}},"3":{"start":{"line":11,"column":0},"end":{"line":11,"column":65}},"4":{"start":{"line":12,"column":0},"end":{"line":12,"column":61}},"5":{"start":{"line":13,"column":15},"end":{"line":13,"column":32}},"6":{"start":{"line":16,"column":2},"end":{"line":25,"column":4}},"7":{"start":{"line":19,"column":6},"end":{"line":23,"column":null}},"8":{"start":{"line":20,"column":8},"end":{"line":20,"column":42}},"9":{"start":{"line":22,"column":8},"end":{"line":22,"column":24}},"10":{"start":{"line":15,"column":0},"end":{"line":15,"column":22}},"11":{"start":{"line":29,"column":2},"end":{"line":39,"column":4}},"12":{"start":{"line":33,"column":6},"end":{"line":37,"column":null}},"13":{"start":{"line":34,"column":8},"end":{"line":34,"column":33}},"14":{"start":{"line":36,"column":8},"end":{"line":36,"column":36}},"15":{"start":{"line":28,"column":0},"end":{"line":28,"column":22}},"16":{"start":{"line":43,"column":2},"end":{"line":56,"column":4}},"17":{"start":{"line":46,"column":6},"end":{"line":54,"column":null}},"18":{"start":{"line":47,"column":8},"end":{"line":47,"column":43}},"19":{"start":{"line":49,"column":8},"end":{"line":53,"column":null}},"20":{"start":{"line":50,"column":10},"end":{"line":50,"column":36}},"21":{"start":{"line":52,"column":10},"end":{"line":52,"column":53}},"22":{"start":{"line":42,"column":0},"end":{"line":42,"column":22}},"23":{"start":{"line":60,"column":16},"end":{"line":60,"column":64}},"24":{"start":{"line":61,"column":14},"end":{"line":61,"column":39}},"25":{"start":{"line":62,"column":2},"end":{"line":68,"column":null}},"26":{"start":{"line":63,"column":4},"end":{"line":67,"column":null}},"27":{"start":{"line":64,"column":6},"end":{"line":64,"column":40}},"28":{"start":{"line":66,"column":6},"end":{"line":66,"column":30}},"29":{"start":{"line":59,"column":0},"end":{"line":59,"column":22}}},"fnMap":{"0":{"name":"deleteAccountToDb","decl":{"start":{"line":15,"column":22},"end":{"line":15,"column":39}},"loc":{"start":{"line":15,"column":67},"end":{"line":26,"column":null}}},"1":{"name":"(anonymous_9)","decl":{"start":{"line":18,"column":4},"end":{"line":18,"column":5}},"loc":{"start":{"line":18,"column":43},"end":{"line":24,"column":5}}},"2":{"name":"comparePassword","decl":{"start":{"line":28,"column":22},"end":{"line":28,"column":37}},"loc":{"start":{"line":28,"column":76},"end":{"line":40,"column":null}}},"3":{"name":"(anonymous_12)","decl":{"start":{"line":32,"column":4},"end":{"line":32,"column":14}},"loc":{"start":{"line":32,"column":35},"end":{"line":38,"column":5}}},"4":{"name":"checkMailToDb","decl":{"start":{"line":42,"column":22},"end":{"line":42,"column":35}},"loc":{"start":{"line":42,"column":63},"end":{"line":57,"column":null}}},"5":{"name":"(anonymous_15)","decl":{"start":{"line":45,"column":4},"end":{"line":45,"column":5}},"loc":{"start":{"line":45,"column":43},"end":{"line":55,"column":5}}},"6":{"name":"deleteAccount","decl":{"start":{"line":59,"column":22},"end":{"line":59,"column":35}},"loc":{"start":{"line":59,"column":63},"end":{"line":69,"column":null}}}},"branchMap":{"0":{"loc":{"start":{"line":19,"column":6},"end":{"line":23,"column":null}},"type":"if","locations":[{"start":{"line":19,"column":6},"end":{"line":23,"column":null}},{"start":{"line":21,"column":13},"end":{"line":23,"column":null}}]},"1":{"loc":{"start":{"line":33,"column":6},"end":{"line":37,"column":null}},"type":"if","locations":[{"start":{"line":33,"column":6},"end":{"line":37,"column":null}},{"start":{"line":35,"column":13},"end":{"line":37,"column":null}}]},"2":{"loc":{"start":{"line":46,"column":6},"end":{"line":54,"column":null}},"type":"if","locations":[{"start":{"line":46,"column":6},"end":{"line":54,"column":null}},{"start":{"line":48,"column":13},"end":{"line":54,"column":null}}]},"3":{"loc":{"start":{"line":49,"column":8},"end":{"line":53,"column":null}},"type":"if","locations":[{"start":{"line":49,"column":8},"end":{"line":53,"column":null}},{"start":{"line":51,"column":15},"end":{"line":53,"column":null}}]},"4":{"loc":{"start":{"line":62,"column":2},"end":{"line":68,"column":null}},"type":"if","locations":[{"start":{"line":62,"column":2},"end":{"line":68,"column":null}}]},"5":{"loc":{"start":{"line":63,"column":4},"end":{"line":67,"column":null}},"type":"if","locations":[{"start":{"line":63,"column":4},"end":{"line":67,"column":null}},{"start":{"line":65,"column":11},"end":{"line":67,"column":null}}]}},"s":{"0":9,"1":9,"2":9,"3":9,"4":9,"5":9,"6":2,"7":2,"8":0,"9":2,"10":9,"11":3,"12":3,"13":1,"14":2,"15":9,"16":3,"17":3,"18":0,"19":3,"20":0,"21":3,"22":9,"23":6,"24":6,"25":6,"26":4,"27":1,"28":3,"29":9},"f":{"0":2,"1":2,"2":3,"3":3,"4":3,"5":3,"6":6},"b":{"0":[0,2],"1":[1,2],"2":[0,3],"3":[0,3],"4":[4],"5":[1,3]}}
,"/home/kylian/Documents/my/API_BackOffice/Middlewares/Auth/login.ts": {"path":"/home/kylian/Documents/my/API_BackOffice/Middlewares/Auth/login.ts","statementMap":{"0":{"start":{"line":2,"column":0},"end":{"line":2,"column":63}},"1":{"start":{"line":4,"column":0},"end":{"line":4,"column":null}},"2":{"start":{"line":9,"column":0},"end":{"line":9,"column":53}},"3":{"start":{"line":10,"column":0},"end":{"line":10,"column":81}},"4":{"start":{"line":11,"column":0},"end":{"line":11,"column":65}},"5":{"start":{"line":13,"column":15},"end":{"line":13,"column":32}},"6":{"start":{"line":16,"column":2},"end":{"line":26,"column":4}},"7":{"start":{"line":20,"column":6},"end":{"line":24,"column":null}},"8":{"start":{"line":21,"column":8},"end":{"line":21,"column":33}},"9":{"start":{"line":23,"column":8},"end":{"line":23,"column":75}},"10":{"start":{"line":15,"column":0},"end":{"line":15,"column":22}},"11":{"start":{"line":30,"column":2},"end":{"line":43,"column":4}},"12":{"start":{"line":33,"column":6},"end":{"line":41,"column":null}},"13":{"start":{"line":34,"column":8},"end":{"line":34,"column":43}},"14":{"start":{"line":36,"column":8},"end":{"line":40,"column":null}},"15":{"start":{"line":37,"column":10},"end":{"line":37,"column":36}},"16":{"start":{"line":39,"column":10},"end":{"line":39,"column":53}},"17":{"start":{"line":29,"column":0},"end":{"line":29,"column":22}}},"fnMap":{"0":{"name":"comparePassword","decl":{"start":{"line":15,"column":22},"end":{"line":15,"column":37}},"loc":{"start":{"line":15,"column":76},"end":{"line":27,"column":null}}},"1":{"name":"(anonymous_9)","decl":{"start":{"line":19,"column":4},"end":{"line":19,"column":14}},"loc":{"start":{"line":19,"column":35},"end":{"line":25,"column":5}}},"2":{"name":"login","decl":{"start":{"line":29,"column":22},"end":{"line":29,"column":27}},"loc":{"start":{"line":29,"column":55},"end":{"line":44,"column":null}}},"3":{"name":"(anonymous_12)","decl":{"start":{"line":32,"column":4},"end":{"line":32,"column":5}},"loc":{"start":{"line":32,"column":43},"end":{"line":42,"column":5}}}},"branchMap":{"0":{"loc":{"start":{"line":20,"column":6},"end":{"line":24,"column":null}},"type":"if","locations":[{"start":{"line":20,"column":6},"end":{"line":24,"column":null}},{"start":{"line":22,"column":13},"end":{"line":24,"column":null}}]},"1":{"loc":{"start":{"line":33,"column":6},"end":{"line":41,"column":null}},"type":"if","locations":[{"start":{"line":33,"column":6},"end":{"line":41,"column":null}},{"start":{"line":35,"column":13},"end":{"line":41,"column":null}}]},"2":{"loc":{"start":{"line":36,"column":8},"end":{"line":40,"column":null}},"type":"if","locations":[{"start":{"line":36,"column":8},"end":{"line":40,"column":null}},{"start":{"line":38,"column":15},"end":{"line":40,"column":null}}]}},"s":{"0":9,"1":9,"2":9,"3":9,"4":9,"5":9,"6":2,"7":2,"8":1,"9":1,"10":9,"11":2,"12":2,"13":0,"14":2,"15":0,"16":2,"17":9},"f":{"0":2,"1":2,"2":2,"3":2},"b":{"0":[1,1],"1":[0,2],"2":[0,2]}}
,"/home/kylian/Documents/my/API_BackOffice/Middlewares/Auth/refreshAccessToken.ts": {"path":"/home/kylian/Documents/my/API_BackOffice/Middlewares/Auth/refreshAccessToken.ts","statementMap":{"0":{"start":{"line":2,"column":0},"end":{"line":2,"column":48}},"1":{"start":{"line":3,"column":0},"end":{"line":3,"column":72}},"2":{"start":{"line":4,"column":0},"end":{"line":4,"column":61}},"3":{"start":{"line":5,"column":15},"end":{"line":5,"column":32}},"4":{"start":{"line":8,"column":16},"end":{"line":8,"column":64}},"5":{"start":{"line":9,"column":14},"end":{"line":9,"column":39}},"6":{"start":{"line":10,"column":2},"end":{"line":16,"column":null}},"7":{"start":{"line":11,"column":15},"end":{"line":14,"column":6}},"8":{"start":{"line":15,"column":4},"end":{"line":15,"column":62}},"9":{"start":{"line":7,"column":0},"end":{"line":7,"column":22}}},"fnMap":{"0":{"name":"refreshAccessToken","decl":{"start":{"line":7,"column":22},"end":{"line":7,"column":40}},"loc":{"start":{"line":7,"column":68},"end":{"line":18,"column":null}}}},"branchMap":{"0":{"loc":{"start":{"line":10,"column":2},"end":{"line":16,"column":null}},"type":"if","locations":[{"start":{"line":10,"column":2},"end":{"line":16,"column":null}}]}},"s":{"0":9,"1":9,"2":9,"3":9,"4":3,"5":3,"6":3,"7":1,"8":1,"9":9},"f":{"0":3},"b":{"0":[1]}}
,"/home/kylian/Documents/my/API_BackOffice/Middlewares/Auth/register.ts": {"path":"/home/kylian/Documents/my/API_BackOffice/Middlewares/Auth/register.ts","statementMap":{"0":{"start":{"line":2,"column":0},"end":{"line":2,"column":63}},"1":{"start":{"line":3,"column":0},"end":{"line":3,"column":null}},"2":{"start":{"line":10,"column":0},"end":{"line":10,"column":53}},"3":{"start":{"line":11,"column":0},"end":{"line":11,"column":81}},"4":{"start":{"line":12,"column":0},"end":{"line":12,"column":65}},"5":{"start":{"line":14,"column":15},"end":{"line":14,"column":32}},"6":{"start":{"line":17,"column":2},"end":{"line":26,"column":4}},"7":{"start":{"line":20,"column":6},"end":{"line":23,"column":null}},"8":{"start":{"line":21,"column":8},"end":{"line":21,"column":40}},"9":{"start":{"line":22,"column":8},"end":{"line":22,"column":21}},"10":{"start":{"line":24,"column":6},"end":{"line":24,"column":18}},"11":{"start":{"line":27,"column":2},"end":{"line":27,"column":14}},"12":{"start":{"line":31,"column":21},"end":{"line":31,"column":23}},"13":{"start":{"line":33,"column":2},"end":{"line":48,"column":5}},"14":{"start":{"line":34,"column":4},"end":{"line":37,"column":null}},"15":{"start":{"line":35,"column":6},"end":{"line":35,"column":45}},"16":{"start":{"line":36,"column":6},"end":{"line":36,"column":13}},"17":{"start":{"line":38,"column":4},"end":{"line":47,"column":7}},"18":{"start":{"line":39,"column":6},"end":{"line":42,"column":null}},"19":{"start":{"line":40,"column":8},"end":{"line":40,"column":44}},"20":{"start":{"line":41,"column":8},"end":{"line":41,"column":15}},"21":{"start":{"line":43,"column":6},"end":{"line":43,"column":27}},"22":{"start":{"line":44,"column":6},"end":{"line":46,"column":null}},"23":{"start":{"line":45,"column":8},"end":{"line":45,"column":80}},"24":{"start":{"line":52,"column":13},"end":{"line":52,"column":28}},"25":{"start":{"line":53,"column":21},"end":{"line":58,"column":4}},"26":{"start":{"line":59,"column":2},"end":{"line":72,"column":4}},"27":{"start":{"line":62,"column":6},"end":{"line":70,"column":null}},"28":{"start":{"line":63,"column":8},"end":{"line":63,"column":43}},"29":{"start":{"line":65,"column":8},"end":{"line":69,"column":null}},"30":{"start":{"line":66,"column":10},"end":{"line":66,"column":34}},"31":{"start":{"line":68,"column":10},"end":{"line":68,"column":41}},"32":{"start":{"line":51,"column":0},"end":{"line":51,"column":22}}},"fnMap":{"0":{"name":"addUserToDb","decl":{"start":{"line":16,"column":9},"end":{"line":16,"column":20}},"loc":{"start":{"line":16,"column":46},"end":{"line":28,"column":1}}},"1":{"name":"(anonymous_8)","decl":{"start":{"line":19,"column":4},"end":{"line":19,"column":5}},"loc":{"start":{"line":19,"column":19},"end":{"line":25,"column":5}}},"2":{"name":"hashPassword","decl":{"start":{"line":30,"column":9},"end":{"line":30,"column":21}},"loc":{"start":{"line":30,"column":47},"end":{"line":49,"column":1}}},"3":{"name":"(anonymous_10)","decl":{"start":{"line":33,"column":29},"end":{"line":33,"column":39}},"loc":{"start":{"line":33,"column":58},"end":{"line":48,"column":3}}},"4":{"name":"(anonymous_11)","decl":{"start":{"line":38,"column":37},"end":{"line":38,"column":53}},"loc":{"start":{"line":38,"column":72},"end":{"line":47,"column":6}}},"5":{"name":"register","decl":{"start":{"line":51,"column":22},"end":{"line":51,"column":30}},"loc":{"start":{"line":51,"column":58},"end":{"line":73,"column":null}}},"6":{"name":"(anonymous_15)","decl":{"start":{"line":61,"column":4},"end":{"line":61,"column":5}},"loc":{"start":{"line":61,"column":43},"end":{"line":71,"column":5}}}},"branchMap":{"0":{"loc":{"start":{"line":20,"column":6},"end":{"line":23,"column":null}},"type":"if","locations":[{"start":{"line":20,"column":6},"end":{"line":23,"column":null}}]},"1":{"loc":{"start":{"line":34,"column":4},"end":{"line":37,"column":null}},"type":"if","locations":[{"start":{"line":34,"column":4},"end":{"line":37,"column":null}}]},"2":{"loc":{"start":{"line":39,"column":6},"end":{"line":42,"column":null}},"type":"if","locations":[{"start":{"line":39,"column":6},"end":{"line":42,"column":null}}]},"3":{"loc":{"start":{"line":44,"column":6},"end":{"line":46,"column":null}},"type":"if","locations":[{"start":{"line":44,"column":6},"end":{"line":46,"column":null}}]},"4":{"loc":{"start":{"line":62,"column":6},"end":{"line":70,"column":null}},"type":"if","locations":[{"start":{"line":62,"column":6},"end":{"line":70,"column":null}},{"start":{"line":64,"column":13},"end":{"line":70,"column":null}}]},"5":{"loc":{"start":{"line":65,"column":8},"end":{"line":69,"column":null}},"type":"if","locations":[{"start":{"line":65,"column":8},"end":{"line":69,"column":null}},{"start":{"line":67,"column":15},"end":{"line":69,"column":null}}]}},"s":{"0":9,"1":9,"2":9,"3":9,"4":9,"5":9,"6":2,"7":2,"8":0,"9":0,"10":2,"11":2,"12":2,"13":2,"14":2,"15":0,"16":0,"17":2,"18":2,"19":0,"20":0,"21":2,"22":2,"23":2,"24":3,"25":3,"26":3,"27":3,"28":0,"29":3,"30":2,"31":1,"32":9},"f":{"0":2,"1":2,"2":2,"3":2,"4":2,"5":3,"6":3},"b":{"0":[0],"1":[0],"2":[0],"3":[2],"4":[0,3],"5":[2,1]}}
,"/home/kylian/Documents/my/API_BackOffice/Middlewares/Auth/resetPassword.ts": {"path":"/home/kylian/Documents/my/API_BackOffice/Middlewares/Auth/resetPassword.ts","statementMap":{"0":{"start":{"line":2,"column":0},"end":{"line":2,"column":28}},"1":{"start":{"line":4,"column":0},"end":{"line":4,"column":61}},"2":{"start":{"line":5,"column":0},"end":{"line":5,"column":53}},"3":{"start":{"line":6,"column":0},"end":{"line":6,"column":65}},"4":{"start":{"line":7,"column":0},"end":{"line":7,"column":null}},"5":{"start":{"line":14,"column":0},"end":{"line":14,"column":64}},"6":{"start":{"line":16,"column":15},"end":{"line":16,"column":32}},"7":{"start":{"line":17,"column":0},"end":{"line":17,"column":16}},"8":{"start":{"line":20,"column":2},"end":{"line":29,"column":4}},"9":{"start":{"line":23,"column":6},"end":{"line":27,"column":null}},"10":{"start":{"line":24,"column":8},"end":{"line":24,"column":41}},"11":{"start":{"line":26,"column":8},"end":{"line":26,"column":24}},"12":{"start":{"line":33,"column":21},"end":{"line":33,"column":23}},"13":{"start":{"line":35,"column":2},"end":{"line":47,"column":5}},"14":{"start":{"line":36,"column":4},"end":{"line":39,"column":null}},"15":{"start":{"line":37,"column":6},"end":{"line":37,"column":45}},"16":{"start":{"line":38,"column":6},"end":{"line":38,"column":13}},"17":{"start":{"line":40,"column":4},"end":{"line":46,"column":7}},"18":{"start":{"line":41,"column":6},"end":{"line":44,"column":null}},"19":{"start":{"line":42,"column":8},"end":{"line":42,"column":44}},"20":{"start":{"line":43,"column":8},"end":{"line":43,"column":15}},"21":{"start":{"line":45,"column":6},"end":{"line":45,"column":41}},"22":{"start":{"line":51,"column":16},"end":{"line":51,"column":64}},"23":{"start":{"line":52,"column":14},"end":{"line":52,"column":39}},"24":{"start":{"line":53,"column":2},"end":{"line":68,"column":null}},"25":{"start":{"line":54,"column":4},"end":{"line":67,"column":6}},"26":{"start":{"line":57,"column":8},"end":{"line":65,"column":null}},"27":{"start":{"line":58,"column":10},"end":{"line":58,"column":45}},"28":{"start":{"line":60,"column":10},"end":{"line":64,"column":null}},"29":{"start":{"line":61,"column":12},"end":{"line":61,"column":38}},"30":{"start":{"line":63,"column":12},"end":{"line":63,"column":56}},"31":{"start":{"line":50,"column":0},"end":{"line":50,"column":22}}},"fnMap":{"0":{"name":"remplacePassword","decl":{"start":{"line":19,"column":9},"end":{"line":19,"column":25}},"loc":{"start":{"line":19,"column":69},"end":{"line":30,"column":1}}},"1":{"name":"(anonymous_9)","decl":{"start":{"line":22,"column":4},"end":{"line":22,"column":5}},"loc":{"start":{"line":22,"column":43},"end":{"line":28,"column":5}}},"2":{"name":"hashPassword","decl":{"start":{"line":32,"column":9},"end":{"line":32,"column":21}},"loc":{"start":{"line":32,"column":65},"end":{"line":48,"column":1}}},"3":{"name":"(anonymous_11)","decl":{"start":{"line":35,"column":29},"end":{"line":35,"column":39}},"loc":{"start":{"line":35,"column":58},"end":{"line":47,"column":3}}},"4":{"name":"(anonymous_12)","decl":{"start":{"line":40,"column":32},"end":{"line":40,"column":48}},"loc":{"start":{"line":40,"column":67},"end":{"line":46,"column":6}}},"5":{"name":"resetPassword","decl":{"start":{"line":50,"column":22},"end":{"line":50,"column":35}},"loc":{"start":{"line":50,"column":63},"end":{"line":69,"column":null}}},"6":{"name":"(anonymous_16)","decl":{"start":{"line":56,"column":6},"end":{"line":56,"column":7}},"loc":{"start":{"line":56,"column":45},"end":{"line":66,"column":7}}}},"branchMap":{"0":{"loc":{"start":{"line":23,"column":6},"end":{"line":27,"column":null}},"type":"if","locations":[{"start":{"line":23,"column":6},"end":{"line":27,"column":null}},{"start":{"line":25,"column":13},"end":{"line":27,"column":null}}]},"1":{"loc":{"start":{"line":36,"column":4},"end":{"line":39,"column":null}},"type":"if","locations":[{"start":{"line":36,"column":4},"end":{"line":39,"column":null}}]},"2":{"loc":{"start":{"line":41,"column":6},"end":{"line":44,"column":null}},"type":"if","locations":[{"start":{"line":41,"column":6},"end":{"line":44,"column":null}}]},"3":{"loc":{"start":{"line":53,"column":2},"end":{"line":68,"column":null}},"type":"if","locations":[{"start":{"line":53,"column":2},"end":{"line":68,"column":null}}]},"4":{"loc":{"start":{"line":57,"column":8},"end":{"line":65,"column":null}},"type":"if","locations":[{"start":{"line":57,"column":8},"end":{"line":65,"column":null}},{"start":{"line":59,"column":15},"end":{"line":65,"column":null}}]},"5":{"loc":{"start":{"line":60,"column":10},"end":{"line":64,"column":null}},"type":"if","locations":[{"start":{"line":60,"column":10},"end":{"line":64,"column":null}},{"start":{"line":62,"column":17},"end":{"line":64,"column":null}}]}},"s":{"0":9,"1":9,"2":9,"3":9,"4":9,"5":9,"6":9,"7":9,"8":2,"9":2,"10":0,"11":2,"12":2,"13":2,"14":2,"15":0,"16":0,"17":2,"18":2,"19":0,"20":0,"21":2,"22":4,"23":4,"24":4,"25":2,"26":2,"27":0,"28":2,"29":0,"30":2,"31":9},"f":{"0":2,"1":2,"2":2,"3":2,"4":2,"5":4,"6":2},"b":{"0":[0,2],"1":[0],"2":[0],"3":[2],"4":[0,2],"5":[0,2]}}
,"/home/kylian/Documents/my/API_BackOffice/Routes/Articles/createArticle.ts": {"path":"/home/kylian/Documents/my/API_BackOffice/Routes/Articles/createArticle.ts","statementMap":{"0":{"start":{"line":1,"column":0},"end":{"line":1,"column":48}},"1":{"start":{"line":2,"column":0},"end":{"line":2,"column":null}},"2":{"start":{"line":7,"column":0},"end":{"line":7,"column":null}},"3":{"start":{"line":11,"column":0},"end":{"line":11,"column":73}},"4":{"start":{"line":13,"column":15},"end":{"line":26,"column":2}},"5":{"start":{"line":28,"column":0},"end":{"line":28,"column":45}}},"fnMap":{},"branchMap":{},"s":{"0":9,"1":9,"2":9,"3":9,"4":9,"5":9},"f":{},"b":{}}
,"/home/kylian/Documents/my/API_BackOffice/Routes/Articles/deleteArticle.ts": {"path":"/home/kylian/Documents/my/API_BackOffice/Routes/Articles/deleteArticle.ts","statementMap":{"0":{"start":{"line":1,"column":0},"end":{"line":1,"column":48}},"1":{"start":{"line":2,"column":0},"end":{"line":2,"column":66}},"2":{"start":{"line":4,"column":0},"end":{"line":4,"column":null}},"3":{"start":{"line":8,"column":0},"end":{"line":8,"column":73}},"4":{"start":{"line":10,"column":15},"end":{"line":22,"column":2}},"5":{"start":{"line":24,"column":0},"end":{"line":24,"column":45}}},"fnMap":{},"branchMap":{},"s":{"0":9,"1":9,"2":9,"3":9,"4":9,"5":9},"f":{},"b":{}}
,"/home/kylian/Documents/my/API_BackOffice/Routes/Articles/getArticles.ts": {"path":"/home/kylian/Documents/my/API_BackOffice/Routes/Articles/getArticles.ts","statementMap":{"0":{"start":{"line":1,"column":0},"end":{"line":1,"column":48}},"1":{"start":{"line":4,"column":0},"end":{"line":4,"column":null}},"2":{"start":{"line":8,"column":0},"end":{"line":8,"column":69}},"3":{"start":{"line":10,"column":15},"end":{"line":17,"column":2}},"4":{"start":{"line":19,"column":0},"end":{"line":19,"column":45}}},"fnMap":{},"branchMap":{},"s":{"0":9,"1":9,"2":9,"3":9,"4":9},"f":{},"b":{}}
,"/home/kylian/Documents/my/API_BackOffice/Routes/Articles/updateArticle.ts": {"path":"/home/kylian/Documents/my/API_BackOffice/Routes/Articles/updateArticle.ts","statementMap":{"0":{"start":{"line":1,"column":0},"end":{"line":1,"column":48}},"1":{"start":{"line":2,"column":0},"end":{"line":2,"column":null}},"2":{"start":{"line":8,"column":0},"end":{"line":8,"column":null}},"3":{"start":{"line":12,"column":0},"end":{"line":12,"column":74}},"4":{"start":{"line":14,"column":15},"end":{"line":28,"column":2}},"5":{"start":{"line":30,"column":0},"end":{"line":30,"column":45}}},"fnMap":{},"branchMap":{},"s":{"0":9,"1":9,"2":9,"3":9,"4":9,"5":9},"f":{},"b":{}}
,"/home/kylian/Documents/my/API_BackOffice/Routes/Auth/deleteAccount.ts": {"path":"/home/kylian/Documents/my/API_BackOffice/Routes/Auth/deleteAccount.ts","statementMap":{"0":{"start":{"line":1,"column":0},"end":{"line":1,"column":48}},"1":{"start":{"line":2,"column":0},"end":{"line":2,"column":67}},"2":{"start":{"line":3,"column":0},"end":{"line":3,"column":73}},"3":{"start":{"line":4,"column":0},"end":{"line":4,"column":null}},"4":{"start":{"line":8,"column":0},"end":{"line":8,"column":69}},"5":{"start":{"line":10,"column":15},"end":{"line":23,"column":2}},"6":{"start":{"line":25,"column":0},"end":{"line":25,"column":45}}},"fnMap":{},"branchMap":{},"s":{"0":9,"1":9,"2":9,"3":9,"4":9,"5":9,"6":9},"f":{},"b":{}}
,"/home/kylian/Documents/my/API_BackOffice/Routes/Auth/index.ts": {"path":"/home/kylian/Documents/my/API_BackOffice/Routes/Auth/index.ts","statementMap":{"0":{"start":{"line":1,"column":0},"end":{"line":1,"column":7}},"1":{"start":{"line":6,"column":19},"end":{"line":1,"column":28}},"2":{"start":{"line":2,"column":0},"end":{"line":2,"column":7}},"3":{"start":{"line":6,"column":41},"end":{"line":2,"column":54}},"4":{"start":{"line":3,"column":0},"end":{"line":3,"column":7}},"5":{"start":{"line":6,"column":9},"end":{"line":3,"column":34}},"6":{"start":{"line":4,"column":0},"end":{"line":4,"column":7}},"7":{"start":{"line":6,"column":26},"end":{"line":4,"column":44}}},"fnMap":{},"branchMap":{},"s":{"0":9,"1":9,"2":9,"3":9,"4":9,"5":9,"6":9,"7":9},"f":{},"b":{}}
,"/home/kylian/Documents/my/API_BackOffice/Routes/Auth/login.ts": {"path":"/home/kylian/Documents/my/API_BackOffice/Routes/Auth/login.ts","statementMap":{"0":{"start":{"line":2,"column":0},"end":{"line":2,"column":48}},"1":{"start":{"line":3,"column":0},"end":{"line":3,"column":67}},"2":{"start":{"line":4,"column":0},"end":{"line":4,"column":73}},"3":{"start":{"line":5,"column":0},"end":{"line":5,"column":90}},"4":{"start":{"line":6,"column":0},"end":{"line":6,"column":53}},"5":{"start":{"line":8,"column":15},"end":{"line":18,"column":null}},"6":{"start":{"line":20,"column":0},"end":{"line":20,"column":null}}},"fnMap":{},"branchMap":{},"s":{"0":9,"1":9,"2":9,"3":9,"4":9,"5":9,"6":9},"f":{},"b":{}}
,"/home/kylian/Documents/my/API_BackOffice/Routes/Auth/refreshAccessToken.ts": {"path":"/home/kylian/Documents/my/API_BackOffice/Routes/Auth/refreshAccessToken.ts","statementMap":{"0":{"start":{"line":2,"column":0},"end":{"line":2,"column":48}},"1":{"start":{"line":5,"column":0},"end":{"line":5,"column":90}},"2":{"start":{"line":6,"column":0},"end":{"line":6,"column":79}},"3":{"start":{"line":8,"column":15},"end":{"line":16,"column":null}},"4":{"start":{"line":18,"column":0},"end":{"line":18,"column":null}}},"fnMap":{},"branchMap":{},"s":{"0":9,"1":9,"2":9,"3":9,"4":9},"f":{},"b":{}}
,"/home/kylian/Documents/my/API_BackOffice/Routes/Auth/register.ts": {"path":"/home/kylian/Documents/my/API_BackOffice/Routes/Auth/register.ts","statementMap":{"0":{"start":{"line":2,"column":0},"end":{"line":2,"column":48}},"1":{"start":{"line":3,"column":0},"end":{"line":3,"column":67}},"2":{"start":{"line":4,"column":0},"end":{"line":4,"column":73}},"3":{"start":{"line":5,"column":0},"end":{"line":5,"column":90}},"4":{"start":{"line":6,"column":0},"end":{"line":6,"column":59}},"5":{"start":{"line":8,"column":15},"end":{"line":18,"column":null}},"6":{"start":{"line":20,"column":0},"end":{"line":20,"column":null}}},"fnMap":{},"branchMap":{},"s":{"0":9,"1":9,"2":9,"3":9,"4":9,"5":9,"6":9},"f":{},"b":{}}
,"/home/kylian/Documents/my/API_BackOffice/Routes/Auth/resetPassword.ts": {"path":"/home/kylian/Documents/my/API_BackOffice/Routes/Auth/resetPassword.ts","statementMap":{"0":{"start":{"line":2,"column":0},"end":{"line":2,"column":48}},"1":{"start":{"line":4,"column":0},"end":{"line":4,"column":73}},"2":{"start":{"line":5,"column":0},"end":{"line":5,"column":90}},"3":{"start":{"line":6,"column":0},"end":{"line":6,"column":69}},"4":{"start":{"line":8,"column":15},"end":{"line":17,"column":null}},"5":{"start":{"line":19,"column":0},"end":{"line":19,"column":null}}},"fnMap":{},"branchMap":{},"s":{"0":9,"1":9,"2":9,"3":9,"4":9,"5":9},"f":{},"b":{}}
,"/home/kylian/Documents/my/API_BackOffice/dist/app.js": {"path":"/home/kylian/Documents/my/API_BackOffice/dist/app.js","statementMap":{"0":{"start":{"line":2,"column":22},"end":{"line":4,"column":1}},"1":{"start":{"line":3,"column":4},"end":{"line":3,"column":62}},"2":{"start":{"line":5,"column":0},"end":{"line":5,"column":62}},"3":{"start":{"line":6,"column":18},"end":{"line":6,"column":53}},"4":{"start":{"line":7,"column":17},"end":{"line":7,"column":51}},"5":{"start":{"line":8,"column":22},"end":{"line":8,"column":61}},"6":{"start":{"line":9,"column":15},"end":{"line":9,"column":47}},"7":{"start":{"line":10,"column":15},"end":{"line":10,"column":39}},"8":{"start":{"line":11,"column":24},"end":{"line":11,"column":83}},"9":{"start":{"line":12,"column":24},"end":{"line":12,"column":83}},"10":{"start":{"line":13,"column":24},"end":{"line":13,"column":79}},"11":{"start":{"line":14,"column":22},"end":{"line":14,"column":79}},"12":{"start":{"line":15,"column":24},"end":{"line":15,"column":83}},"13":{"start":{"line":16,"column":0},"end":{"line":16,"column":26}},"14":{"start":{"line":17,"column":12},"end":{"line":17,"column":36}},"15":{"start":{"line":18,"column":0},"end":{"line":18,"column":62}},"16":{"start":{"line":19,"column":0},"end":{"line":19,"column":38}},"17":{"start":{"line":20,"column":0},"end":{"line":20,"column":31}},"18":{"start":{"line":21,"column":0},"end":{"line":21,"column":122}},"19":{"start":{"line":22,"column":0},"end":{"line":22,"column":119}},"20":{"start":{"line":23,"column":0},"end":{"line":23,"column":22}}},"fnMap":{"0":{"name":"(anonymous_0)","decl":{"start":{"line":2,"column":56},"end":{"line":2,"column":57}},"loc":{"start":{"line":2,"column":71},"end":{"line":4,"column":1}},"line":2}},"branchMap":{"0":{"loc":{"start":{"line":2,"column":22},"end":{"line":4,"column":1}},"type":"binary-expr","locations":[{"start":{"line":2,"column":23},"end":{"line":2,"column":27}},{"start":{"line":2,"column":31},"end":{"line":2,"column":51}},{"start":{"line":2,"column":56},"end":{"line":4,"column":1}}],"line":2},"1":{"loc":{"start":{"line":3,"column":11},"end":{"line":3,"column":61}},"type":"cond-expr","locations":[{"start":{"line":3,"column":37},"end":{"line":3,"column":40}},{"start":{"line":3,"column":43},"end":{"line":3,"column":61}}],"line":3},"2":{"loc":{"start":{"line":3,"column":12},"end":{"line":3,"column":33}},"type":"binary-expr","locations":[{"start":{"line":3,"column":12},"end":{"line":3,"column":15}},{"start":{"line":3,"column":19},"end":{"line":3,"column":33}}],"line":3}},"s":{"0":9,"1":81,"2":9,"3":9,"4":9,"5":9,"6":9,"7":9,"8":9,"9":9,"10":9,"11":9,"12":9,"13":9,"14":9,"15":9,"16":9,"17":9,"18":9,"19":9,"20":9},"f":{"0":81},"b":{"0":[9,9,9],"1":[45,36],"2":[81,81]},"inputSourceMap":null,"_coverageSchema":"1a1c01bbd47fc00a2c39e90264f33305004495a9","hash":"6089b8fbe29d376d11bb18a162ead16ae8d4dba3"}
,"/home/kylian/Documents/my/API_BackOffice/dist/Function/Response/responseArticle.js": {"path":"/home/kylian/Documents/my/API_BackOffice/dist/Function/Response/responseArticle.js","statementMap":{"0":{"start":{"line":2,"column":0},"end":{"line":2,"column":62}},"1":{"start":{"line":3,"column":0},"end":{"line":3,"column":235}},"2":{"start":{"line":4,"column":28},"end":{"line":4,"column":56}},"3":{"start":{"line":6,"column":4},"end":{"line":10,"column":7}},"4":{"start":{"line":12,"column":0},"end":{"line":12,"column":68}},"5":{"start":{"line":14,"column":4},"end":{"line":17,"column":7}},"6":{"start":{"line":19,"column":0},"end":{"line":19,"column":72}},"7":{"start":{"line":21,"column":4},"end":{"line":25,"column":7}},"8":{"start":{"line":27,"column":0},"end":{"line":27,"column":64}},"9":{"start":{"line":29,"column":4},"end":{"line":33,"column":7}},"10":{"start":{"line":35,"column":0},"end":{"line":35,"column":70}},"11":{"start":{"line":37,"column":4},"end":{"line":40,"column":7}},"12":{"start":{"line":42,"column":0},"end":{"line":42,"column":58}},"13":{"start":{"line":44,"column":4},"end":{"line":48,"column":7}},"14":{"start":{"line":50,"column":0},"end":{"line":50,"column":64}}},"fnMap":{"0":{"name":"ResponseErrorNotFoundArticle","decl":{"start":{"line":5,"column":9},"end":{"line":5,"column":37}},"loc":{"start":{"line":5,"column":43},"end":{"line":11,"column":1}},"line":5},"1":{"name":"ResponseErrorCantDeleteArticle","decl":{"start":{"line":13,"column":9},"end":{"line":13,"column":39}},"loc":{"start":{"line":13,"column":45},"end":{"line":18,"column":1}},"line":13},"2":{"name":"ResponseErrorCreateArticle","decl":{"start":{"line":20,"column":9},"end":{"line":20,"column":35}},"loc":{"start":{"line":20,"column":41},"end":{"line":26,"column":1}},"line":20},"3":{"name":"ResponseErrorSearchingArticle","decl":{"start":{"line":28,"column":9},"end":{"line":28,"column":38}},"loc":{"start":{"line":28,"column":44},"end":{"line":34,"column":1}},"line":28},"4":{"name":"responseArticleNotFound","decl":{"start":{"line":36,"column":9},"end":{"line":36,"column":32}},"loc":{"start":{"line":36,"column":38},"end":{"line":41,"column":1}},"line":36},"5":{"name":"responseErrorUpdateArticle","decl":{"start":{"line":43,"column":9},"end":{"line":43,"column":35}},"loc":{"start":{"line":43,"column":41},"end":{"line":49,"column":1}},"line":43}},"branchMap":{},"s":{"0":9,"1":9,"2":9,"3":0,"4":9,"5":0,"6":9,"7":0,"8":9,"9":0,"10":9,"11":0,"12":9,"13":0,"14":9},"f":{"0":0,"1":0,"2":0,"3":0,"4":0,"5":0},"b":{},"inputSourceMap":null,"_coverageSchema":"1a1c01bbd47fc00a2c39e90264f33305004495a9","hash":"7ce971a533c6c2c4c703c144f0b11cad53d7a11e"}
,"/home/kylian/Documents/my/API_BackOffice/dist/Function/Response/responseOk.js": {"path":"/home/kylian/Documents/my/API_BackOffice/dist/Function/Response/responseOk.js","statementMap":{"0":{"start":{"line":2,"column":0},"end":{"line":2,"column":62}},"1":{"start":{"line":3,"column":0},"end":{"line":3,"column":28}},"2":{"start":{"line":4,"column":28},"end":{"line":4,"column":56}},"3":{"start":{"line":6,"column":4},"end":{"line":9,"column":7}},"4":{"start":{"line":11,"column":0},"end":{"line":11,"column":32}}},"fnMap":{"0":{"name":"responseOK","decl":{"start":{"line":5,"column":9},"end":{"line":5,"column":19}},"loc":{"start":{"line":5,"column":25},"end":{"line":10,"column":1}},"line":5}},"branchMap":{},"s":{"0":9,"1":9,"2":9,"3":5,"4":9},"f":{"0":5},"b":{},"inputSourceMap":null,"_coverageSchema":"1a1c01bbd47fc00a2c39e90264f33305004495a9","hash":"0bf5ba2953adae4353fe25985b6766aa1d2a4595"}
,"/home/kylian/Documents/my/API_BackOffice/dist/Function/Response/responseToken.js": {"path":"/home/kylian/Documents/my/API_BackOffice/dist/Function/Response/responseToken.js","statementMap":{"0":{"start":{"line":2,"column":0},"end":{"line":2,"column":62}},"1":{"start":{"line":3,"column":0},"end":{"line":3,"column":101}},"2":{"start":{"line":4,"column":28},"end":{"line":4,"column":56}},"3":{"start":{"line":6,"column":4},"end":{"line":9,"column":7}},"4":{"start":{"line":11,"column":0},"end":{"line":11,"column":54}},"5":{"start":{"line":13,"column":4},"end":{"line":16,"column":7}},"6":{"start":{"line":18,"column":0},"end":{"line":18,"column":52}},"7":{"start":{"line":20,"column":4},"end":{"line":23,"column":7}},"8":{"start":{"line":25,"column":0},"end":{"line":25,"column":52}}},"fnMap":{"0":{"name":"responseTokenNotFound","decl":{"start":{"line":5,"column":9},"end":{"line":5,"column":30}},"loc":{"start":{"line":5,"column":36},"end":{"line":10,"column":1}},"line":5},"1":{"name":"responseTokenExpired","decl":{"start":{"line":12,"column":9},"end":{"line":12,"column":29}},"loc":{"start":{"line":12,"column":35},"end":{"line":17,"column":1}},"line":12},"2":{"name":"responseTokenInvalid","decl":{"start":{"line":19,"column":9},"end":{"line":19,"column":29}},"loc":{"start":{"line":19,"column":35},"end":{"line":24,"column":1}},"line":19}},"branchMap":{},"s":{"0":9,"1":9,"2":9,"3":6,"4":9,"5":7,"6":9,"7":0,"8":9},"f":{"0":6,"1":7,"2":0},"b":{},"inputSourceMap":null,"_coverageSchema":"1a1c01bbd47fc00a2c39e90264f33305004495a9","hash":"d3596dd95d2956d466f3a18c5dd0c9bcfcb5ffe0"}
,"/home/kylian/Documents/my/API_BackOffice/dist/Function/Response/responseUser.js": {"path":"/home/kylian/Documents/my/API_BackOffice/dist/Function/Response/responseUser.js","statementMap":{"0":{"start":{"line":2,"column":0},"end":{"line":2,"column":62}},"1":{"start":{"line":3,"column":0},"end":{"line":3,"column":382}},"2":{"start":{"line":4,"column":28},"end":{"line":4,"column":56}},"3":{"start":{"line":6,"column":4},"end":{"line":9,"column":7}},"4":{"start":{"line":11,"column":0},"end":{"line":11,"column":50}},"5":{"start":{"line":13,"column":4},"end":{"line":16,"column":7}},"6":{"start":{"line":18,"column":0},"end":{"line":18,"column":52}},"7":{"start":{"line":20,"column":4},"end":{"line":23,"column":7}},"8":{"start":{"line":25,"column":0},"end":{"line":25,"column":78}},"9":{"start":{"line":27,"column":4},"end":{"line":30,"column":7}},"10":{"start":{"line":32,"column":0},"end":{"line":32,"column":72}},"11":{"start":{"line":34,"column":4},"end":{"line":37,"column":7}},"12":{"start":{"line":39,"column":0},"end":{"line":39,"column":62}},"13":{"start":{"line":41,"column":4},"end":{"line":45,"column":7}},"14":{"start":{"line":47,"column":0},"end":{"line":47,"column":68}},"15":{"start":{"line":49,"column":4},"end":{"line":53,"column":7}},"16":{"start":{"line":55,"column":0},"end":{"line":55,"column":68}},"17":{"start":{"line":57,"column":4},"end":{"line":61,"column":7}},"18":{"start":{"line":63,"column":0},"end":{"line":63,"column":70}},"19":{"start":{"line":65,"column":4},"end":{"line":69,"column":7}},"20":{"start":{"line":71,"column":0},"end":{"line":71,"column":64}},"21":{"start":{"line":73,"column":4},"end":{"line":77,"column":7}},"22":{"start":{"line":79,"column":0},"end":{"line":79,"column":66}}},"fnMap":{"0":{"name":"responseBadPassword","decl":{"start":{"line":5,"column":9},"end":{"line":5,"column":28}},"loc":{"start":{"line":5,"column":34},"end":{"line":10,"column":1}},"line":5},"1":{"name":"responseUserNotFound","decl":{"start":{"line":12,"column":9},"end":{"line":12,"column":29}},"loc":{"start":{"line":12,"column":35},"end":{"line":17,"column":1}},"line":12},"2":{"name":"responseErrorWhileGeneratingToken","decl":{"start":{"line":19,"column":9},"end":{"line":19,"column":42}},"loc":{"start":{"line":19,"column":48},"end":{"line":24,"column":1}},"line":19},"3":{"name":"responseErrorWhileHashingToken","decl":{"start":{"line":26,"column":9},"end":{"line":26,"column":39}},"loc":{"start":{"line":26,"column":45},"end":{"line":31,"column":1}},"line":26},"4":{"name":"responseEmailAlreadyExist","decl":{"start":{"line":33,"column":9},"end":{"line":33,"column":34}},"loc":{"start":{"line":33,"column":40},"end":{"line":38,"column":1}},"line":33},"5":{"name":"responseDeleteNotYourAccount","decl":{"start":{"line":40,"column":9},"end":{"line":40,"column":37}},"loc":{"start":{"line":40,"column":43},"end":{"line":46,"column":1}},"line":40},"6":{"name":"responseErrorDeletingAccount","decl":{"start":{"line":48,"column":9},"end":{"line":48,"column":37}},"loc":{"start":{"line":48,"column":43},"end":{"line":54,"column":1}},"line":48},"7":{"name":"responseErrorSearchingAccount","decl":{"start":{"line":56,"column":9},"end":{"line":56,"column":38}},"loc":{"start":{"line":56,"column":44},"end":{"line":62,"column":1}},"line":56},"8":{"name":"responseErrorAddingAccount","decl":{"start":{"line":64,"column":9},"end":{"line":64,"column":35}},"loc":{"start":{"line":64,"column":41},"end":{"line":70,"column":1}},"line":64},"9":{"name":"responseErrorChangePassword","decl":{"start":{"line":72,"column":9},"end":{"line":72,"column":36}},"loc":{"start":{"line":72,"column":42},"end":{"line":78,"column":1}},"line":72}},"branchMap":{},"s":{"0":9,"1":9,"2":9,"3":2,"4":9,"5":0,"6":9,"7":0,"8":9,"9":0,"10":9,"11":1,"12":9,"13":1,"14":9,"15":0,"16":9,"17":0,"18":9,"19":0,"20":9,"21":0,"22":9},"f":{"0":2,"1":0,"2":0,"3":0,"4":1,"5":1,"6":0,"7":0,"8":0,"9":0},"b":{},"inputSourceMap":null,"_coverageSchema":"1a1c01bbd47fc00a2c39e90264f33305004495a9","hash":"956254a186a2fb2408003f87f74aec50d0ba996e"}
,"/home/kylian/Documents/my/API_BackOffice/dist/Function/Utils/createRoutes.js": {"path":"/home/kylian/Documents/my/API_BackOffice/dist/Function/Utils/createRoutes.js","statementMap":{"0":{"start":{"line":2,"column":22},"end":{"line":4,"column":1}},"1":{"start":{"line":3,"column":4},"end":{"line":3,"column":62}},"2":{"start":{"line":5,"column":0},"end":{"line":5,"column":62}},"3":{"start":{"line":6,"column":0},"end":{"line":6,"column":64}},"4":{"start":{"line":7,"column":18},"end":{"line":7,"column":53}},"5":{"start":{"line":8,"column":28},"end":{"line":8,"column":56}},"6":{"start":{"line":10,"column":19},"end":{"line":10,"column":45}},"7":{"start":{"line":11,"column":4},"end":{"line":13,"column":5}},"8":{"start":{"line":12,"column":8},"end":{"line":12,"column":74}},"9":{"start":{"line":14,"column":4},"end":{"line":14,"column":18}},"10":{"start":{"line":16,"column":0},"end":{"line":16,"column":54}},"11":{"start":{"line":18,"column":4},"end":{"line":27,"column":6}},"12":{"start":{"line":19,"column":23},"end":{"line":19,"column":69}},"13":{"start":{"line":20,"column":8},"end":{"line":26,"column":9}},"14":{"start":{"line":21,"column":12},"end":{"line":21,"column":41}},"15":{"start":{"line":22,"column":12},"end":{"line":22,"column":19}},"16":{"start":{"line":25,"column":12},"end":{"line":25,"column":19}},"17":{"start":{"line":29,"column":0},"end":{"line":29,"column":40}}},"fnMap":{"0":{"name":"(anonymous_0)","decl":{"start":{"line":2,"column":56},"end":{"line":2,"column":57}},"loc":{"start":{"line":2,"column":71},"end":{"line":4,"column":1}},"line":2},"1":{"name":"createRouteFromRoutes","decl":{"start":{"line":9,"column":9},"end":{"line":9,"column":30}},"loc":{"start":{"line":9,"column":39},"end":{"line":15,"column":1}},"line":9},"2":{"name":"checkValidator","decl":{"start":{"line":17,"column":9},"end":{"line":17,"column":23}},"loc":{"start":{"line":17,"column":26},"end":{"line":28,"column":1}},"line":17},"3":{"name":"(anonymous_3)","decl":{"start":{"line":18,"column":11},"end":{"line":18,"column":12}},"loc":{"start":{"line":18,"column":31},"end":{"line":27,"column":5}},"line":18}},"branchMap":{"0":{"loc":{"start":{"line":2,"column":22},"end":{"line":4,"column":1}},"type":"binary-expr","locations":[{"start":{"line":2,"column":23},"end":{"line":2,"column":27}},{"start":{"line":2,"column":31},"end":{"line":2,"column":51}},{"start":{"line":2,"column":56},"end":{"line":4,"column":1}}],"line":2},"1":{"loc":{"start":{"line":3,"column":11},"end":{"line":3,"column":61}},"type":"cond-expr","locations":[{"start":{"line":3,"column":37},"end":{"line":3,"column":40}},{"start":{"line":3,"column":43},"end":{"line":3,"column":61}}],"line":3},"2":{"loc":{"start":{"line":3,"column":12},"end":{"line":3,"column":33}},"type":"binary-expr","locations":[{"start":{"line":3,"column":12},"end":{"line":3,"column":15}},{"start":{"line":3,"column":19},"end":{"line":3,"column":33}}],"line":3},"3":{"loc":{"start":{"line":20,"column":8},"end":{"line":26,"column":9}},"type":"if","locations":[{"start":{"line":20,"column":8},"end":{"line":26,"column":9}},{"start":{"line":24,"column":13},"end":{"line":26,"column":9}}],"line":20}},"s":{"0":9,"1":9,"2":9,"3":9,"4":9,"5":9,"6":81,"7":81,"8":81,"9":81,"10":9,"11":81,"12":44,"13":44,"14":16,"15":16,"16":28,"17":9},"f":{"0":9,"1":81,"2":81,"3":44},"b":{"0":[9,9,9],"1":[0,9],"2":[9,9],"3":[16,28]},"inputSourceMap":null,"_coverageSchema":"1a1c01bbd47fc00a2c39e90264f33305004495a9","hash":"55bbd8278362e3b775fe4573e09daa832d5c2a25"}
,"/home/kylian/Documents/my/API_BackOffice/dist/Function/Utils/database.js": {"path":"/home/kylian/Documents/my/API_BackOffice/dist/Function/Utils/database.js","statementMap":{"0":{"start":{"line":2,"column":22},"end":{"line":4,"column":1}},"1":{"start":{"line":3,"column":4},"end":{"line":3,"column":62}},"2":{"start":{"line":5,"column":0},"end":{"line":5,"column":62}},"3":{"start":{"line":6,"column":0},"end":{"line":6,"column":22}},"4":{"start":{"line":7,"column":17},"end":{"line":7,"column":51}},"5":{"start":{"line":8,"column":0},"end":{"line":8,"column":26}},"6":{"start":{"line":9,"column":17},"end":{"line":9,"column":30}},"7":{"start":{"line":10,"column":13},"end":{"line":16,"column":2}},"8":{"start":{"line":17,"column":0},"end":{"line":17,"column":20}}},"fnMap":{"0":{"name":"(anonymous_0)","decl":{"start":{"line":2,"column":56},"end":{"line":2,"column":57}},"loc":{"start":{"line":2,"column":71},"end":{"line":4,"column":1}},"line":2}},"branchMap":{"0":{"loc":{"start":{"line":2,"column":22},"end":{"line":4,"column":1}},"type":"binary-expr","locations":[{"start":{"line":2,"column":23},"end":{"line":2,"column":27}},{"start":{"line":2,"column":31},"end":{"line":2,"column":51}},{"start":{"line":2,"column":56},"end":{"line":4,"column":1}}],"line":2},"1":{"loc":{"start":{"line":3,"column":11},"end":{"line":3,"column":61}},"type":"cond-expr","locations":[{"start":{"line":3,"column":37},"end":{"line":3,"column":40}},{"start":{"line":3,"column":43},"end":{"line":3,"column":61}}],"line":3},"2":{"loc":{"start":{"line":3,"column":12},"end":{"line":3,"column":33}},"type":"binary-expr","locations":[{"start":{"line":3,"column":12},"end":{"line":3,"column":15}},{"start":{"line":3,"column":19},"end":{"line":3,"column":33}}],"line":3}},"s":{"0":9,"1":9,"2":9,"3":9,"4":9,"5":9,"6":9,"7":9,"8":9},"f":{"0":9},"b":{"0":[9,9,9],"1":[0,9],"2":[9,9]},"inputSourceMap":null,"_coverageSchema":"1a1c01bbd47fc00a2c39e90264f33305004495a9","hash":"64d5316994e9c07dbf8488c7799301ac33e0035e"}
,"/home/kylian/Documents/my/API_BackOffice/dist/Function/Utils/generateToken.js": {"path":"/home/kylian/Documents/my/API_BackOffice/dist/Function/Utils/generateToken.js","statementMap":{"0":{"start":{"line":2,"column":0},"end":{"line":2,"column":62}},"1":{"start":{"line":3,"column":0},"end":{"line":3,"column":135}},"2":{"start":{"line":4,"column":12},"end":{"line":4,"column":35}},"3":{"start":{"line":6,"column":4},"end":{"line":8,"column":7}},"4":{"start":{"line":10,"column":0},"end":{"line":10,"column":50}},"5":{"start":{"line":12,"column":4},"end":{"line":14,"column":7}},"6":{"start":{"line":16,"column":0},"end":{"line":16,"column":52}},"7":{"start":{"line":18,"column":22},"end":{"line":18,"column":77}},"8":{"start":{"line":19,"column":23},"end":{"line":19,"column":79}},"9":{"start":{"line":20,"column":4},"end":{"line":25,"column":6}},"10":{"start":{"line":27,"column":0},"end":{"line":27,"column":66}},"11":{"start":{"line":29,"column":22},"end":{"line":29,"column":77}},"12":{"start":{"line":30,"column":4},"end":{"line":34,"column":6}},"13":{"start":{"line":36,"column":0},"end":{"line":36,"column":48}}},"fnMap":{"0":{"name":"generateAccessToken","decl":{"start":{"line":5,"column":9},"end":{"line":5,"column":28}},"loc":{"start":{"line":5,"column":39},"end":{"line":9,"column":1}},"line":5},"1":{"name":"generateRefreshToken","decl":{"start":{"line":11,"column":9},"end":{"line":11,"column":29}},"loc":{"start":{"line":11,"column":40},"end":{"line":15,"column":1}},"line":11},"2":{"name":"generateRefreshAcccesTokens","decl":{"start":{"line":17,"column":9},"end":{"line":17,"column":36}},"loc":{"start":{"line":17,"column":43},"end":{"line":26,"column":1}},"line":17},"3":{"name":"generateAccesToken","decl":{"start":{"line":28,"column":9},"end":{"line":28,"column":27}},"loc":{"start":{"line":28,"column":34},"end":{"line":35,"column":1}},"line":28}},"branchMap":{},"s":{"0":9,"1":9,"2":9,"3":4,"4":9,"5":3,"6":9,"7":3,"8":3,"9":3,"10":9,"11":1,"12":1,"13":9},"f":{"0":4,"1":3,"2":3,"3":1},"b":{},"inputSourceMap":null,"_coverageSchema":"1a1c01bbd47fc00a2c39e90264f33305004495a9","hash":"5623fef3303366b0d2c5adc7e40ffdd04975c514"}
[...]
}},"10":{"start":{"line":7,"column":32},"end":{"line":7,"column":116}},"11":{"start":{"line":8,"column":8},"end":{"line":8,"column":78}},"12":{"start":{"line":11,"column":22},"end":{"line":13,"column":1}},"13":{"start":{"line":12,"column":4},"end":{"line":12,"column":62}},"14":{"start":{"line":14,"column":0},"end":{"line":14,"column":62}},"15":{"start":{"line":15,"column":0},"end":{"line":15,"column":31}},"16":{"start":{"line":16,"column":17},"end":{"line":16,"column":51}},"17":{"start":{"line":17,"column":21},"end":{"line":17,"column":63}},"18":{"start":{"line":18,"column":19},"end":{"line":18,"column":59}},"19":{"start":{"line":19,"column":26},"end":{"line":19,"column":73}},"20":{"start":{"line":20,"column":23},"end":{"line":20,"column":70}},"21":{"start":{"line":21,"column":21},"end":{"line":21,"column":66}},"22":{"start":{"line":22,"column":15},"end":{"line":22,"column":32}},"23":{"start":{"line":23,"column":0},"end":{"line":23,"column":26}},"24":{"start":{"line":25,"column":4},"end":{"line":32,"column":7}},"25":{"start":{"line":26,"column":8},"end":{"line":31,"column":9}},"26":{"start":{"line":27,"column":12},"end":{"line":27,"column":65}},"27":{"start":{"line":30,"column":12},"end":{"line":30,"column":46}},"28":{"start":{"line":35,"column":23},"end":{"line":35,"column":25}},"29":{"start":{"line":36,"column":4},"end":{"line":50,"column":7}},"30":{"start":{"line":37,"column":8},"end":{"line":40,"column":9}},"31":{"start":{"line":38,"column":12},"end":{"line":38,"column":71}},"32":{"start":{"line":39,"column":12},"end":{"line":39,"column":19}},"33":{"start":{"line":41,"column":8},"end":{"line":49,"column":11}},"34":{"start":{"line":42,"column":12},"end":{"line":48,"column":15}},"35":{"start":{"line":43,"column":16},"end":{"line":46,"column":17}},"36":{"start":{"line":44,"column":20},"end":{"line":44,"column":76}},"37":{"start":{"line":45,"column":20},"end":{"line":45,"column":27}},"38":{"start":{"line":47,"column":16},"end":{"line":47,"column":51}},"39":{"start":{"line":53,"column":4},"end":{"line":71,"column":7}},"40":{"start":{"line":54,"column":22},"end":{"line":54,"column":88}},"41":{"start":{"line":55,"column":20},"end":{"line":55,"column":45}},"42":{"start":{"line":56,"column":8},"end":{"line":70,"column":9}},"43":{"start":{"line":57,"column":12},"end":{"line":69,"column":15}},"44":{"start":{"line":58,"column":16},"end":{"line":68,"column":17}},"45":{"start":{"line":59,"column":20},"end":{"line":59,"column":75}},"46":{"start":{"line":62,"column":20},"end":{"line":67,"column":21}},"47":{"start":{"line":63,"column":24},"end":{"line":63,"column":70}},"48":{"start":{"line":66,"column":24},"end":{"line":66,"column":68}},"49":{"start":{"line":73,"column":0},"end":{"line":73,"column":38}}},"fnMap":{"0":{"name":"(anonymous_0)","decl":{"start":{"line":2,"column":44},"end":{"line":2,"column":45}},"loc":{"start":{"line":2,"column":89},"end":{"line":10,"column":1}},"line":2},"1":{"name":"adopt","decl":{"start":{"line":3,"column":13},"end":{"line":3,"column":18}},"loc":{"start":{"line":3,"column":26},"end":{"line":3,"column":112}},"line":3},"2":{"name":"(anonymous_2)","decl":{"start":{"line":3,"column":70},"end":{"line":3,"column":71}},"loc":{"start":{"line":3,"column":89},"end":{"line":3,"column":108}},"line":3},"3":{"name":"(anonymous_3)","decl":{"start":{"line":4,"column":36},"end":{"line":4,"column":37}},"loc":{"start":{"line":4,"column":63},"end":{"line":9,"column":5}},"line":4},"4":{"name":"fulfilled","decl":{"start":{"line":5,"column":17},"end":{"line":5,"column":26}},"loc":{"start":{"line":5,"column":34},"end":{"line":5,"column":99}},"line":5},"5":{"name":"rejected","decl":{"start":{"line":6,"column":17},"end":{"line":6,"column":25}},"loc":{"start":{"line":6,"column":33},"end":{"line":6,"column":102}},"line":6},"6":{"name":"step","decl":{"start":{"line":7,"column":17},"end":{"line":7,"column":21}},"loc":{"start":{"line":7,"column":30},"end":{"line":7,"column":118}},"line":7},"7":{"name":"(anonymous_7)","decl":{"start":{"line":11,"column":56},"end":{"line":11,"column":57}},"loc":{"start":{"line":11,"column":71},"end":{"line":13,"column":1}},"line":11},"8":{"name":"remplacePassword","decl":{"start":{"line":24,"column":9},"end":{"line":24,"column":25}},"loc":{"start":{"line":24,"column":48},"end":{"line":33,"column":1}},"line":24},"9":{"name":"(anonymous_9)","decl":{"start":{"line":25,"column":111},"end":{"line":25,"column":112}},"loc":{"start":{"line":25,"column":131},"end":{"line":32,"column":5}},"line":25},"10":{"name":"hashPassword","decl":{"start":{"line":34,"column":9},"end":{"line":34,"column":21}},"loc":{"start":{"line":34,"column":44},"end":{"line":51,"column":1}},"line":34},"11":{"name":"(anonymous_11)","decl":{"start":{"line":36,"column":31},"end":{"line":36,"column":32}},"loc":{"start":{"line":36,"column":52},"end":{"line":50,"column":5}},"line":36},"12":{"name":"(anonymous_12)","decl":{"start":{"line":41,"column":36},"end":{"line":41,"column":37}},"loc":{"start":{"line":41,"column":57},"end":{"line":49,"column":9}},"line":41},"13":{"name":"(anonymous_13)","decl":{"start":{"line":42,"column":51},"end":{"line":42,"column":52}},"loc":{"start":{"line":42,"column":64},"end":{"line":48,"column":13}},"line":42},"14":{"name":"resetPassword","decl":{"start":{"line":52,"column":9},"end":{"line":52,"column":22}},"loc":{"start":{"line":52,"column":33},"end":{"line":72,"column":1}},"line":52},"15":{"name":"(anonymous_15)","decl":{"start":{"line":53,"column":43},"end":{"line":53,"column":44}},"loc":{"start":{"line":53,"column":56},"end":{"line":71,"column":5}},"line":53},"16":{"name":"(anonymous_16)","decl":{"start":{"line":57,"column":103},"end":{"line":57,"column":104}},"loc":{"start":{"line":57,"column":123},"end":{"line":69,"column":13}},"line":57}},"branchMap":{"0":{"loc":{"start":{"line":2,"column":16},"end":{"line":10,"column":1}},"type":"binary-expr","locations":[{"start":{"line":2,"column":17},"end":{"line":2,"column":21}},{"start":{"line":2,"column":25},"end":{"line":2,"column":39}},{"start":{"line":2,"column":44},"end":{"line":10,"column":1}}],"line":2},"1":{"loc":{"start":{"line":3,"column":35},"end":{"line":3,"column":109}},"type":"cond-expr","locations":[{"start":{"line":3,"column":56},"end":{"line":3,"column":61}},{"start":{"line":3,"column":64},"end":{"line":3,"column":109}}],"line":3},"2":{"loc":{"start":{"line":4,"column":16},"end":{"line":4,"column":34}},"type":"binary-expr","locations":[{"start":{"line":4,"column":16},"end":{"line":4,"column":17}},{"start":{"line":4,"column":22},"end":{"line":4,"column":33}}],"line":4},"3":{"loc":{"start":{"line":7,"column":32},"end":{"line":7,"column":115}},"type":"cond-expr","locations":[{"start":{"line":7,"column":46},"end":{"line":7,"column":67}},{"start":{"line":7,"column":70},"end":{"line":7,"column":115}}],"line":7},"4":{"loc":{"start":{"line":8,"column":51},"end":{"line":8,"column":67}},"type":"binary-expr","locations":[{"start":{"line":8,"column":51},"end":{"line":8,"column":61}},{"start":{"line":8,"column":65},"end":{"line":8,"column":67}}],"line":8},"5":{"loc":{"start":{"line":11,"column":22},"end":{"line":13,"column":1}},"type":"binary-expr","locations":[{"start":{"line":11,"column":23},"end":{"line":11,"column":27}},{"start":{"line":11,"column":31},"end":{"line":11,"column":51}},{"start":{"line":11,"column":56},"end":{"line":13,"column":1}}],"line":11},"6":{"loc":{"start":{"line":12,"column":11},"end":{"line":12,"column":61}},"type":"cond-expr","locations":[{"start":{"line":12,"column":37},"end":{"line":12,"column":40}},{"start":{"line":12,"column":43},"end":{"line":12,"column":61}}],"line":12},"7":{"loc":{"start":{"line":12,"column":12},"end":{"line":12,"column":33}},"type":"binary-expr","locations":[{"start":{"line":12,"column":12},"end":{"line":12,"column":15}},{"start":{"line":12,"column":19},"end":{"line":12,"column":33}}],"line":12},"8":{"loc":{"start":{"line":26,"column":8},"end":{"line":31,"column":9}},"type":"if","locations":[{"start":{"line":26,"column":8},"end":{"line":31,"column":9}},{"start":{"line":29,"column":13},"end":{"line":31,"column":9}}],"line":26},"9":{"loc":{"start":{"line":37,"column":8},"end":{"line":40,"column":9}},"type":"if","locations":[{"start":{"line":37,"column":8},"end":{"line":40,"column":9}},{"start":{},"end":{}}],"line":37},"10":{"loc":{"start":{"line":43,"column":16},"end":{"line":46,"column":17}},"type":"if","locations":[{"start":{"line":43,"column":16},"end":{"line":46,"column":17}},{"start":{},"end":{}}],"line":43},"11":{"loc":{"start":{"line":56,"column":8},"end":{"line":70,"column":9}},"type":"if","locations":[{"start":{"line":56,"column":8},"end":{"line":70,"column":9}},{"start":{},"end":{}}],"line":56},"12":{"loc":{"start":{"line":58,"column":16},"end":{"line":68,"column":17}},"type":"if","locations":[{"start":{"line":58,"column":16},"end":{"line":68,"column":17}},{"start":{"line":61,"column":21},"end":{"line":68,"column":17}}],"line":58},"13":{"loc":{"start":{"line":62,"column":20},"end":{"line":67,"column":21}},"type":"if","locations":[{"start":{"line":62,"column":20},"end":{"line":67,"column":21}},{"start":{"line":65,"column":25},"end":{"line":67,"column":21}}],"line":62}},"s":{"0":9,"1":10,"2":6,"3":6,"4":10,"5":10,"6":0,"7":0,"8":0,"9":0,"10":16,"11":6,"12":9,"13":9,"14":9,"15":9,"16":9,"17":9,"18":9,"19":9,"20":9,"21":9,"22":9,"23":9,"24":2,"25":2,"26":0,"27":2,"28":2,"29":2,"30":2,"31":0,"32":0,"33":2,"34":2,"35":2,"36":0,"37":0,"38":2,"39":4,"40":4,"41":4,"42":4,"43":2,"44":2,"45":0,"46":2,"47":0,"48":2,"49":9},"f":{"0":6,"1":10,"2":6,"3":6,"4":10,"5":0,"6":16,"7":9,"8":2,"9":2,"10":2,"11":2,"12":2,"13":2,"14":4,"15":4,"16":2},"b":{"0":[9,9,9],"1":[4,6],"2":[6,6],"3":[6,10],"4":[6,6],"5":[9,9,9],"6":[0,9],"7":[9,9],"8":[0,2],"9":[0,2],"10":[0,2],"11":[2,2],"12":[0,2],"13":[0,2]},"inputSourceMap":null,"_coverageSchema":"1a1c01bbd47fc00a2c39e90264f33305004495a9","hash":"7c56ac2a630db6a84a8ee04dc1fcd9c47a2b1289"}
,"/home/kylian/Documents/my/API_BackOffice/dist/Routes/Articles/createArticle.js": {"path":"/home/kylian/Documents/my/API_BackOffice/dist/Routes/Articles/createArticle.js","statementMap":{"0":{"start":{"line":2,"column":0},"end":{"line":2,"column":62}},"1":{"start":{"line":3,"column":28},"end":{"line":3,"column":56}},"2":{"start":{"line":4,"column":23},"end":{"line":4,"column":73}},"3":{"start":{"line":5,"column":23},"end":{"line":5,"column":67}},"4":{"start":{"line":6,"column":24},"end":{"line":6,"column":75}},"5":{"start":{"line":7,"column":15},"end":{"line":20,"column":1}},"6":{"start":{"line":21,"column":0},"end":{"line":21,"column":68}}},"fnMap":{},"branchMap":{},"s":{"0":9,"1":9,"2":9,"3":9,"4":9,"5":9,"6":9},"f":{},"b":{},"inputSourceMap":null,"_coverageSchema":"1a1c01bbd47fc00a2c39e90264f33305004495a9","hash":"f1f438cb606e404f6407073bb4a3d6fbbc7534fd"}
,"/home/kylian/Documents/my/API_BackOffice/dist/Routes/Articles/deleteArticle.js": {"path":"/home/kylian/Documents/my/API_BackOffice/dist/Routes/Articles/deleteArticle.js","statementMap":{"0":{"start":{"line":2,"column":0},"end":{"line":2,"column":62}},"1":{"start":{"line":3,"column":28},"end":{"line":3,"column":56}},"2":{"start":{"line":4,"column":23},"end":{"line":4,"column":73}},"3":{"start":{"line":5,"column":23},"end":{"line":5,"column":67}},"4":{"start":{"line":6,"column":24},"end":{"line":6,"column":75}},"5":{"start":{"line":7,"column":15},"end":{"line":19,"column":1}},"6":{"start":{"line":20,"column":0},"end":{"line":20,"column":68}}},"fnMap":{},"branchMap":{},"s":{"0":9,"1":9,"2":9,"3":9,"4":9,"5":9,"6":9},"f":{},"b":{},"inputSourceMap":null,"_coverageSchema":"1a1c01bbd47fc00a2c39e90264f33305004495a9","hash":"5fa7c018c7f63307bda7b16e5ddebb125a2820fe"}
,"/home/kylian/Documents/my/API_BackOffice/dist/Routes/Articles/getArticles.js": {"path":"/home/kylian/Documents/my/API_BackOffice/dist/Routes/Articles/getArticles.js","statementMap":{"0":{"start":{"line":2,"column":0},"end":{"line":2,"column":62}},"1":{"start":{"line":3,"column":28},"end":{"line":3,"column":56}},"2":{"start":{"line":4,"column":23},"end":{"line":4,"column":67}},"3":{"start":{"line":5,"column":22},"end":{"line":5,"column":71}},"4":{"start":{"line":6,"column":15},"end":{"line":13,"column":1}},"5":{"start":{"line":14,"column":0},"end":{"line":14,"column":68}}},"fnMap":{},"branchMap":{},"s":{"0":9,"1":9,"2":9,"3":9,"4":9,"5":9},"f":{},"b":{},"inputSourceMap":null,"_coverageSchema":"1a1c01bbd47fc00a2c39e90264f33305004495a9","hash":"72e62d5a29bb7ca62ee13814079de93f6f2c237d"}
,"/home/kylian/Documents/my/API_BackOffice/dist/Routes/Articles/updateArticle.js": {"path":"/home/kylian/Documents/my/API_BackOffice/dist/Routes/Articles/updateArticle.js","statementMap":{"0":{"start":{"line":2,"column":0},"end":{"line":2,"column":62}},"1":{"start":{"line":3,"column":28},"end":{"line":3,"column":56}},"2":{"start":{"line":4,"column":23},"end":{"line":4,"column":73}},"3":{"start":{"line":5,"column":23},"end":{"line":5,"column":67}},"4":{"start":{"line":6,"column":24},"end":{"line":6,"column":75}},"5":{"start":{"line":7,"column":15},"end":{"line":21,"column":1}},"6":{"start":{"line":22,"column":0},"end":{"line":22,"column":68}}},"fnMap":{},"branchMap":{},"s":{"0":9,"1":9,"2":9,"3":9,"4":9,"5":9,"6":9},"f":{},"b":{},"inputSourceMap":null,"_coverageSchema":"1a1c01bbd47fc00a2c39e90264f33305004495a9","hash":"210b9fbc31d054924cad3172c6030f03672f0fe8"}
,"/home/kylian/Documents/my/API_BackOffice/dist/Routes/Auth/deleteAccount.js": {"path":"/home/kylian/Documents/my/API_BackOffice/dist/Routes/Auth/deleteAccount.js","statementMap":{"0":{"start":{"line":2,"column":0},"end":{"line":2,"column":62}},"1":{"start":{"line":3,"column":28},"end":{"line":3,"column":56}},"2":{"start":{"line":4,"column":21},"end":{"line":4,"column":69}},"3":{"start":{"line":5,"column":24},"end":{"line":5,"column":75}},"4":{"start":{"line":6,"column":23},"end":{"line":6,"column":67}},"5":{"start":{"line":7,"column":24},"end":{"line":7,"column":71}},"6":{"start":{"line":8,"column":15},"end":{"line":21,"column":1}},"7":{"start":{"line":22,"column":0},"end":{"line":22,"column":68}}},"fnMap":{},"branchMap":{},"s":{"0":9,"1":9,"2":9,"3":9,"4":9,"5":9,"6":9,"7":9},"f":{},"b":{},"inputSourceMap":null,"_coverageSchema":"1a1c01bbd47fc00a2c39e90264f33305004495a9","hash":"deeb7cf5b1cc90f42074b66a4659824761ba42e4"}
,"/home/kylian/Documents/my/API_BackOffice/dist/Routes/Auth/index.js": {"path":"/home/kylian/Documents/my/API_BackOffice/dist/Routes/Auth/index.js","statementMap":{"0":{"start":{"line":2,"column":22},"end":{"line":4,"column":1}},"1":{"start":{"line":3,"column":4},"end":{"line":3,"column":62}},"2":{"start":{"line":5,"column":0},"end":{"line":5,"column":62}},"3":{"start":{"line":6,"column":0},"end":{"line":6,"column":95}},"4":{"start":{"line":7,"column":16},"end":{"line":7,"column":51}},"5":{"start":{"line":8,"column":0},"end":{"line":8,"column":32}},"6":{"start":{"line":9,"column":29},"end":{"line":9,"column":77}},"7":{"start":{"line":10,"column":0},"end":{"line":10,"column":58}},"8":{"start":{"line":11,"column":19},"end":{"line":11,"column":57}},"9":{"start":{"line":12,"column":0},"end":{"line":12,"column":38}},"10":{"start":{"line":13,"column":24},"end":{"line":13,"column":67}},"11":{"start":{"line":14,"column":0},"end":{"line":14,"column":48}}},"fnMap":{"0":{"name":"(anonymous_0)","decl":{"start":{"line":2,"column":56},"end":{"line":2,"column":57}},"loc":{"start":{"line":2,"column":71},"end":{"line":4,"column":1}},"line":2}},"branchMap":{"0":{"loc":{"start":{"line":2,"column":22},"end":{"line":4,"column":1}},"type":"binary-expr","locations":[{"start":{"line":2,"column":23},"end":{"line":2,"column":27}},{"start":{"line":2,"column":31},"end":{"line":2,"column":51}},{"start":{"line":2,"column":56},"end":{"line":4,"column":1}}],"line":2},"1":{"loc":{"start":{"line":3,"column":11},"end":{"line":3,"column":61}},"type":"cond-expr","locations":[{"start":{"line":3,"column":37},"end":{"line":3,"column":40}},{"start":{"line":3,"column":43},"end":{"line":3,"column":61}}],"line":3},"2":{"loc":{"start":{"line":3,"column":12},"end":{"line":3,"column":33}},"type":"binary-expr","locations":[{"start":{"line":3,"column":12},"end":{"line":3,"column":15}},{"start":{"line":3,"column":19},"end":{"line":3,"column":33}}],"line":3}},"s":{"0":9,"1":36,"2":9,"3":9,"4":9,"5":9,"6":9,"7":9,"8":9,"9":9,"10":9,"11":9},"f":{"0":36},"b":{"0":[9,9,9],"1":[36,0],"2":[36,36]},"inputSourceMap":null,"_coverageSchema":"1a1c01bbd47fc00a2c39e90264f33305004495a9","hash":"54b9a32aa0abc94dd498afa7edbd1e617ad44f56"}
,"/home/kylian/Documents/my/API_BackOffice/dist/Routes/Auth/login.js": {"path":"/home/kylian/Documents/my/API_BackOffice/dist/Routes/Auth/login.js","statementMap":{"0":{"start":{"line":2,"column":0},"end":{"line":2,"column":62}},"1":{"start":{"line":3,"column":28},"end":{"line":3,"column":56}},"2":{"start":{"line":4,"column":21},"end":{"line":4,"column":69}},"3":{"start":{"line":5,"column":24},"end":{"line":5,"column":75}},"4":{"start":{"line":6,"column":23},"end":{"line":6,"column":67}},"5":{"start":{"line":7,"column":16},"end":{"line":7,"column":55}},"6":{"start":{"line":8,"column":15},"end":{"line":18,"column":1}},"7":{"start":{"line":19,"column":0},"end":{"line":19,"column":68}}},"fnMap":{},"branchMap":{},"s":{"0":9,"1":9,"2":9,"3":9,"4":9,"5":9,"6":9,"7":9},"f":{},"b":{},"inputSourceMap":null,"_coverageSchema":"1a1c01bbd47fc00a2c39e90264f33305004495a9","hash":"84e0957be4268be9075284c28bfd71b8386a06de"}
,"/home/kylian/Documents/my/API_BackOffice/dist/Routes/Auth/refreshAccessToken.js": {"path":"/home/kylian/Documents/my/API_BackOffice/dist/Routes/Auth/refreshAccessToken.js","statementMap":{"0":{"start":{"line":2,"column":0},"end":{"line":2,"column":62}},"1":{"start":{"line":3,"column":28},"end":{"line":3,"column":56}},"2":{"start":{"line":4,"column":23},"end":{"line":4,"column":67}},"3":{"start":{"line":5,"column":29},"end":{"line":5,"column":81}},"4":{"start":{"line":6,"column":15},"end":{"line":13,"column":1}},"5":{"start":{"line":14,"column":0},"end":{"line":14,"column":68}}},"fnMap":{},"branchMap":{},"s":{"0":9,"1":9,"2":9,"3":9,"4":9,"5":9},"f":{},"b":{},"inputSourceMap":null,"_coverageSchema":"1a1c01bbd47fc00a2c39e90264f33305004495a9","hash":"0e90ade3984b1c11d5852eb5a23256e3e4a39639"}
,"/home/kylian/Documents/my/API_BackOffice/dist/Routes/Auth/register.js": {"path":"/home/kylian/Documents/my/API_BackOffice/dist/Routes/Auth/register.js","statementMap":{"0":{"start":{"line":2,"column":0},"end":{"line":2,"column":62}},"1":{"start":{"line":3,"column":28},"end":{"line":3,"column":56}},"2":{"start":{"line":4,"column":21},"end":{"line":4,"column":69}},"3":{"start":{"line":5,"column":24},"end":{"line":5,"column":75}},"4":{"start":{"line":6,"column":23},"end":{"line":6,"column":67}},"5":{"start":{"line":7,"column":19},"end":{"line":7,"column":61}},"6":{"start":{"line":8,"column":15},"end":{"line":18,"column":1}},"7":{"start":{"line":19,"column":0},"end":{"line":19,"column":68}}},"fnMap":{},"branchMap":{},"s":{"0":9,"1":9,"2":9,"3":9,"4":9,"5":9,"6":9,"7":9},"f":{},"b":{},"inputSourceMap":null,"_coverageSchema":"1a1c01bbd47fc00a2c39e90264f33305004495a9","hash":"dca781ca9d1938e8ae6af40525841d080fc1afe9"}
,"/home/kylian/Documents/my/API_BackOffice/dist/Routes/Auth/resetPassword.js": {"path":"/home/kylian/Documents/my/API_BackOffice/dist/Routes/Auth/resetPassword.js","statementMap":{"0":{"start":{"line":2,"column":0},"end":{"line":2,"column":62}},"1":{"start":{"line":3,"column":28},"end":{"line":3,"column":56}},"2":{"start":{"line":4,"column":24},"end":{"line":4,"column":75}},"3":{"start":{"line":5,"column":23},"end":{"line":5,"column":67}},"4":{"start":{"line":6,"column":24},"end":{"line":6,"column":71}},"5":{"start":{"line":7,"column":15},"end":{"line":16,"column":1}},"6":{"start":{"line":17,"column":0},"end":{"line":17,"column":68}}},"fnMap":{},"branchMap":{},"s":{"0":9,"1":9,"2":9,"3":9,"4":9,"5":9,"6":9},"f":{},"b":{},"inputSourceMap":null,"_coverageSchema":"1a1c01bbd47fc00a2c39e90264f33305004495a9","hash":"0e9299380f15bdfd873af8c2b5b773a3b2f30fc1"}
}
