TN:
SF:app.ts
FNF:0
FNH:0
DA:1,8
DA:2,8
DA:3,8
DA:4,8
DA:5,8
DA:11,8
DA:12,8
DA:13,8
DA:14,8
DA:16,8
DA:17,8
DA:18,8
DA:19,8
DA:20,8
DA:22,8
DA:30,8
DA:32,8
LF:17
LH:17
BRF:0
BRH:0
end_of_record
TN:
SF:Function/Utils/createRoutes.ts
FN:4,createRouteFromRoutes
FN:12,checkValidator
FN:13,(anonymous_3)
FNF:3
FNH:3
FNDA:64,createRouteFromRoutes
FNDA:64,checkValidator
FNDA:43,(anonymous_3)
DA:1,8
DA:2,8
DA:5,64
DA:6,64
DA:7,64
DA:9,64
DA:13,64
DA:14,43
DA:15,43
DA:16,15
DA:17,15
DA:20,28
DA:26,8
DA:27,8
LF:14
LH:14
BRDA:15,0,0,15
BRDA:15,0,1,28
BRF:2
BRH:2
end_of_record
TN:
SF:Function/Utils/database.ts
FNF:0
FNH:0
DA:1,8
DA:2,8
DA:4,8
DA:6,8
DA:15,8
LF:5
LH:5
BRF:0
BRH:0
end_of_record
TN:
SF:Function/Utils/generateToken.ts
FN:4,generateAccessToken
FN:8,generateRefreshToken
FN:13,generateRefreshAcccesTokens
FN:25,generateAccesToken
FNF:4
FNH:4
FNDA:4,generateAccessToken
FNDA:3,generateRefreshToken
FNDA:3,generateRefreshAcccesTokens
FNDA:1,generateAccesToken
DA:2,8
DA:4,8
DA:5,4
DA:8,8
DA:9,3
DA:13,8
DA:14,3
DA:15,3
DA:17,3
DA:25,8
DA:26,1
DA:28,1
LF:12
LH:12
BRF:0
BRH:0
end_of_record
TN:
SF:Function/Utils/simpleCondition.ts
FN:2,rowIsVoid
FNF:1
FNH:1
FNDA:12,rowIsVoid
DA:2,8
DA:3,12
DA:4,2
DA:6,10
LF:4
LH:4
BRDA:3,0,0,2
BRF:1
BRH:1
end_of_record
TN:
SF:Function/Utils/verifToken.ts
FN:8,verifToken
FNF:1
FNH:1
FNDA:23,verifToken
DA:2,8
DA:3,8
DA:5,8
DA:6,8
DA:8,8
DA:12,23
DA:13,23
DA:14,18
DA:15,18
DA:17,18
DA:18,12
DA:21,12
DA:24,5
DA:28,5
DA:31,6
DA:32,6
DA:36,6
DA:38,0
DA:42,0
LF:19
LH:17
BRDA:13,0,0,18
BRDA:13,0,1,5
BRDA:15,1,0,0
BRDA:15,1,1,18
BRDA:31,2,0,6
BRDA:31,2,1,0
BRF:6
BRH:4
end_of_record
TN:
SF:Function/checkParams/checkArticle.ts
FNF:0
FNH:0
DA:3,8
DA:12,8
DA:21,8
LF:3
LH:3
BRF:0
BRH:0
end_of_record
TN:
SF:Function/checkParams/checkEmail.ts
FNF:0
FNH:0
DA:3,8
LF:1
LH:1
BRF:0
BRH:0
end_of_record
TN:
SF:Function/checkParams/checkPassword.ts
FN:11,(anonymous_0)
FNF:1
FNH:1
FNDA:21,(anonymous_0)
DA:3,8
DA:12,21
LF:2
LH:2
BRF:0
BRH:0
end_of_record
TN:
SF:Middlewares/Articles/createArticle.ts
FN:7,addArticleToDb
FN:10,(anonymous_8)
FN:27,createArticle
FNF:3
FNH:3
FNDA:2,addArticleToDb
FNDA:2,(anonymous_8)
FNDA:4,createArticle
DA:2,8
DA:3,8
DA:4,8
DA:8,2
DA:11,2
DA:12,0
DA:17,2
DA:27,8
DA:28,4
DA:29,4
DA:30,4
DA:31,4
DA:32,2
DA:39,2
LF:14
LH:13
BRDA:11,0,0,0
BRDA:11,0,1,2
BRDA:31,1,0,2
BRF:3
BRH:2
end_of_record
TN:
SF:Middlewares/Articles/deleteArticle.ts
FN:8,checkArticleToDb
FN:11,(anonymous_8)
FN:31,deleteArticleToDb
FN:34,(anonymous_10)
FN:50,deleteArticle
FNF:5
FNH:5
FNDA:2,checkArticleToDb
FNDA:2,(anonymous_8)
FNDA:2,deleteArticleToDb
FNDA:2,(anonymous_10)
FNDA:3,deleteArticle
DA:2,8
DA:3,8
DA:4,8
DA:5,8
DA:9,2
DA:12,2
DA:13,0
DA:18,2
DA:19,0
DA:24,2
DA:32,2
DA:35,2
DA:36,0
DA:41,2
DA:50,8
DA:51,3
DA:52,3
DA:53,3
DA:54,2
LF:19
LH:16
BRDA:12,0,0,0
BRDA:12,0,1,2
BRDA:18,1,0,0
BRDA:18,1,1,2
BRDA:35,2,0,0
BRDA:35,2,1,2
BRDA:53,3,0,2
BRF:7
BRH:4
end_of_record
TN:
SF:Middlewares/Articles/getArticles.ts
FN:6,getArticlesToDb
FN:9,(anonymous_9)
FN:27,getArticles
FNF:3
FNH:3
FNDA:1,getArticlesToDb
FNDA:1,(anonymous_9)
FNDA:3,getArticles
DA:2,8
DA:3,8
DA:4,8
DA:6,8
DA:7,1
DA:10,1
DA:11,0
DA:16,1
DA:17,2
DA:18,1
DA:27,8
DA:28,3
DA:29,3
DA:30,3
DA:31,1
LF:15
LH:14
BRDA:10,0,0,0
BRDA:10,0,1,1
BRDA:30,1,0,1
BRF:3
BRH:2
end_of_record
TN:
SF:Middlewares/Auth/deleteAccount.ts
FN:10,deleteAccountToDb
FN:13,(anonymous_9)
FN:29,comparePassword
FN:33,(anonymous_12)
FN:46,checkMailToDb
FN:49,(anonymous_15)
FN:69,deleteAccount
FNF:7
FNH:7
FNDA:2,deleteAccountToDb
FNDA:2,(anonymous_9)
FNDA:3,comparePassword
FNDA:3,(anonymous_12)
FNDA:3,checkMailToDb
FNDA:3,(anonymous_15)
FNDA:6,deleteAccount
DA:3,8
DA:4,8
DA:6,8
DA:7,8
DA:8,8
DA:10,8
DA:11,2
DA:14,2
DA:15,0
DA:20,2
DA:29,8
DA:30,3
DA:34,3
DA:35,1
DA:40,2
DA:46,8
DA:47,3
DA:50,3
DA:51,0
DA:56,3
DA:57,0
DA:62,3
DA:69,8
DA:70,6
DA:71,6
DA:72,6
DA:73,4
DA:74,1
DA:81,3
LF:29
LH:26
BRDA:14,0,0,0
BRDA:14,0,1,2
BRDA:34,1,0,1
BRDA:34,1,1,2
BRDA:50,2,0,0
BRDA:50,2,1,3
BRDA:56,3,0,0
BRDA:56,3,1,3
BRDA:72,4,0,4
BRDA:73,5,0,1
BRDA:73,5,1,3
BRF:11
BRH:8
end_of_record
TN:
SF:Middlewares/Auth/login.ts
FN:9,comparePassword
FN:13,(anonymous_9)
FN:26,login
FN:29,(anonymous_12)
FNF:4
FNH:4
FNDA:2,comparePassword
FNDA:2,(anonymous_9)
FNDA:2,login
FNDA:2,(anonymous_12)
DA:2,8
DA:3,8
DA:4,8
DA:5,8
DA:7,8
DA:9,8
DA:10,2
DA:14,2
DA:15,1
DA:20,1
DA:26,8
DA:27,2
DA:30,2
DA:31,0
DA:36,2
DA:37,0
DA:42,2
LF:17
LH:15
BRDA:14,0,0,1
BRDA:14,0,1,1
BRDA:30,1,0,0
BRDA:30,1,1,2
BRDA:36,2,0,0
BRDA:36,2,1,2
BRF:6
BRH:4
end_of_record
TN:
SF:Middlewares/Auth/refreshAccessToken.ts
FN:7,refreshAccessToken
FNF:1
FNH:1
FNDA:3,refreshAccessToken
DA:2,8
DA:3,8
DA:4,8
DA:5,8
DA:7,8
DA:8,3
DA:9,3
DA:10,3
DA:11,1
DA:15,1
LF:10
LH:10
BRDA:10,0,0,1
BRF:1
BRH:1
end_of_record
TN:
SF:Middlewares/Auth/register.ts
FN:9,addUserToDb
FN:12,(anonymous_8)
FN:28,hashPassword
FN:31,(anonymous_10)
FN:41,(anonymous_11)
FN:59,register
FN:69,(anonymous_15)
FNF:7
FNH:7
FNDA:2,addUserToDb
FNDA:2,(anonymous_8)
FNDA:2,hashPassword
FNDA:2,(anonymous_10)
FNDA:2,(anonymous_11)
FNDA:3,register
FNDA:3,(anonymous_15)
DA:2,8
DA:3,8
DA:4,8
DA:5,8
DA:7,8
DA:10,2
DA:13,2
DA:14,0
DA:20,0
DA:22,2
DA:25,2
DA:29,2
DA:31,2
DA:32,2
DA:33,0
DA:39,0
DA:41,2
DA:42,2
DA:43,0
DA:49,0
DA:51,2
DA:52,2
DA:53,2
DA:59,8
DA:60,3
DA:61,3
DA:67,3
DA:70,3
DA:71,0
DA:76,3
DA:77,2
DA:79,1
LF:32
LH:25
BRDA:13,0,0,0
BRDA:32,1,0,0
BRDA:42,2,0,0
BRDA:52,3,0,2
BRDA:70,4,0,0
BRDA:70,4,1,3
BRDA:76,5,0,2
BRDA:76,5,1,1
BRF:8
BRH:4
end_of_record
TN:
SF:Middlewares/Auth/resetPassword.ts
FN:11,remplacePassword
FN:14,(anonymous_9)
FN:30,hashPassword
FN:33,(anonymous_11)
FN:43,(anonymous_12)
FN:58,resetPassword
FN:64,(anonymous_16)
FNF:7
FNH:7
FNDA:2,remplacePassword
FNDA:2,(anonymous_9)
FNDA:2,hashPassword
FNDA:2,(anonymous_11)
FNDA:2,(anonymous_12)
FNDA:4,resetPassword
FNDA:2,(anonymous_16)
DA:2,8
DA:3,8
DA:4,8
DA:5,8
DA:6,8
DA:8,8
DA:9,8
DA:12,2
DA:15,2
DA:16,0
DA:21,2
DA:31,2
DA:33,2
DA:34,2
DA:35,0
DA:41,0
DA:43,2
DA:44,2
DA:45,0
DA:51,0
DA:53,2
DA:58,8
DA:59,4
DA:60,4
DA:61,4
DA:62,2
DA:65,2
DA:66,0
DA:72,2
DA:73,0
DA:78,2
LF:31
LH:24
BRDA:15,0,0,0
BRDA:15,0,1,2
BRDA:34,1,0,0
BRDA:44,2,0,0
BRDA:61,3,0,2
BRDA:65,4,0,0
BRDA:65,4,1,2
BRDA:72,5,0,0
BRDA:72,5,1,2
BRF:9
BRH:4
end_of_record
TN:
SF:Routes/Articles/createArticle.ts
FNF:0
FNH:0
DA:1,8
DA:2,8
DA:7,8
DA:11,8
DA:13,8
DA:28,8
LF:6
LH:6
BRF:0
BRH:0
end_of_record
TN:
SF:Routes/Articles/deleteArticle.ts
FNF:0
FNH:0
DA:1,8
DA:2,8
DA:4,8
DA:8,8
DA:10,8
DA:24,8
LF:6
LH:6
BRF:0
BRH:0
end_of_record
TN:
SF:Routes/Articles/getArticles.ts
FNF:0
FNH:0
DA:1,8
DA:4,8
DA:8,8
DA:10,8
DA:24,8
LF:5
LH:5
BRF:0
BRH:0
end_of_record
TN:
SF:Routes/Auth/deleteAccount.ts
FNF:0
FNH:0
DA:1,8
DA:2,8
DA:3,8
DA:4,8
DA:8,8
DA:10,8
DA:25,8
LF:7
LH:7
BRF:0
BRH:0
end_of_record
TN:
SF:Routes/Auth/index.ts
FNF:0
FNH:0
DA:1,8
DA:2,8
DA:3,8
DA:4,8
DA:6,8
LF:5
LH:5
BRF:0
BRH:0
end_of_record
TN:
SF:Routes/Auth/login.ts
FNF:0
FNH:0
DA:2,8
DA:3,8
DA:4,8
DA:5,8
DA:6,8
DA:8,8
DA:20,8
LF:7
LH:7
BRF:0
BRH:0
end_of_record
TN:
SF:Routes/Auth/refreshAccessToken.ts
FNF:0
FNH:0
DA:2,8
DA:5,8
DA:6,8
DA:8,8
DA:18,8
LF:5
LH:5
BRF:0
BRH:0
end_of_record
TN:
SF:Routes/Auth/register.ts
FNF:0
FNH:0
DA:2,8
DA:3,8
DA:4,8
DA:5,8
DA:6,8
DA:8,8
DA:20,8
LF:7
LH:7
BRF:0
BRH:0
end_of_record
TN:
SF:Routes/Auth/resetPassword.ts
FNF:0
FNH:0
DA:2,8
DA:4,8
DA:5,8
DA:6,8
DA:8,8
DA:19,8
LF:6
LH:6
BRF:0
BRH:0
end_of_record
