TN:
SF:app.ts
FNF:0
FNH:0
DA:1,1
DA:2,1
DA:3,1
DA:4,1
DA:5,1
DA:11,1
DA:12,1
DA:13,1
DA:14,1
DA:16,1
DA:17,1
DA:18,1
DA:19,1
DA:20,1
DA:22,1
DA:30,1
DA:32,1
LF:17
LH:17
BRF:0
BRH:0
end_of_record
TN:
SF:Function/Utils/createRoutes.ts
FN:4,createRouteFromRoutes
FN:12,checkValidator
FN:13,(anonymous_3)
FNF:3
FNH:3
FNDA:8,createRouteFromRoutes
FNDA:8,checkValidator
FNDA:7,(anonymous_3)
DA:1,1
DA:2,1
DA:5,8
DA:6,8
DA:7,8
DA:9,8
DA:13,8
DA:14,7
DA:15,7
DA:16,5
DA:17,5
DA:20,2
DA:26,1
DA:27,1
LF:14
LH:14
BRDA:15,0,0,5
BRDA:15,0,1,2
BRF:2
BRH:2
end_of_record
TN:
SF:Function/Utils/database.ts
FNF:0
FNH:0
DA:1,1
DA:2,1
DA:4,1
DA:6,1
DA:15,1
LF:5
LH:5
BRF:0
BRH:0
end_of_record
TN:
SF:Function/Utils/generateToken.ts
FN:4,generateAccessToken
FN:8,generateRefreshToken
FN:13,generateRefreshAcccesTokens
FN:25,generateAccesToken
FNF:4
FNH:3
FNDA:1,generateAccessToken
FNDA:1,generateRefreshToken
FNDA:1,generateRefreshAcccesTokens
FNDA:0,generateAccesToken
DA:2,1
DA:4,1
DA:5,1
DA:8,1
DA:9,1
DA:13,1
DA:14,1
DA:15,1
DA:17,1
DA:25,1
DA:26,0
DA:28,0
LF:12
LH:10
BRF:0
BRH:0
end_of_record
TN:
SF:Function/Utils/simpleCondition.ts
FN:2,rowIsVoid
FNF:1
FNH:1
FNDA:2,rowIsVoid
DA:2,1
DA:3,2
DA:4,0
DA:6,2
LF:4
LH:3
BRDA:3,0,0,0
BRF:1
BRH:0
end_of_record
TN:
SF:Function/Utils/verifToken.ts
FN:8,verifToken
FNF:1
FNH:0
FNDA:0,verifToken
DA:2,1
DA:3,1
DA:5,1
DA:6,1
DA:8,1
DA:12,0
DA:13,0
DA:14,0
DA:16,0
DA:17,0
DA:20,0
DA:23,0
DA:24,0
DA:28,0
DA:30,0
DA:31,0
DA:35,0
LF:17
LH:5
BRDA:14,0,0,0
BRDA:14,0,1,0
BRDA:23,1,0,0
BRDA:23,1,1,0
BRF:4
BRH:0
end_of_record
TN:
SF:Function/checkParams/checkArticle.ts
FNF:0
FNH:0
DA:3,1
DA:12,1
DA:21,1
LF:3
LH:3
BRF:0
BRH:0
end_of_record
TN:
SF:Function/checkParams/checkEmail.ts
FNF:0
FNH:0
DA:3,1
LF:1
LH:1
BRF:0
BRH:0
end_of_record
TN:
SF:Function/checkParams/checkPassword.ts
FN:11,(anonymous_0)
FNF:1
FNH:1
FNDA:5,(anonymous_0)
DA:3,1
DA:12,5
LF:2
LH:2
BRF:0
BRH:0
end_of_record
TN:
SF:Middlewares/Articles/createArticle.ts
FN:7,addArticleToDb
FN:11,(anonymous_8)
FN:28,createArticle
FNF:3
FNH:0
FNDA:0,addArticleToDb
FNDA:0,(anonymous_8)
FNDA:0,createArticle
DA:2,1
DA:3,1
DA:4,1
DA:8,0
DA:9,0
DA:12,0
DA:13,0
DA:14,0
DA:19,0
DA:28,1
DA:29,0
DA:30,0
DA:31,0
DA:34,0
DA:35,0
DA:36,0
DA:43,0
DA:46,0
LF:18
LH:4
BRDA:12,0,0,0
BRDA:12,0,1,0
BRDA:34,1,0,0
BRF:3
BRH:0
end_of_record
TN:
SF:Middlewares/Articles/deleteArticle.ts
FN:8,checkArticleToDb
FN:11,(anonymous_8)
FN:32,deleteArticleToDb
FN:36,(anonymous_10)
FN:53,deleteArticle
FNF:5
FNH:0
FNDA:0,checkArticleToDb
FNDA:0,(anonymous_8)
FNDA:0,deleteArticleToDb
FNDA:0,(anonymous_10)
FNDA:0,deleteArticle
DA:2,1
DA:3,1
DA:4,1
DA:5,1
DA:9,0
DA:12,0
DA:13,0
DA:14,0
DA:19,0
DA:20,0
DA:25,0
DA:33,0
DA:34,0
DA:37,0
DA:38,0
DA:39,0
DA:44,0
DA:53,1
DA:54,0
DA:55,0
DA:58,0
DA:59,0
DA:60,0
DA:63,0
LF:24
LH:5
BRDA:12,0,0,0
BRDA:12,0,1,0
BRDA:19,1,0,0
BRDA:19,1,1,0
BRDA:37,2,0,0
BRDA:37,2,1,0
BRDA:59,3,0,0
BRF:7
BRH:0
end_of_record
TN:
SF:Middlewares/Articles/getArticles.ts
FN:6,getArticlesToDb
FN:9,(anonymous_9)
FN:27,getArticles
FNF:3
FNH:0
FNDA:0,getArticlesToDb
FNDA:0,(anonymous_9)
FNDA:0,getArticles
DA:2,1
DA:3,1
DA:4,1
DA:6,1
DA:7,0
DA:10,0
DA:11,0
DA:16,0
DA:17,0
DA:18,0
DA:27,1
DA:28,0
DA:29,0
DA:32,0
DA:33,0
DA:36,0
LF:16
LH:5
BRDA:10,0,0,0
BRDA:10,0,1,0
BRDA:32,1,0,0
BRF:3
BRH:0
end_of_record
TN:
SF:Middlewares/Auth/deleteAccount.ts
FN:9,deleteAccountToDb
FN:12,(anonymous_9)
FN:28,comparePassword
FN:32,(anonymous_12)
FN:45,checkMailToDb
FN:48,(anonymous_15)
FN:68,deleteAccount
FNF:7
FNH:0
FNDA:0,deleteAccountToDb
FNDA:0,(anonymous_9)
FNDA:0,comparePassword
FNDA:0,(anonymous_12)
FNDA:0,checkMailToDb
FNDA:0,(anonymous_15)
FNDA:0,deleteAccount
DA:2,1
DA:3,1
DA:5,1
DA:6,1
DA:7,1
DA:9,1
DA:10,0
DA:13,0
DA:14,0
DA:19,0
DA:28,1
DA:29,0
DA:33,0
DA:34,0
DA:39,0
DA:45,1
DA:46,0
DA:49,0
DA:50,0
DA:55,0
DA:56,0
DA:61,0
DA:68,1
DA:69,0
DA:70,0
DA:73,0
DA:74,0
DA:75,0
DA:82,0
DA:86,0
LF:30
LH:9
BRDA:13,0,0,0
BRDA:13,0,1,0
BRDA:33,1,0,0
BRDA:33,1,1,0
BRDA:49,2,0,0
BRDA:49,2,1,0
BRDA:55,3,0,0
BRDA:55,3,1,0
BRDA:73,4,0,0
BRDA:74,5,0,0
BRDA:74,5,1,0
BRF:11
BRH:0
end_of_record
TN:
SF:Middlewares/Auth/login.ts
FN:9,comparePassword
FN:13,(anonymous_9)
FN:26,login
FN:29,(anonymous_12)
FNF:4
FNH:4
FNDA:2,comparePassword
FNDA:2,(anonymous_9)
FNDA:2,login
FNDA:2,(anonymous_12)
DA:2,1
DA:3,1
DA:4,1
DA:5,1
DA:7,1
DA:9,1
DA:10,2
DA:14,2
DA:15,1
DA:20,1
DA:26,1
DA:27,2
DA:30,2
DA:31,0
DA:36,2
DA:37,0
DA:42,2
LF:17
LH:15
BRDA:14,0,0,1
BRDA:14,0,1,1
BRDA:30,1,0,0
BRDA:30,1,1,2
BRDA:36,2,0,0
BRDA:36,2,1,2
BRF:6
BRH:4
end_of_record
TN:
SF:Middlewares/Auth/refreshAccessToken.ts
FN:7,refreshAccessToken
FNF:1
FNH:0
FNDA:0,refreshAccessToken
DA:2,1
DA:3,1
DA:4,1
DA:5,1
DA:7,1
DA:8,0
DA:9,0
DA:12,0
DA:13,0
DA:17,0
DA:20,0
LF:11
LH:5
BRDA:12,0,0,0
BRF:1
BRH:0
end_of_record
TN:
SF:Middlewares/Auth/register.ts
FN:9,addUserToDb
FN:12,(anonymous_8)
FN:28,hashPassword
FN:31,(anonymous_10)
FN:41,(anonymous_11)
FN:59,register
FN:69,(anonymous_15)
FNF:7
FNH:0
FNDA:0,addUserToDb
FNDA:0,(anonymous_8)
FNDA:0,hashPassword
FNDA:0,(anonymous_10)
FNDA:0,(anonymous_11)
FNDA:0,register
FNDA:0,(anonymous_15)
DA:2,1
DA:3,1
DA:4,1
DA:5,1
DA:7,1
DA:10,0
DA:13,0
DA:14,0
DA:20,0
DA:22,0
DA:25,0
DA:29,0
DA:31,0
DA:32,0
DA:33,0
DA:39,0
DA:41,0
DA:42,0
DA:43,0
DA:49,0
DA:51,0
DA:52,0
DA:53,0
DA:59,1
DA:60,0
DA:61,0
DA:67,0
DA:70,0
DA:71,0
DA:76,0
DA:77,0
DA:79,0
LF:32
LH:6
BRDA:13,0,0,0
BRDA:32,1,0,0
BRDA:42,2,0,0
BRDA:52,3,0,0
BRDA:70,4,0,0
BRDA:70,4,1,0
BRDA:76,5,0,0
BRDA:76,5,1,0
BRF:8
BRH:0
end_of_record
TN:
SF:Middlewares/Auth/resetPassword.ts
FN:11,remplacePassword
FN:14,(anonymous_9)
FN:30,hashPassword
FN:33,(anonymous_11)
FN:43,(anonymous_12)
FN:58,resetPassword
FN:66,(anonymous_16)
FNF:7
FNH:0
FNDA:0,remplacePassword
FNDA:0,(anonymous_9)
FNDA:0,hashPassword
FNDA:0,(anonymous_11)
FNDA:0,(anonymous_12)
FNDA:0,resetPassword
FNDA:0,(anonymous_16)
DA:2,1
DA:3,1
DA:4,1
DA:5,1
DA:6,1
DA:8,1
DA:9,1
DA:12,0
DA:15,0
DA:16,0
DA:21,0
DA:31,0
DA:33,0
DA:34,0
DA:35,0
DA:41,0
DA:43,0
DA:44,0
DA:45,0
DA:51,0
DA:53,0
DA:58,1
DA:59,0
DA:60,0
DA:63,0
DA:64,0
DA:67,0
DA:68,0
DA:74,0
DA:75,0
DA:80,0
DA:87,0
LF:32
LH:8
BRDA:15,0,0,0
BRDA:15,0,1,0
BRDA:34,1,0,0
BRDA:44,2,0,0
BRDA:63,3,0,0
BRDA:67,4,0,0
BRDA:67,4,1,0
BRDA:74,5,0,0
BRDA:74,5,1,0
BRF:9
BRH:0
end_of_record
TN:
SF:Routes/Articles/createArticle.ts
FNF:0
FNH:0
DA:1,1
DA:2,1
DA:6,1
DA:7,1
DA:11,1
DA:13,1
DA:29,1
LF:7
LH:7
BRF:0
BRH:0
end_of_record
TN:
SF:Routes/Articles/deleteArticle.ts
FNF:0
FNH:0
DA:1,1
DA:2,1
DA:4,1
DA:8,1
DA:10,1
DA:24,1
LF:6
LH:6
BRF:0
BRH:0
end_of_record
TN:
SF:Routes/Articles/getArticles.ts
FNF:0
FNH:0
DA:1,1
DA:4,1
DA:8,1
DA:10,1
DA:24,1
LF:5
LH:5
BRF:0
BRH:0
end_of_record
TN:
SF:Routes/Auth/deleteAccount.ts
FNF:0
FNH:0
DA:1,1
DA:2,1
DA:3,1
DA:4,1
DA:8,1
DA:10,1
DA:25,1
LF:7
LH:7
BRF:0
BRH:0
end_of_record
TN:
SF:Routes/Auth/index.ts
FNF:0
FNH:0
DA:1,1
DA:2,1
DA:3,1
DA:4,1
DA:6,1
LF:5
LH:5
BRF:0
BRH:0
end_of_record
TN:
SF:Routes/Auth/login.ts
FNF:0
FNH:0
DA:2,1
DA:3,1
DA:4,1
DA:5,1
DA:6,1
DA:8,1
DA:20,1
LF:7
LH:7
BRF:0
BRH:0
end_of_record
TN:
SF:Routes/Auth/refreshAccessToken.ts
FNF:0
FNH:0
DA:2,1
DA:5,1
DA:6,1
DA:8,1
DA:18,1
LF:5
LH:5
BRF:0
BRH:0
end_of_record
TN:
SF:Routes/Auth/register.ts
FNF:0
FNH:0
DA:2,1
DA:3,1
DA:4,1
DA:5,1
DA:6,1
DA:8,1
DA:20,1
LF:7
LH:7
BRF:0
BRH:0
end_of_record
TN:
SF:Routes/Auth/resetPassword.ts
FNF:0
FNH:0
DA:2,1
DA:4,1
DA:5,1
DA:6,1
DA:8,1
DA:19,1
LF:6
LH:6
BRF:0
BRH:0
end_of_record
